----------
cgre0029 feedback - 2023-03-07 17-05-16
Tests:
	Diophantine test 1 (Make Test): 0
	Diophantine test 2 (No valid solutions): 0
	Diophantine test 3 (1 valid solution): 0
	Diophantine test 4 (4 valid solutions): 0
	Diophantine test 5 (9 valid solutions): 0
	Bee Count test 1 (Make Test): 0
	Bee Count test 2 (Original Text): 0
	Bee Count test 3 (Internal Text): 0
	Bee Removal test 1 (Make Test): 0
	Bee Removal test 2 (Original Text): 0
	Bee Removal test 3 (Internal Text): 0
	Word Count test 1 (Make Test): 0
	Word Count test 2 (Internal Text): 0
	Word Count test 3 (Internal Text): 0
	Word Count test 4 (Internal Text): 0
	Word Count test 5 (Internal Text with no occurrences): 0
Total:0.0/16.0
Comments:
	diophantine.c was not found
	bee_count.c was not found
	bee_removal.c was not found
	word_count.c was not found
----------
cgre0029 feedback - 2023-03-12 13-32-54
Tests:
	Diophantine test 1 (Make Test): 0
	Diophantine test 2 (No valid solutions): 0
	Diophantine test 3 (1 valid solution): 0
	Diophantine test 4 (4 valid solutions): 0
	Diophantine test 5 (9 valid solutions): 0
	Bee Count test 1 (Make Test): 0
	Bee Count test 2 (Original Text): 0
	Bee Count test 3 (Internal Text): 0
	Bee Removal test 1 (Make Test): 0
	Bee Removal test 2 (Original Text): 0
	Bee Removal test 3 (Internal Text): 0
	Word Count test 1 (Make Test): 0
	Word Count test 2 (Internal Text): 0
	Word Count test 3 (Internal Text): 0
	Word Count test 4 (Internal Text): 0
	Word Count test 5 (Internal Text with no occurrences): 0
Total:0.0/16.0
Comments:
	diophantine.c was not found
	bee_count.c was not found
	bee_removal.c was not found
	word_count.c was not found
----------
cgre0029 feedback - 2023-03-12 14-01-56
Tests:
	Diophantine test 1 (Make Test): 1
	Diophantine test 2 (No valid solutions): 1
	Diophantine test 3 (1 valid solution): 1
	Diophantine test 4 (4 valid solutions): 1
	Diophantine test 5 (9 valid solutions): 1
	Bee Count test 1 (Make Test): 0
	Bee Count test 2 (Original Text): 0
	Bee Count test 3 (Internal Text): 0
	Bee Removal test 1 (Make Test): 0
	Bee Removal test 2 (Original Text): 0
	Bee Removal test 3 (Internal Text): 0
	Word Count test 1 (Make Test): 0
	Word Count test 2 (Internal Text): 0
	Word Count test 3 (Internal Text): 0
	Word Count test 4 (Internal Text): 0
	Word Count test 5 (Internal Text with no occurrences): 0
Total:5.0/16.0
Comments:
	bee_count.c was not found
	bee_removal.c was not found
	word_count.c was not found
----------
cgre0029 feedback - 2023-03-13 10-47-05
Tests:
	Diophantine test 1 (Make Test): 1
	Diophantine test 2 (No valid solutions): 1
	Diophantine test 3 (1 valid solution): 1
	Diophantine test 4 (4 valid solutions): 1
	Diophantine test 5 (9 valid solutions): 1
	Bee Count test 1 (Make Test): 0
	Bee Count test 2 (Original Text): 0
	Bee Count test 3 (Internal Text): 0
	Bee Removal test 1 (Make Test): 0
	Bee Removal test 2 (Original Text): 0
	Bee Removal test 3 (Internal Text): 0
	Word Count test 1 (Make Test): 0
	Word Count test 2 (Internal Text): 0
	Word Count test 3 (Internal Text): 0
	Word Count test 4 (Internal Text): 0
	Word Count test 5 (Internal Text with no occurrences): 0
Total:5.0/16.0
Comments:
	bee_count.c did not compile
	bee_removal.c was not found
	word_count.c was not found
----------
cgre0029 feedback - 2023-03-13 11-17-31
Tests:
	Diophantine test 1 (Make Test): 1
	Diophantine test 2 (No valid solutions): 1
	Diophantine test 3 (1 valid solution): 1
	Diophantine test 4 (4 valid solutions): 1
	Diophantine test 5 (9 valid solutions): 1
	Bee Count test 1 (Make Test): 1
	Bee Count test 2 (Original Text): 0
	Bee Count test 3 (Internal Text): 0
	Bee Removal test 1 (Make Test): 0
	Bee Removal test 2 (Original Text): 0
	Bee Removal test 3 (Internal Text): 0
	Word Count test 1 (Make Test): 0
	Word Count test 2 (Internal Text): 0
	Word Count test 3 (Internal Text): 0
	Word Count test 4 (Internal Text): 0
	Word Count test 5 (Internal Text with no occurrences): 0
Total:6.0/16.0
Comments:
	bee_removal.c was not found
	word_count.c was not found
----------
cgre0029 feedback - 2023-03-14 06-42-53
Tests:
	Diophantine test 1 (Make Test): 1
	Diophantine test 2 (No valid solutions): 1
	Diophantine test 3 (1 valid solution): 1
	Diophantine test 4 (4 valid solutions): 1
	Diophantine test 5 (9 valid solutions): 1
	Bee Count test 1 (Make Test): 1
	Bee Count test 2 (Original Text): 0
	Bee Count test 3 (Internal Text): 0
	Bee Removal test 1 (Make Test): 0
	Bee Removal test 2 (Original Text): 0
	Bee Removal test 3 (Internal Text): 0
	Word Count test 1 (Make Test): 0
	Word Count test 2 (Internal Text): 0
	Word Count test 3 (Internal Text): 0
	Word Count test 4 (Internal Text): 0
	Word Count test 5 (Internal Text with no occurrences): 0
Total:6.0/16.0
Comments:
	bee_removal.c was not found
	word_count.c was not found
----------
cgre0029 feedback - 2023-03-14 07-10-27
Tests:
	Diophantine test 1 (Make Test): 1
	Diophantine test 2 (No valid solutions): 1
	Diophantine test 3 (1 valid solution): 1
	Diophantine test 4 (4 valid solutions): 1
	Diophantine test 5 (9 valid solutions): 1
	Bee Count test 1 (Make Test): 1
	Bee Count test 2 (Original Text): 0
	Bee Count test 3 (Internal Text): 0
	Bee Removal test 1 (Make Test): 0
	Bee Removal test 2 (Original Text): 0
	Bee Removal test 3 (Internal Text): 0
	Word Count test 1 (Make Test): 0
	Word Count test 2 (Internal Text): 0
	Word Count test 3 (Internal Text): 0
	Word Count test 4 (Internal Text): 0
	Word Count test 5 (Internal Text with no occurrences): 0
Total:6.0/16.0
Comments:
	bee_removal.c was not found
	word_count.c was not found
----------
cgre0029 feedback - 2023-03-14 07-37-25
Tests:
	Diophantine test 1 (Make Test): 1
	Diophantine test 2 (No valid solutions): 1
	Diophantine test 3 (1 valid solution): 1
	Diophantine test 4 (4 valid solutions): 1
	Diophantine test 5 (9 valid solutions): 1
	Bee Count test 1 (Make Test): 1
	Bee Count test 2 (Original Text): 0
	Bee Count test 3 (Internal Text): 0
	Bee Removal test 1 (Make Test): 0
	Bee Removal test 2 (Original Text): 0
	Bee Removal test 3 (Internal Text): 0
	Word Count test 1 (Make Test): 0
	Word Count test 2 (Internal Text): 0
	Word Count test 3 (Internal Text): 0
	Word Count test 4 (Internal Text): 0
	Word Count test 5 (Internal Text with no occurrences): 0
Total:6.0/16.0
Comments:
	bee_removal.c was not found
	word_count.c was not found
----------
cgre0029 feedback - 2023-03-14 08-36-45
Tests:
	Diophantine test 1 (Make Test): 1
	Diophantine test 2 (No valid solutions): 1
	Diophantine test 3 (1 valid solution): 1
	Diophantine test 4 (4 valid solutions): 1
	Diophantine test 5 (9 valid solutions): 1
	Bee Count test 1 (Make Test): 1
	Bee Count test 2 (Original Text): 0
	Bee Count test 3 (Internal Text): 0
	Bee Removal test 1 (Make Test): 0
	Bee Removal test 2 (Original Text): 0
	Bee Removal test 3 (Internal Text): 0
	Word Count test 1 (Make Test): 0
	Word Count test 2 (Internal Text): 0
	Word Count test 3 (Internal Text): 0
	Word Count test 4 (Internal Text): 0
	Word Count test 5 (Internal Text with no occurrences): 0
Total:6.0/16.0
Comments:
	bee_removal.c was not found
	word_count.c was not found
----------
cgre0029 feedback - 2023-03-14 09-07-01
Tests:
	Diophantine test 1 (Make Test): 1
	Diophantine test 2 (No valid solutions): 1
	Diophantine test 3 (1 valid solution): 1
	Diophantine test 4 (4 valid solutions): 1
	Diophantine test 5 (9 valid solutions): 1
	Bee Count test 1 (Make Test): 1
	Bee Count test 2 (Original Text): 0
	Bee Count test 3 (Internal Text): 0
	Bee Removal test 1 (Make Test): 1
	Bee Removal test 2 (Original Text): 0.0
	Bee Removal test 3 (Internal Text): 0.0
	Word Count test 1 (Make Test): 0
	Word Count test 2 (Internal Text): 0
	Word Count test 3 (Internal Text): 0
	Word Count test 4 (Internal Text): 0
	Word Count test 5 (Internal Text with no occurrences): 0
Total:7.0/16.0
Comments:
	word_count.c was not found
----------
cgre0029 feedback - 2023-03-14 09-34-47
Tests:
	Diophantine test 1 (Make Test): 1
	Diophantine test 2 (No valid solutions): 1
	Diophantine test 3 (1 valid solution): 1
	Diophantine test 4 (4 valid solutions): 1
	Diophantine test 5 (9 valid solutions): 1
	Bee Count test 1 (Make Test): 1
	Bee Count test 2 (Original Text): 0
	Bee Count test 3 (Internal Text): 0
	Bee Removal test 1 (Make Test): 1
	Bee Removal test 2 (Original Text): 0.07672385885399806
	Bee Removal test 3 (Internal Text): 0.0
	Word Count test 1 (Make Test): 1
	Word Count test 2 (Internal Text): 0
	Word Count test 3 (Internal Text): 0
	Word Count test 4 (Internal Text): 0
	Word Count test 5 (Internal Text with no occurrences): 1
Total:9.076723858853999/16.0
----------
cgre0029 feedback - 2023-03-14 10-06-27
Tests:
	Diophantine test 1 (Make Test): 1
	Diophantine test 2 (No valid solutions): 1
	Diophantine test 3 (1 valid solution): 1
	Diophantine test 4 (4 valid solutions): 1
	Diophantine test 5 (9 valid solutions): 1
	Bee Count test 1 (Make Test): 1
	Bee Count test 2 (Original Text): 0
	Bee Count test 3 (Internal Text): 0
	Bee Removal test 1 (Make Test): 1
	Bee Removal test 2 (Original Text): 0.07672385885399806
	Bee Removal test 3 (Internal Text): 0.0
	Word Count test 1 (Make Test): 1
	Word Count test 2 (Internal Text): 1
	Word Count test 3 (Internal Text): 0
	Word Count test 4 (Internal Text): 1
	Word Count test 5 (Internal Text with no occurrences): 1
Total:11.076723858853999/16.0
----------
cgre0029 feedback - 2023-03-18 18-29-16
Tests:
	Diophantine test 1 (Make Test): 1
	Diophantine test 2 (No valid solutions): 1
	Diophantine test 3 (1 valid solution): 1
	Diophantine test 4 (4 valid solutions): 1
	Diophantine test 5 (9 valid solutions): 1
	Bee Count test 1 (Make Test): 1
	Bee Count test 2 (Original Text): 0
	Bee Count test 3 (Internal Text): 0
	Bee Removal test 1 (Make Test): 1
	Bee Removal test 2 (Original Text): 0.08
	Bee Removal test 3 (Internal Text): 0.0
	Word Count test 1 (Make Test): 1
	Word Count test 2 (Internal Text): 1
	Word Count test 3 (Internal Text): 0
	Word Count test 4 (Internal Text): 1
	Word Count test 5 (Internal Text with no occurrences): 1
Total:11.08/16.0
