----------
cgre0029 feedback - 2023-04-04 21-56-46
----- Simple Bubble Sort Tests -----
	Tests:
		Test 1 failed
			Input: 30 108 -193 279 183 -317 250 -179 -36 7 45 34 398 169 -435 -213 112 -293 106 -261 113 258 119 64 33 367 -269 251 -343 108 201
			Output: -435 -343 -317 -293 -269 -261 -213 -193 -179 -36 7 30 33 34 45 64 106 108 108 112 113 119 169 183 201 250 251 258 279 367 398
			Expected: -435 -343 -317 -293 -269 -261 -213 -193 -179 -36 7 33 34 45 64 106 108 108 112 113 119 169 183 201 250 251 258 279 367 398
----- Complex Bubble Sort Tests -----
	Tests:
		Test 1 passed
		Test 2 passed
----- Component Database Tests -----
	Tests:
		Test 1 passed (insert and search)
		Test 2 passed (insert and print)
		Test 3 passed (insert, update price, and print)
		Test 4 failed (insert, remove leaf and print)
			Input:
				insert my10 120 R 59 0.5
				insert my5 120 R 59 0.5
				insert my15 120 R 59 0.5
				insert my4 120 R 59 0.5
				insert my6 120 R 59 0.5
				insert my14 120 R 59 0.5
				insert my16 120 R 59 0.5
				insert my17 120 R 59 0.5
				remove my17 120 R 59
				print
				quit
			Output:
				Enter your command: Enter your command: Enter your command: Enter your command: Enter your command: Enter your command: Enter your command: Enter your command: Enter your command: Enter your command: Component: my10 120 R, quantity: 59, price: 0.50
				Component: my14 120 R, quantity: 59, price: 0.50
				Component: my15 120 R, quantity: 59, price: 0.50
				Component: my16 120 R, quantity: 59, price: 0.50
				Component: my4 120 R, quantity: 59, price: 0.50
				Component: my5 120 R, quantity: 59, price: 0.50
				Component: my6 120 R, quantity: 59, price: 0.50
				Enter your command:
			Expected:
				Component: my10 120 R, quantity: 59, price: 0.50
				Component: my14 120 R, quantity: 59, price: 0.50
				Component: my15 120 R, quantity: 59, price: 0.50
				Component: my17 120 R, quantity: 59, price: 0.50
				Component: my4 120 R, quantity: 59, price: 0.50
				Component: my5 120 R, quantity: 59, price: 0.50
				Component: my6 120 R, quantity: 59, price: 0.50
		Test 5 failed (insert, remove node with single child, and print)
			Input:
				insert my10 120 R 59 0.5
				insert my5 120 R 59 0.5
				insert my15 120 R 59 0.5
				insert my4 120 R 59 0.5
				insert my6 120 R 59 0.5
				insert my14 120 R 59 0.5
				insert my16 120 R 59 0.5
				insert my17 120 R 59 0.5
				remove my16 120 R 59
				print
				quit
			Output:
				Enter your command: Enter your command: Enter your command: Enter your command: Enter your command: Enter your command: Enter your command: Enter your command: Enter your command: Enter your command: Component: my10 120 R, quantity: 59, price: 0.50
				Component: my14 120 R, quantity: 59, price: 0.50
				Component: my15 120 R, quantity: 59, price: 0.50
				Component: my4 120 R, quantity: 59, price: 0.50
				Component: my5 120 R, quantity: 59, price: 0.50
				Component: my6 120 R, quantity: 59, price: 0.50
				Enter your command:
			Expected:
				Component: my10 120 R, quantity: 59, price: 0.50
				Component: my14 120 R, quantity: 59, price: 0.50
				Component: my15 120 R, quantity: 59, price: 0.50
				Component: my17 120 R, quantity: 59, price: 0.50
				Component: my4 120 R, quantity: 59, price: 0.50
				Component: my5 120 R, quantity: 59, price: 0.50
				Component: my6 120 R, quantity: 59, price: 0.50
		Test 6 failed (insert, remove node with 2 children, and print)
			Input:
				insert my10 120 R 59 0.5
				insert my5 120 R 59 0.5
				insert my15 120 R 59 0.5
				insert my4 120 R 59 0.5
				insert my6 120 R 59 0.5
				insert my14 120 R 59 0.5
				insert my16 120 R 59 0.5
				insert my17 120 R 59 0.5
				remove my10 120 R 59
				print
				quit
			Output:
				Enter your command: Enter your command: Enter your command: Enter your command: Enter your command: Enter your command: Enter your command: Enter your command: Enter your command: Enter your command: Enter your command:
			Expected:
				Component: my14 120 R, quantity: 59, price: 0.50
				Component: my15 120 R, quantity: 59, price: 0.50
				Component: my16 120 R, quantity: 59, price: 0.50
				Component: my17 120 R, quantity: 59, price: 0.50
				Component: my4 120 R, quantity: 59, price: 0.50
				Component: my5 120 R, quantity: 59, price: 0.50
				Component: my6 120 R, quantity: 59, price: 0.50
		Test 7 failed (insert and export)
			Input:
				insert Resistor 330 M 123 0.15
				insert Resistor 120 R 59 0.5
				export components.txt
				quit
			Output (in components.txt):
				Resistor 330 M 123 0.150000
				Resistor 120 R 59 0.500000
			Expected in components.txt:
				Component: Resistor 330 M, quantity: 123, price: 0.15
				Component: Resistor 120 R, quantity: 59, price: 0.50
Total: 9.0/13.0
----------
cgre0029 feedback - 2023-04-04 21-36-14
----- Simple Bubble Sort Tests -----
	Tests:
		Test 1 failed
			Input: 30 108 -193 279 183 -317 250 -179 -36 7 45 34 398 169 -435 -213 112 -293 106 -261 113 258 119 64 33 367 -269 251 -343 108 201
			Output: -435 -343 -317 -293 -269 -261 -213 -193 -179 -36 7 30 33 34 45 64 106 108 108 112 113 119 169 183 201 250 251 258 279 367 398
			Expected: -435 -343 -317 -293 -269 -261 -213 -193 -179 -36 7 33 34 45 64 106 108 108 112 113 119 169 183 201 250 251 258 279 367 398
----- Complex Bubble Sort Tests -----
	Tests:
		Test 1 passed
		Test 2 passed
----- Component Database Tests -----
	Tests:
		Test 1 passed (insert and search)
		Test 2 passed (insert and print)
		Test 3 passed (insert, update price, and print)
		Test 4 failed (insert, remove leaf and print)
			Input:
				insert my10 120 R 59 0.5
				insert my5 120 R 59 0.5
				insert my15 120 R 59 0.5
				insert my4 120 R 59 0.5
				insert my6 120 R 59 0.5
				insert my14 120 R 59 0.5
				insert my16 120 R 59 0.5
				insert my17 120 R 59 0.5
				remove my17 120 R 59
				print
				quit
			Output:
				Enter your command: Enter your command: Enter your command: Enter your command: Enter your command: Enter your command: Enter your command: Enter your command: Enter your command: Enter your command: Component: my10 120 R, quantity: 59, price: 0.50
				Component: my14 120 R, quantity: 59, price: 0.50
				Component: my15 120 R, quantity: 59, price: 0.50
				Component: my16 120 R, quantity: 59, price: 0.50
				Component: my4 120 R, quantity: 59, price: 0.50
				Component: my5 120 R, quantity: 59, price: 0.50
				Component: my6 120 R, quantity: 59, price: 0.50
				Enter your command:
			Expected:
				Component: my10 120 R, quantity: 59, price: 0.50
				Component: my14 120 R, quantity: 59, price: 0.50
				Component: my15 120 R, quantity: 59, price: 0.50
				Component: my17 120 R, quantity: 59, price: 0.50
				Component: my4 120 R, quantity: 59, price: 0.50
				Component: my5 120 R, quantity: 59, price: 0.50
				Component: my6 120 R, quantity: 59, price: 0.50
		Test 5 failed (insert, remove node with single child, and print)
			Input:
				insert my10 120 R 59 0.5
				insert my5 120 R 59 0.5
				insert my15 120 R 59 0.5
				insert my4 120 R 59 0.5
				insert my6 120 R 59 0.5
				insert my14 120 R 59 0.5
				insert my16 120 R 59 0.5
				insert my17 120 R 59 0.5
				remove my16 120 R 59
				print
				quit
			Output:
				Enter your command: Enter your command: Enter your command: Enter your command: Enter your command: Enter your command: Enter your command: Enter your command: Enter your command: Enter your command: Component: my10 120 R, quantity: 59, price: 0.50
				Component: my14 120 R, quantity: 59, price: 0.50
				Component: my15 120 R, quantity: 59, price: 0.50
				Component: my4 120 R, quantity: 59, price: 0.50
				Component: my5 120 R, quantity: 59, price: 0.50
				Component: my6 120 R, quantity: 59, price: 0.50
				Enter your command:
			Expected:
				Component: my10 120 R, quantity: 59, price: 0.50
				Component: my14 120 R, quantity: 59, price: 0.50
				Component: my15 120 R, quantity: 59, price: 0.50
				Component: my17 120 R, quantity: 59, price: 0.50
				Component: my4 120 R, quantity: 59, price: 0.50
				Component: my5 120 R, quantity: 59, price: 0.50
				Component: my6 120 R, quantity: 59, price: 0.50
		Test 6 failed (insert, remove node with 2 children, and print)
			Input:
				insert my10 120 R 59 0.5
				insert my5 120 R 59 0.5
				insert my15 120 R 59 0.5
				insert my4 120 R 59 0.5
				insert my6 120 R 59 0.5
				insert my14 120 R 59 0.5
				insert my16 120 R 59 0.5
				insert my17 120 R 59 0.5
				remove my10 120 R 59
				print
				quit
			Output:
				Enter your command: Enter your command: Enter your command: Enter your command: Enter your command: Enter your command: Enter your command: Enter your command: Enter your command: Enter your command: Enter your command:
			Expected:
				Component: my14 120 R, quantity: 59, price: 0.50
				Component: my15 120 R, quantity: 59, price: 0.50
				Component: my16 120 R, quantity: 59, price: 0.50
				Component: my17 120 R, quantity: 59, price: 0.50
				Component: my4 120 R, quantity: 59, price: 0.50
				Component: my5 120 R, quantity: 59, price: 0.50
				Component: my6 120 R, quantity: 59, price: 0.50
		Test 7 failed (insert and export)
			Input:
				insert Resistor 330 M 123 0.15
				insert Resistor 120 R 59 0.5
				export components.txt
				quit
			Output (in components.txt):
				Resistor 330 M 123 0.150000
				Resistor 120 R 59 0.500000
			Expected in components.txt:
				Component: Resistor 330 M, quantity: 123, price: 0.15
				Component: Resistor 120 R, quantity: 59, price: 0.50
Total: 9.0/13.0
----------
cgre0029 feedback - 2023-03-31 14-54-42
----- Simple Bubble Sort Tests -----
	Tests:
		Test 1 failed
			Input: 30 108 -193 279 183 -317 250 -179 -36 7 45 34 398 169 -435 -213 112 -293 106 -261 113 258 119 64 33 367 -269 251 -343 108 201
			Output: -435 -343 -317 -293 -269 -261 -213 -193 -179 -36 7 30 33 34 45 64 106 108 108 112 113 119 169 183 201 250 251 258 279 367 398
			Expected: -435 -343 -317 -293 -269 -261 -213 -193 -179 -36 7 33 34 45 64 106 108 108 112 113 119 169 183 201 250 251 258 279 367 398
----- Complex Bubble Sort Tests -----
	Tests:
		Test 1 passed
		Test 2 passed
----- Component Database Tests -----
	binary_search_database.c was not found
	Tests:
		Test 1 failed (insert and search)
			Input:
				insert Resistor 120 R 59 0.5
				insert Resistor 330 R 100 0.5
				search Resistor 120 R
				quit
			Output:
				
			Expected: Component: Resistor 120 R, quantity: 59, price: 0.50
		Test 2 failed (insert and print)
			Input:
				insert Resistor 120 R 59 0.5
				insert Resistor 330 R 100 0.5
				print
				quit
			Output:
				
			Expected:
				Component: Resistor 120 R, quantity: 59, price: 0.50
				Component: Resistor 330 R, quantity: 100, price: 0.50
		Test 3 failed (insert, update price, and print)
			Input:
				insert Resistor 120 R 59 0.5
				insert Resistor 120 R 10 0.4
				print
				quit
			Output:
				
			Expected: Component: Resistor 120 R, quantity: 69, price: 0.40
		Test 4 failed (insert, remove leaf and print)
			Input:
				insert my10 120 R 59 0.5
				insert my5 120 R 59 0.5
				insert my15 120 R 59 0.5
				insert my4 120 R 59 0.5
				insert my6 120 R 59 0.5
				insert my14 120 R 59 0.5
				insert my16 120 R 59 0.5
				insert my17 120 R 59 0.5
				remove my17 120 R 59
				print
				quit
			Output:
				
			Expected:
				Component: my4 120 R, quantity: 59, price: 0.50
				Component: my5 120 R, quantity: 59, price: 0.50
				Component: my6 120 R, quantity: 59, price: 0.50
				Component: my10 120 R, quantity: 59, price: 0.50
				Component: my14 120 R, quantity: 59, price: 0.50
				Component: my15 120 R, quantity: 59, price: 0.50
				Component: my16 120 R, quantity: 59, price: 0.50
		Test 5 failed (insert, remove node with single child, and print)
			Input:
				insert my10 120 R 59 0.5
				insert my5 120 R 59 0.5
				insert my15 120 R 59 0.5
				insert my4 120 R 59 0.5
				insert my6 120 R 59 0.5
				insert my14 120 R 59 0.5
				insert my16 120 R 59 0.5
				insert my17 120 R 59 0.5
				remove my16 120 R 59
				print
				quit
			Output:
				
			Expected:
				Component: my4 120 R, quantity: 59, price: 0.50
				Component: my5 120 R, quantity: 59, price: 0.50
				Component: my6 120 R, quantity: 59, price: 0.50
				Component: my10 120 R, quantity: 59, price: 0.50
				Component: my14 120 R, quantity: 59, price: 0.50
				Component: my15 120 R, quantity: 59, price: 0.50
				Component: my17 120 R, quantity: 59, price: 0.50
		Test 6 failed (insert, remove node with 2 children, and print)
			Input:
				insert my10 120 R 59 0.5
				insert my5 120 R 59 0.5
				insert my15 120 R 59 0.5
				insert my4 120 R 59 0.5
				insert my6 120 R 59 0.5
				insert my14 120 R 59 0.5
				insert my16 120 R 59 0.5
				insert my17 120 R 59 0.5
				remove my10 120 R 59
				print
				quit
			Output:
				
			Expected:
				Component: my4 120 R, quantity: 59, price: 0.50
				Component: my5 120 R, quantity: 59, price: 0.50
				Component: my6 120 R, quantity: 59, price: 0.50
				Component: my14 120 R, quantity: 59, price: 0.50
				Component: my15 120 R, quantity: 59, price: 0.50
				Component: my16 120 R, quantity: 59, price: 0.50
				Component: my17 120 R, quantity: 59, price: 0.50
		Test 7 failed (insert and export)
			Input:
				insert Resistor 330 M 123 0.15
				insert Resistor 120 R 59 0.5
				export components.txt
				quit
			Output (in components.txt):
				File not found
			Expected in components.txt:
				Component: Resistor 330 M, quantity: 123, price: 0.15
				Component: Resistor 120 R, quantity: 59, price: 0.50
Total: 4.0/13.0
----------
cgre0029 feedback - 2023-03-31 14-34-45
----- Simple Bubble Sort Tests -----
	Tests:
		Test 1 failed
			Input: 30 108 -193 279 183 -317 250 -179 -36 7 45 34 398 169 -435 -213 112 -293 106 -261 113 258 119 64 33 367 -269 251 -343 108 201
			Output: -435 -343 -317 -293 -269 -261 -213 -193 -179 -36 7 30 33 34 45 64 106 108 108 112 113 119 169 183 201 250 251 258 279 367 398
			Expected: -435 -343 -317 -293 -269 -261 -213 -193 -179 -36 7 33 34 45 64 106 108 108 112 113 119 169 183 201 250 251 258 279 367 398
----- Complex Bubble Sort Tests -----
	Tests:
		Test 1 passed
		Test 2 passed
----- Component Database Tests -----
	binary_search_database.c was not found
	Tests:
		Test 1 failed (insert and search)
			Input:
				insert Resistor 120 R 59 0.5
				insert Resistor 330 R 100 0.5
				search Resistor 120 R
				quit
			Output:
				
			Expected: Component: Resistor 120 R, quantity: 59, price: 0.50
		Test 2 failed (insert and print)
			Input:
				insert Resistor 120 R 59 0.5
				insert Resistor 330 R 100 0.5
				print
				quit
			Output:
				
			Expected:
				Component: Resistor 120 R, quantity: 59, price: 0.50
				Component: Resistor 330 R, quantity: 100, price: 0.50
		Test 3 failed (insert, update price, and print)
			Input:
				insert Resistor 120 R 59 0.5
				insert Resistor 120 R 10 0.4
				print
				quit
			Output:
				
			Expected: Component: Resistor 120 R, quantity: 69, price: 0.40
		Test 4 failed (insert, remove leaf and print)
			Input:
				insert my10 120 R 59 0.5
				insert my5 120 R 59 0.5
				insert my15 120 R 59 0.5
				insert my4 120 R 59 0.5
				insert my6 120 R 59 0.5
				insert my14 120 R 59 0.5
				insert my16 120 R 59 0.5
				insert my17 120 R 59 0.5
				remove my17 120 R 59
				print
				quit
			Output:
				
			Expected:
				Component: my4 120 R, quantity: 59, price: 0.50
				Component: my5 120 R, quantity: 59, price: 0.50
				Component: my6 120 R, quantity: 59, price: 0.50
				Component: my10 120 R, quantity: 59, price: 0.50
				Component: my14 120 R, quantity: 59, price: 0.50
				Component: my15 120 R, quantity: 59, price: 0.50
				Component: my16 120 R, quantity: 59, price: 0.50
		Test 5 failed (insert, remove node with single child, and print)
			Input:
				insert my10 120 R 59 0.5
				insert my5 120 R 59 0.5
				insert my15 120 R 59 0.5
				insert my4 120 R 59 0.5
				insert my6 120 R 59 0.5
				insert my14 120 R 59 0.5
				insert my16 120 R 59 0.5
				insert my17 120 R 59 0.5
				remove my16 120 R 59
				print
				quit
			Output:
				
			Expected:
				Component: my4 120 R, quantity: 59, price: 0.50
				Component: my5 120 R, quantity: 59, price: 0.50
				Component: my6 120 R, quantity: 59, price: 0.50
				Component: my10 120 R, quantity: 59, price: 0.50
				Component: my14 120 R, quantity: 59, price: 0.50
				Component: my15 120 R, quantity: 59, price: 0.50
				Component: my17 120 R, quantity: 59, price: 0.50
		Test 6 failed (insert, remove node with 2 children, and print)
			Input:
				insert my10 120 R 59 0.5
				insert my5 120 R 59 0.5
				insert my15 120 R 59 0.5
				insert my4 120 R 59 0.5
				insert my6 120 R 59 0.5
				insert my14 120 R 59 0.5
				insert my16 120 R 59 0.5
				insert my17 120 R 59 0.5
				remove my10 120 R 59
				print
				quit
			Output:
				
			Expected:
				Component: my4 120 R, quantity: 59, price: 0.50
				Component: my5 120 R, quantity: 59, price: 0.50
				Component: my6 120 R, quantity: 59, price: 0.50
				Component: my14 120 R, quantity: 59, price: 0.50
				Component: my15 120 R, quantity: 59, price: 0.50
				Component: my16 120 R, quantity: 59, price: 0.50
				Component: my17 120 R, quantity: 59, price: 0.50
		Test 7 failed (insert and export)
			Input:
				insert Resistor 330 M 123 0.15
				insert Resistor 120 R 59 0.5
				export components.txt
				quit
			Output (in components.txt):
				File not found
			Expected in components.txt:
				Component: Resistor 330 M, quantity: 123, price: 0.15
				Component: Resistor 120 R, quantity: 59, price: 0.50
Total: 4.0/13.0
----------
cgre0029 feedback - 2023-03-31 14-10-45
----- Simple Bubble Sort Tests -----
	Tests:
		Test 1 failed
			Input: 30 108 -193 279 183 -317 250 -179 -36 7 45 34 398 169 -435 -213 112 -293 106 -261 113 258 119 64 33 367 -269 251 -343 108 201
			Output: -435 -343 -317 -293 -269 -261 -213 -193 -179 -36 7 30 33 34 45 64 106 108 108 112 113 119 169 183 201 250 251 258 279 367 398
			Expected: -435 -343 -317 -293 -269 -261 -213 -193 -179 -36 7 33 34 45 64 106 108 108 112 113 119 169 183 201 250 251 258 279 367 398
----- Complex Bubble Sort Tests -----
	Tests:
		Test 1 passed
		Test 2 passed
----- Component Database Tests -----
	binary_search_database.c was not found
	Tests:
		Test 1 failed (insert and search)
			Input:
				insert Resistor 120 R 59 0.5
				insert Resistor 330 R 100 0.5
				search Resistor 120 R
				quit
			Output:
				
			Expected: Component: Resistor 120 R, quantity: 59, price: 0.50
		Test 2 failed (insert and print)
			Input:
				insert Resistor 120 R 59 0.5
				insert Resistor 330 R 100 0.5
				print
				quit
			Output:
				
			Expected:
				Component: Resistor 120 R, quantity: 59, price: 0.50
				Component: Resistor 330 R, quantity: 100, price: 0.50
		Test 3 failed (insert, update price, and print)
			Input:
				insert Resistor 120 R 59 0.5
				insert Resistor 120 R 10 0.4
				print
				quit
			Output:
				
			Expected: Component: Resistor 120 R, quantity: 69, price: 0.40
		Test 4 failed (insert, remove leaf and print)
			Input:
				insert my10 120 R 59 0.5
				insert my5 120 R 59 0.5
				insert my15 120 R 59 0.5
				insert my4 120 R 59 0.5
				insert my6 120 R 59 0.5
				insert my14 120 R 59 0.5
				insert my16 120 R 59 0.5
				insert my17 120 R 59 0.5
				remove my17 120 R 59
				print
				quit
			Output:
				
			Expected:
				Component: my4 120 R, quantity: 59, price: 0.50
				Component: my5 120 R, quantity: 59, price: 0.50
				Component: my6 120 R, quantity: 59, price: 0.50
				Component: my10 120 R, quantity: 59, price: 0.50
				Component: my14 120 R, quantity: 59, price: 0.50
				Component: my15 120 R, quantity: 59, price: 0.50
				Component: my16 120 R, quantity: 59, price: 0.50
		Test 5 failed (insert, remove node with single child, and print)
			Input:
				insert my10 120 R 59 0.5
				insert my5 120 R 59 0.5
				insert my15 120 R 59 0.5
				insert my4 120 R 59 0.5
				insert my6 120 R 59 0.5
				insert my14 120 R 59 0.5
				insert my16 120 R 59 0.5
				insert my17 120 R 59 0.5
				remove my16 120 R 59
				print
				quit
			Output:
				
			Expected:
				Component: my4 120 R, quantity: 59, price: 0.50
				Component: my5 120 R, quantity: 59, price: 0.50
				Component: my6 120 R, quantity: 59, price: 0.50
				Component: my10 120 R, quantity: 59, price: 0.50
				Component: my14 120 R, quantity: 59, price: 0.50
				Component: my15 120 R, quantity: 59, price: 0.50
				Component: my17 120 R, quantity: 59, price: 0.50
		Test 6 failed (insert, remove node with 2 children, and print)
			Input:
				insert my10 120 R 59 0.5
				insert my5 120 R 59 0.5
				insert my15 120 R 59 0.5
				insert my4 120 R 59 0.5
				insert my6 120 R 59 0.5
				insert my14 120 R 59 0.5
				insert my16 120 R 59 0.5
				insert my17 120 R 59 0.5
				remove my10 120 R 59
				print
				quit
			Output:
				
			Expected:
				Component: my4 120 R, quantity: 59, price: 0.50
				Component: my5 120 R, quantity: 59, price: 0.50
				Component: my6 120 R, quantity: 59, price: 0.50
				Component: my14 120 R, quantity: 59, price: 0.50
				Component: my15 120 R, quantity: 59, price: 0.50
				Component: my16 120 R, quantity: 59, price: 0.50
				Component: my17 120 R, quantity: 59, price: 0.50
		Test 7 failed (insert and export)
			Input:
				insert Resistor 330 M 123 0.15
				insert Resistor 120 R 59 0.5
				export components.txt
				quit
			Output (in components.txt):
				File not found
			Expected in components.txt:
				Component: Resistor 330 M, quantity: 123, price: 0.15
				Component: Resistor 120 R, quantity: 59, price: 0.50
Total: 4.0/13.0
----------
cgre0029 feedback - 2023-03-31 13-52-13
----- Simple Bubble Sort Tests -----
	Simple bubble sort program timed out
----- Complex Bubble Sort Tests -----
	Complex bubble sort program timed out
----- Component Database Tests -----
	binary_search_database.c was not found
	Tests:
		Test 1 failed (insert and search)
			Input:
				insert Resistor 120 R 59 0.5
				insert Resistor 330 R 100 0.5
				search Resistor 120 R
				quit
			Output:
				
			Expected: Component: Resistor 120 R, quantity: 59, price: 0.50
		Test 2 failed (insert and print)
			Input:
				insert Resistor 120 R 59 0.5
				insert Resistor 330 R 100 0.5
				print
				quit
			Output:
				
			Expected:
				Component: Resistor 120 R, quantity: 59, price: 0.50
				Component: Resistor 330 R, quantity: 100, price: 0.50
		Test 3 failed (insert, update price, and print)
			Input:
				insert Resistor 120 R 59 0.5
				insert Resistor 120 R 10 0.4
				print
				quit
			Output:
				
			Expected: Component: Resistor 120 R, quantity: 69, price: 0.40
		Test 4 failed (insert, remove leaf and print)
			Input:
				insert my10 120 R 59 0.5
				insert my5 120 R 59 0.5
				insert my15 120 R 59 0.5
				insert my4 120 R 59 0.5
				insert my6 120 R 59 0.5
				insert my14 120 R 59 0.5
				insert my16 120 R 59 0.5
				insert my17 120 R 59 0.5
				remove my17 120 R 59
				print
				quit
			Output:
				
			Expected:
				Component: my4 120 R, quantity: 59, price: 0.50
				Component: my5 120 R, quantity: 59, price: 0.50
				Component: my6 120 R, quantity: 59, price: 0.50
				Component: my10 120 R, quantity: 59, price: 0.50
				Component: my14 120 R, quantity: 59, price: 0.50
				Component: my15 120 R, quantity: 59, price: 0.50
				Component: my16 120 R, quantity: 59, price: 0.50
		Test 5 failed (insert, remove node with single child, and print)
			Input:
				insert my10 120 R 59 0.5
				insert my5 120 R 59 0.5
				insert my15 120 R 59 0.5
				insert my4 120 R 59 0.5
				insert my6 120 R 59 0.5
				insert my14 120 R 59 0.5
				insert my16 120 R 59 0.5
				insert my17 120 R 59 0.5
				remove my16 120 R 59
				print
				quit
			Output:
				
			Expected:
				Component: my4 120 R, quantity: 59, price: 0.50
				Component: my5 120 R, quantity: 59, price: 0.50
				Component: my6 120 R, quantity: 59, price: 0.50
				Component: my10 120 R, quantity: 59, price: 0.50
				Component: my14 120 R, quantity: 59, price: 0.50
				Component: my15 120 R, quantity: 59, price: 0.50
				Component: my17 120 R, quantity: 59, price: 0.50
		Test 6 failed (insert, remove node with 2 children, and print)
			Input:
				insert my10 120 R 59 0.5
				insert my5 120 R 59 0.5
				insert my15 120 R 59 0.5
				insert my4 120 R 59 0.5
				insert my6 120 R 59 0.5
				insert my14 120 R 59 0.5
				insert my16 120 R 59 0.5
				insert my17 120 R 59 0.5
				remove my10 120 R 59
				print
				quit
			Output:
				
			Expected:
				Component: my4 120 R, quantity: 59, price: 0.50
				Component: my5 120 R, quantity: 59, price: 0.50
				Component: my6 120 R, quantity: 59, price: 0.50
				Component: my14 120 R, quantity: 59, price: 0.50
				Component: my15 120 R, quantity: 59, price: 0.50
				Component: my16 120 R, quantity: 59, price: 0.50
				Component: my17 120 R, quantity: 59, price: 0.50
		Test 7 failed (insert and export)
			Input:
				insert Resistor 330 M 123 0.15
				insert Resistor 120 R 59 0.5
				export components.txt
				quit
			Output (in components.txt):
				File not found
			Expected in components.txt:
				Component: Resistor 330 M, quantity: 123, price: 0.15
				Component: Resistor 120 R, quantity: 59, price: 0.50
Total: 0.0/13.0
----------
cgre0029 feedback - 2023-03-30 17-47-35
----- Simple Bubble Sort Tests -----
	Simple bubble sort program timed out
----- Complex Bubble Sort Tests -----
	complex_bubble_sort.c was not found
	Tests:
		Test 1 failed
			Input: 5 6 108 -193 279 183 -317 250 -179 -36 7 45 34 398 169 -435 -213 112 -293 106 -261 113 258 119 64 33 367 -269 251 -343 108 201
			Output:
				
			Expected:
				-317 -193 108 183 250 279
				-179 -36 7 34 45 398
				-435 -293 -213 106 112 169
				-261 33 64 113 119 258
				-343 -269 108 201 251 367
		Test 2 failed
			Input: 3 23 -165 -345 -154 -381 462 -120 222 -57 369 314 -347 281 238 310 -275 163 -48 -346 126 -268 24 11 132 97 -181 -61 -449 -465 -130 -346 -109 -248 -469 220 -232 -370 -19 346 -59 416 -50 -93 382 -183 -49 -385 110 -4 -319 408 446 -329 -25 -319 462 399 127 -404 -373 391 256 361 96 467 95 216 -129 434 306
			Output:
				
			Expected:
				-381 -347 -346 -345 -275 -268 -165 -154 -120 -57 -48 11 24 126 132 163 222 238 281 310 314 369 462
				-469 -465 -449 -385 -370 -346 -248 -232 -183 -181 -130 -109 -93 -61 -59 -50 -49 -19 97 220 346 382 416
				-404 -373 -329 -319 -319 -129 -25 -4 95 96 110 127 216 256 306 361 391 399 408 434 446 462 467
----- Component Database Tests -----
	binary_search_database.c was not found
	Tests:
		Test 1 failed (insert and search)
			Input:
				insert Resistor 120 R 59 0.5
				insert Resistor 330 R 100 0.5
				search Resistor 120 R
				quit
			Output:
				
			Expected: Component: Resistor 120 R, quantity: 59, price: 0.50
		Test 2 failed (insert and print)
			Input:
				insert Resistor 120 R 59 0.5
				insert Resistor 330 R 100 0.5
				print
				quit
			Output:
				
			Expected:
				Component: Resistor 120 R, quantity: 59, price: 0.50
				Component: Resistor 330 R, quantity: 100, price: 0.50
		Test 3 failed (insert, update price, and print)
			Input:
				insert Resistor 120 R 59 0.5
				insert Resistor 120 R 10 0.4
				print
				quit
			Output:
				
			Expected: Component: Resistor 120 R, quantity: 69, price: 0.40
		Test 4 failed (insert, remove leaf and print)
			Input:
				insert my10 120 R 59 0.5
				insert my5 120 R 59 0.5
				insert my15 120 R 59 0.5
				insert my4 120 R 59 0.5
				insert my6 120 R 59 0.5
				insert my14 120 R 59 0.5
				insert my16 120 R 59 0.5
				insert my17 120 R 59 0.5
				remove my17 120 R 59
				print
				quit
			Output:
				
			Expected:
				Component: my4 120 R, quantity: 59, price: 0.50
				Component: my5 120 R, quantity: 59, price: 0.50
				Component: my6 120 R, quantity: 59, price: 0.50
				Component: my10 120 R, quantity: 59, price: 0.50
				Component: my14 120 R, quantity: 59, price: 0.50
				Component: my15 120 R, quantity: 59, price: 0.50
				Component: my16 120 R, quantity: 59, price: 0.50
		Test 5 failed (insert, remove node with single child, and print)
			Input:
				insert my10 120 R 59 0.5
				insert my5 120 R 59 0.5
				insert my15 120 R 59 0.5
				insert my4 120 R 59 0.5
				insert my6 120 R 59 0.5
				insert my14 120 R 59 0.5
				insert my16 120 R 59 0.5
				insert my17 120 R 59 0.5
				remove my16 120 R 59
				print
				quit
			Output:
				
			Expected:
				Component: my4 120 R, quantity: 59, price: 0.50
				Component: my5 120 R, quantity: 59, price: 0.50
				Component: my6 120 R, quantity: 59, price: 0.50
				Component: my10 120 R, quantity: 59, price: 0.50
				Component: my14 120 R, quantity: 59, price: 0.50
				Component: my15 120 R, quantity: 59, price: 0.50
				Component: my17 120 R, quantity: 59, price: 0.50
		Test 6 failed (insert, remove node with 2 children, and print)
			Input:
				insert my10 120 R 59 0.5
				insert my5 120 R 59 0.5
				insert my15 120 R 59 0.5
				insert my4 120 R 59 0.5
				insert my6 120 R 59 0.5
				insert my14 120 R 59 0.5
				insert my16 120 R 59 0.5
				insert my17 120 R 59 0.5
				remove my10 120 R 59
				print
				quit
			Output:
				
			Expected:
				Component: my4 120 R, quantity: 59, price: 0.50
				Component: my5 120 R, quantity: 59, price: 0.50
				Component: my6 120 R, quantity: 59, price: 0.50
				Component: my14 120 R, quantity: 59, price: 0.50
				Component: my15 120 R, quantity: 59, price: 0.50
				Component: my16 120 R, quantity: 59, price: 0.50
				Component: my17 120 R, quantity: 59, price: 0.50
		Test 7 failed (insert and export)
			Input:
				insert Resistor 330 M 123 0.15
				insert Resistor 120 R 59 0.5
				export components.txt
				quit
			Output (in components.txt):
				File not found
			Expected in components.txt:
				Component: Resistor 330 M, quantity: 123, price: 0.15
				Component: Resistor 120 R, quantity: 59, price: 0.50
Total: 0.0/13.0
----------
cgre0029 feedback - 2023-03-30 17-29-58
----- Simple Bubble Sort Tests -----
	Makefile did not correctly compile simple_bubble_sort.c (check where the output file is)
	Tests:
		Test 1 failed
			Input: 30 108 -193 279 183 -317 250 -179 -36 7 45 34 398 169 -435 -213 112 -293 106 -261 113 258 119 64 33 367 -269 251 -343 108 201
			Output: 
			Expected: -435 -343 -317 -293 -269 -261 -213 -193 -179 -36 7 33 34 45 64 106 108 108 112 113 119 169 183 201 250 251 258 279 367 398
----- Complex Bubble Sort Tests -----
	complex_bubble_sort.c was not found
	Tests:
		Test 1 failed
			Input: 5 6 108 -193 279 183 -317 250 -179 -36 7 45 34 398 169 -435 -213 112 -293 106 -261 113 258 119 64 33 367 -269 251 -343 108 201
			Output:
				
			Expected:
				-317 -193 108 183 250 279
				-179 -36 7 34 45 398
				-435 -293 -213 106 112 169
				-261 33 64 113 119 258
				-343 -269 108 201 251 367
		Test 2 failed
			Input: 3 23 -165 -345 -154 -381 462 -120 222 -57 369 314 -347 281 238 310 -275 163 -48 -346 126 -268 24 11 132 97 -181 -61 -449 -465 -130 -346 -109 -248 -469 220 -232 -370 -19 346 -59 416 -50 -93 382 -183 -49 -385 110 -4 -319 408 446 -329 -25 -319 462 399 127 -404 -373 391 256 361 96 467 95 216 -129 434 306
			Output:
				
			Expected:
				-381 -347 -346 -345 -275 -268 -165 -154 -120 -57 -48 11 24 126 132 163 222 238 281 310 314 369 462
				-469 -465 -449 -385 -370 -346 -248 -232 -183 -181 -130 -109 -93 -61 -59 -50 -49 -19 97 220 346 382 416
				-404 -373 -329 -319 -319 -129 -25 -4 95 96 110 127 216 256 306 361 391 399 408 434 446 462 467
----- Component Database Tests -----
	binary_search_database.c was not found
	Tests:
		Test 1 failed (insert and search)
			Input:
				insert Resistor 120 R 59 0.5
				insert Resistor 330 R 100 0.5
				search Resistor 120 R
				quit
			Output:
				
			Expected: Component: Resistor 120 R, quantity: 59, price: 0.50
		Test 2 failed (insert and print)
			Input:
				insert Resistor 120 R 59 0.5
				insert Resistor 330 R 100 0.5
				print
				quit
			Output:
				
			Expected:
				Component: Resistor 120 R, quantity: 59, price: 0.50
				Component: Resistor 330 R, quantity: 100, price: 0.50
		Test 3 failed (insert, update price, and print)
			Input:
				insert Resistor 120 R 59 0.5
				insert Resistor 120 R 10 0.4
				print
				quit
			Output:
				
			Expected: Component: Resistor 120 R, quantity: 69, price: 0.40
		Test 4 failed (insert, remove leaf and print)
			Input:
				insert my10 120 R 59 0.5
				insert my5 120 R 59 0.5
				insert my15 120 R 59 0.5
				insert my4 120 R 59 0.5
				insert my6 120 R 59 0.5
				insert my14 120 R 59 0.5
				insert my16 120 R 59 0.5
				insert my17 120 R 59 0.5
				remove my17 120 R 59
				print
				quit
			Output:
				
			Expected:
				Component: my4 120 R, quantity: 59, price: 0.50
				Component: my5 120 R, quantity: 59, price: 0.50
				Component: my6 120 R, quantity: 59, price: 0.50
				Component: my10 120 R, quantity: 59, price: 0.50
				Component: my14 120 R, quantity: 59, price: 0.50
				Component: my15 120 R, quantity: 59, price: 0.50
				Component: my16 120 R, quantity: 59, price: 0.50
		Test 5 failed (insert, remove node with single child, and print)
			Input:
				insert my10 120 R 59 0.5
				insert my5 120 R 59 0.5
				insert my15 120 R 59 0.5
				insert my4 120 R 59 0.5
				insert my6 120 R 59 0.5
				insert my14 120 R 59 0.5
				insert my16 120 R 59 0.5
				insert my17 120 R 59 0.5
				remove my16 120 R 59
				print
				quit
			Output:
				
			Expected:
				Component: my4 120 R, quantity: 59, price: 0.50
				Component: my5 120 R, quantity: 59, price: 0.50
				Component: my6 120 R, quantity: 59, price: 0.50
				Component: my10 120 R, quantity: 59, price: 0.50
				Component: my14 120 R, quantity: 59, price: 0.50
				Component: my15 120 R, quantity: 59, price: 0.50
				Component: my17 120 R, quantity: 59, price: 0.50
		Test 6 failed (insert, remove node with 2 children, and print)
			Input:
				insert my10 120 R 59 0.5
				insert my5 120 R 59 0.5
				insert my15 120 R 59 0.5
				insert my4 120 R 59 0.5
				insert my6 120 R 59 0.5
				insert my14 120 R 59 0.5
				insert my16 120 R 59 0.5
				insert my17 120 R 59 0.5
				remove my10 120 R 59
				print
				quit
			Output:
				
			Expected:
				Component: my4 120 R, quantity: 59, price: 0.50
				Component: my5 120 R, quantity: 59, price: 0.50
				Component: my6 120 R, quantity: 59, price: 0.50
				Component: my14 120 R, quantity: 59, price: 0.50
				Component: my15 120 R, quantity: 59, price: 0.50
				Component: my16 120 R, quantity: 59, price: 0.50
				Component: my17 120 R, quantity: 59, price: 0.50
		Test 7 failed (insert and export)
			Input:
				insert Resistor 330 M 123 0.15
				insert Resistor 120 R 59 0.5
				export components.txt
				quit
			Output (in components.txt):
				File not found
			Expected in components.txt:
				Component: Resistor 330 M, quantity: 123, price: 0.15
				Component: Resistor 120 R, quantity: 59, price: 0.50
Total: 0.0/13.0
----------
cgre0029 feedback - 2023-03-30 17-12-06
----- Simple Bubble Sort Tests -----
	Makefile did not correctly compile simple_bubble_sort.c (check where the output file is)
	Tests:
		Test 1 failed
			Input: 30 108 -193 279 183 -317 250 -179 -36 7 45 34 398 169 -435 -213 112 -293 106 -261 113 258 119 64 33 367 -269 251 -343 108 201
			Output: 
			Expected: -435 -343 -317 -293 -269 -261 -213 -193 -179 -36 7 33 34 45 64 106 108 108 112 113 119 169 183 201 250 251 258 279 367 398
----- Complex Bubble Sort Tests -----
	complex_bubble_sort.c was not found
	Tests:
		Test 1 failed
			Input: 5 6 108 -193 279 183 -317 250 -179 -36 7 45 34 398 169 -435 -213 112 -293 106 -261 113 258 119 64 33 367 -269 251 -343 108 201
			Output:
				
			Expected:
				-317 -193 108 183 250 279
				-179 -36 7 34 45 398
				-435 -293 -213 106 112 169
				-261 33 64 113 119 258
				-343 -269 108 201 251 367
		Test 2 failed
			Input: 3 23 -165 -345 -154 -381 462 -120 222 -57 369 314 -347 281 238 310 -275 163 -48 -346 126 -268 24 11 132 97 -181 -61 -449 -465 -130 -346 -109 -248 -469 220 -232 -370 -19 346 -59 416 -50 -93 382 -183 -49 -385 110 -4 -319 408 446 -329 -25 -319 462 399 127 -404 -373 391 256 361 96 467 95 216 -129 434 306
			Output:
				
			Expected:
				-381 -347 -346 -345 -275 -268 -165 -154 -120 -57 -48 11 24 126 132 163 222 238 281 310 314 369 462
				-469 -465 -449 -385 -370 -346 -248 -232 -183 -181 -130 -109 -93 -61 -59 -50 -49 -19 97 220 346 382 416
				-404 -373 -329 -319 -319 -129 -25 -4 95 96 110 127 216 256 306 361 391 399 408 434 446 462 467
----- Component Database Tests -----
	binary_search_database.c was not found
	Tests:
		Test 1 failed (insert and search)
			Input:
				insert Resistor 120 R 59 0.5
				insert Resistor 330 R 100 0.5
				search Resistor 120 R
				quit
			Output:
				
			Expected: Component: Resistor 120 R, quantity: 59, price: 0.50
		Test 2 failed (insert and print)
			Input:
				insert Resistor 120 R 59 0.5
				insert Resistor 330 R 100 0.5
				print
				quit
			Output:
				
			Expected:
				Component: Resistor 120 R, quantity: 59, price: 0.50
				Component: Resistor 330 R, quantity: 100, price: 0.50
		Test 3 failed (insert, update price, and print)
			Input:
				insert Resistor 120 R 59 0.5
				insert Resistor 120 R 10 0.4
				print
				quit
			Output:
				
			Expected: Component: Resistor 120 R, quantity: 69, price: 0.40
		Test 4 failed (insert, remove leaf and print)
			Input:
				insert my10 120 R 59 0.5
				insert my5 120 R 59 0.5
				insert my15 120 R 59 0.5
				insert my4 120 R 59 0.5
				insert my6 120 R 59 0.5
				insert my14 120 R 59 0.5
				insert my16 120 R 59 0.5
				insert my17 120 R 59 0.5
				remove my17 120 R 59
				print
				quit
			Output:
				
			Expected:
				Component: my4 120 R, quantity: 59, price: 0.50
				Component: my5 120 R, quantity: 59, price: 0.50
				Component: my6 120 R, quantity: 59, price: 0.50
				Component: my10 120 R, quantity: 59, price: 0.50
				Component: my14 120 R, quantity: 59, price: 0.50
				Component: my15 120 R, quantity: 59, price: 0.50
				Component: my16 120 R, quantity: 59, price: 0.50
		Test 5 failed (insert, remove node with single child, and print)
			Input:
				insert my10 120 R 59 0.5
				insert my5 120 R 59 0.5
				insert my15 120 R 59 0.5
				insert my4 120 R 59 0.5
				insert my6 120 R 59 0.5
				insert my14 120 R 59 0.5
				insert my16 120 R 59 0.5
				insert my17 120 R 59 0.5
				remove my16 120 R 59
				print
				quit
			Output:
				
			Expected:
				Component: my4 120 R, quantity: 59, price: 0.50
				Component: my5 120 R, quantity: 59, price: 0.50
				Component: my6 120 R, quantity: 59, price: 0.50
				Component: my10 120 R, quantity: 59, price: 0.50
				Component: my14 120 R, quantity: 59, price: 0.50
				Component: my15 120 R, quantity: 59, price: 0.50
				Component: my17 120 R, quantity: 59, price: 0.50
		Test 6 failed (insert, remove node with 2 children, and print)
			Input:
				insert my10 120 R 59 0.5
				insert my5 120 R 59 0.5
				insert my15 120 R 59 0.5
				insert my4 120 R 59 0.5
				insert my6 120 R 59 0.5
				insert my14 120 R 59 0.5
				insert my16 120 R 59 0.5
				insert my17 120 R 59 0.5
				remove my10 120 R 59
				print
				quit
			Output:
				
			Expected:
				Component: my4 120 R, quantity: 59, price: 0.50
				Component: my5 120 R, quantity: 59, price: 0.50
				Component: my6 120 R, quantity: 59, price: 0.50
				Component: my14 120 R, quantity: 59, price: 0.50
				Component: my15 120 R, quantity: 59, price: 0.50
				Component: my16 120 R, quantity: 59, price: 0.50
				Component: my17 120 R, quantity: 59, price: 0.50
		Test 7 failed (insert and export)
			Input:
				insert Resistor 330 M 123 0.15
				insert Resistor 120 R 59 0.5
				export components.txt
				quit
			Output (in components.txt):
				File not found
			Expected in components.txt:
				Component: Resistor 330 M, quantity: 123, price: 0.15
				Component: Resistor 120 R, quantity: 59, price: 0.50
Total: 0.0/13.0
----------
cgre0029 feedback - 2023-03-30 16-49-28
----- Simple Bubble Sort Tests -----
	simple_bubble_sort.c did not compile
----- Complex Bubble Sort Tests -----
	complex_bubble_sort.c was not found
	Tests:
		Test 1 failed
			Input: 5 6 108 -193 279 183 -317 250 -179 -36 7 45 34 398 169 -435 -213 112 -293 106 -261 113 258 119 64 33 367 -269 251 -343 108 201
			Output:
				
			Expected:
				-317 -193 108 183 250 279
				-179 -36 7 34 45 398
				-435 -293 -213 106 112 169
				-261 33 64 113 119 258
				-343 -269 108 201 251 367
		Test 2 failed
			Input: 3 23 -165 -345 -154 -381 462 -120 222 -57 369 314 -347 281 238 310 -275 163 -48 -346 126 -268 24 11 132 97 -181 -61 -449 -465 -130 -346 -109 -248 -469 220 -232 -370 -19 346 -59 416 -50 -93 382 -183 -49 -385 110 -4 -319 408 446 -329 -25 -319 462 399 127 -404 -373 391 256 361 96 467 95 216 -129 434 306
			Output:
				
			Expected:
				-381 -347 -346 -345 -275 -268 -165 -154 -120 -57 -48 11 24 126 132 163 222 238 281 310 314 369 462
				-469 -465 -449 -385 -370 -346 -248 -232 -183 -181 -130 -109 -93 -61 -59 -50 -49 -19 97 220 346 382 416
				-404 -373 -329 -319 -319 -129 -25 -4 95 96 110 127 216 256 306 361 391 399 408 434 446 462 467
----- Component Database Tests -----
	binary_search_database.c was not found
	Tests:
		Test 1 failed (insert and search)
			Input:
				insert Resistor 120 R 59 0.5
				insert Resistor 330 R 100 0.5
				search Resistor 120 R
				quit
			Output:
				
			Expected: Component: Resistor 120 R, quantity: 59, price: 0.50
		Test 2 failed (insert and print)
			Input:
				insert Resistor 120 R 59 0.5
				insert Resistor 330 R 100 0.5
				print
				quit
			Output:
				
			Expected:
				Component: Resistor 120 R, quantity: 59, price: 0.50
				Component: Resistor 330 R, quantity: 100, price: 0.50
		Test 3 failed (insert, update price, and print)
			Input:
				insert Resistor 120 R 59 0.5
				insert Resistor 120 R 10 0.4
				print
				quit
			Output:
				
			Expected: Component: Resistor 120 R, quantity: 69, price: 0.40
		Test 4 failed (insert, remove leaf and print)
			Input:
				insert my10 120 R 59 0.5
				insert my5 120 R 59 0.5
				insert my15 120 R 59 0.5
				insert my4 120 R 59 0.5
				insert my6 120 R 59 0.5
				insert my14 120 R 59 0.5
				insert my16 120 R 59 0.5
				insert my17 120 R 59 0.5
				remove my17 120 R 59
				print
				quit
			Output:
				
			Expected:
				Component: my4 120 R, quantity: 59, price: 0.50
				Component: my5 120 R, quantity: 59, price: 0.50
				Component: my6 120 R, quantity: 59, price: 0.50
				Component: my10 120 R, quantity: 59, price: 0.50
				Component: my14 120 R, quantity: 59, price: 0.50
				Component: my15 120 R, quantity: 59, price: 0.50
				Component: my16 120 R, quantity: 59, price: 0.50
		Test 5 failed (insert, remove node with single child, and print)
			Input:
				insert my10 120 R 59 0.5
				insert my5 120 R 59 0.5
				insert my15 120 R 59 0.5
				insert my4 120 R 59 0.5
				insert my6 120 R 59 0.5
				insert my14 120 R 59 0.5
				insert my16 120 R 59 0.5
				insert my17 120 R 59 0.5
				remove my16 120 R 59
				print
				quit
			Output:
				
			Expected:
				Component: my4 120 R, quantity: 59, price: 0.50
				Component: my5 120 R, quantity: 59, price: 0.50
				Component: my6 120 R, quantity: 59, price: 0.50
				Component: my10 120 R, quantity: 59, price: 0.50
				Component: my14 120 R, quantity: 59, price: 0.50
				Component: my15 120 R, quantity: 59, price: 0.50
				Component: my17 120 R, quantity: 59, price: 0.50
		Test 6 failed (insert, remove node with 2 children, and print)
			Input:
				insert my10 120 R 59 0.5
				insert my5 120 R 59 0.5
				insert my15 120 R 59 0.5
				insert my4 120 R 59 0.5
				insert my6 120 R 59 0.5
				insert my14 120 R 59 0.5
				insert my16 120 R 59 0.5
				insert my17 120 R 59 0.5
				remove my10 120 R 59
				print
				quit
			Output:
				
			Expected:
				Component: my4 120 R, quantity: 59, price: 0.50
				Component: my5 120 R, quantity: 59, price: 0.50
				Component: my6 120 R, quantity: 59, price: 0.50
				Component: my14 120 R, quantity: 59, price: 0.50
				Component: my15 120 R, quantity: 59, price: 0.50
				Component: my16 120 R, quantity: 59, price: 0.50
				Component: my17 120 R, quantity: 59, price: 0.50
		Test 7 failed (insert and export)
			Input:
				insert Resistor 330 M 123 0.15
				insert Resistor 120 R 59 0.5
				export components.txt
				quit
			Output (in components.txt):
				File not found
			Expected in components.txt:
				Component: Resistor 330 M, quantity: 123, price: 0.15
				Component: Resistor 120 R, quantity: 59, price: 0.50
Total: 0.0/13.0
----------
cgre0029 feedback - 2023-03-30 16-26-22
----- Simple Bubble Sort Tests -----
	Makefile did not correctly compile simple_bubble_sort.c (check where the output file is)
	Tests:
		Test 1 failed
			Input: 30 108 -193 279 183 -317 250 -179 -36 7 45 34 398 169 -435 -213 112 -293 106 -261 113 258 119 64 33 367 -269 251 -343 108 201
			Output: 
			Expected: -435 -343 -317 -293 -269 -261 -213 -193 -179 -36 7 33 34 45 64 106 108 108 112 113 119 169 183 201 250 251 258 279 367 398
----- Complex Bubble Sort Tests -----
	complex_bubble_sort.c was not found
	Tests:
		Test 1 failed
			Input: 5 6 108 -193 279 183 -317 250 -179 -36 7 45 34 398 169 -435 -213 112 -293 106 -261 113 258 119 64 33 367 -269 251 -343 108 201
			Output:
				
			Expected:
				-317 -193 108 183 250 279
				-179 -36 7 34 45 398
				-435 -293 -213 106 112 169
				-261 33 64 113 119 258
				-343 -269 108 201 251 367
		Test 2 failed
			Input: 3 23 -165 -345 -154 -381 462 -120 222 -57 369 314 -347 281 238 310 -275 163 -48 -346 126 -268 24 11 132 97 -181 -61 -449 -465 -130 -346 -109 -248 -469 220 -232 -370 -19 346 -59 416 -50 -93 382 -183 -49 -385 110 -4 -319 408 446 -329 -25 -319 462 399 127 -404 -373 391 256 361 96 467 95 216 -129 434 306
			Output:
				
			Expected:
				-381 -347 -346 -345 -275 -268 -165 -154 -120 -57 -48 11 24 126 132 163 222 238 281 310 314 369 462
				-469 -465 -449 -385 -370 -346 -248 -232 -183 -181 -130 -109 -93 -61 -59 -50 -49 -19 97 220 346 382 416
				-404 -373 -329 -319 -319 -129 -25 -4 95 96 110 127 216 256 306 361 391 399 408 434 446 462 467
----- Component Database Tests -----
	binary_search_database.c was not found
	Tests:
		Test 1 failed (insert and search)
			Input:
				insert Resistor 120 R 59 0.5
				insert Resistor 330 R 100 0.5
				search Resistor 120 R
				quit
			Output:
				
			Expected: Component: Resistor 120 R, quantity: 59, price: 0.50
		Test 2 failed (insert and print)
			Input:
				insert Resistor 120 R 59 0.5
				insert Resistor 330 R 100 0.5
				print
				quit
			Output:
				
			Expected:
				Component: Resistor 120 R, quantity: 59, price: 0.50
				Component: Resistor 330 R, quantity: 100, price: 0.50
		Test 3 failed (insert, update price, and print)
			Input:
				insert Resistor 120 R 59 0.5
				insert Resistor 120 R 10 0.4
				print
				quit
			Output:
				
			Expected: Component: Resistor 120 R, quantity: 69, price: 0.40
		Test 4 failed (insert, remove leaf and print)
			Input:
				insert my10 120 R 59 0.5
				insert my5 120 R 59 0.5
				insert my15 120 R 59 0.5
				insert my4 120 R 59 0.5
				insert my6 120 R 59 0.5
				insert my14 120 R 59 0.5
				insert my16 120 R 59 0.5
				insert my17 120 R 59 0.5
				remove my17 120 R 59
				print
				quit
			Output:
				
			Expected:
				Component: my4 120 R, quantity: 59, price: 0.50
				Component: my5 120 R, quantity: 59, price: 0.50
				Component: my6 120 R, quantity: 59, price: 0.50
				Component: my10 120 R, quantity: 59, price: 0.50
				Component: my14 120 R, quantity: 59, price: 0.50
				Component: my15 120 R, quantity: 59, price: 0.50
				Component: my16 120 R, quantity: 59, price: 0.50
		Test 5 failed (insert, remove node with single child, and print)
			Input:
				insert my10 120 R 59 0.5
				insert my5 120 R 59 0.5
				insert my15 120 R 59 0.5
				insert my4 120 R 59 0.5
				insert my6 120 R 59 0.5
				insert my14 120 R 59 0.5
				insert my16 120 R 59 0.5
				insert my17 120 R 59 0.5
				remove my16 120 R 59
				print
				quit
			Output:
				
			Expected:
				Component: my4 120 R, quantity: 59, price: 0.50
				Component: my5 120 R, quantity: 59, price: 0.50
				Component: my6 120 R, quantity: 59, price: 0.50
				Component: my10 120 R, quantity: 59, price: 0.50
				Component: my14 120 R, quantity: 59, price: 0.50
				Component: my15 120 R, quantity: 59, price: 0.50
				Component: my17 120 R, quantity: 59, price: 0.50
		Test 6 failed (insert, remove node with 2 children, and print)
			Input:
				insert my10 120 R 59 0.5
				insert my5 120 R 59 0.5
				insert my15 120 R 59 0.5
				insert my4 120 R 59 0.5
				insert my6 120 R 59 0.5
				insert my14 120 R 59 0.5
				insert my16 120 R 59 0.5
				insert my17 120 R 59 0.5
				remove my10 120 R 59
				print
				quit
			Output:
				
			Expected:
				Component: my4 120 R, quantity: 59, price: 0.50
				Component: my5 120 R, quantity: 59, price: 0.50
				Component: my6 120 R, quantity: 59, price: 0.50
				Component: my14 120 R, quantity: 59, price: 0.50
				Component: my15 120 R, quantity: 59, price: 0.50
				Component: my16 120 R, quantity: 59, price: 0.50
				Component: my17 120 R, quantity: 59, price: 0.50
		Test 7 failed (insert and export)
			Input:
				insert Resistor 330 M 123 0.15
				insert Resistor 120 R 59 0.5
				export components.txt
				quit
			Output (in components.txt):
				File not found
			Expected in components.txt:
				Component: Resistor 330 M, quantity: 123, price: 0.15
				Component: Resistor 120 R, quantity: 59, price: 0.50
Total: 0.0/13.0
----------
cgre0029 feedback - 2023-03-30 15-55-13
----- Simple Bubble Sort Tests -----
	Makefile did not correctly compile simple_bubble_sort.c (check where the output file is)
	Tests:
		Test 1 failed
			Input: 30 108 -193 279 183 -317 250 -179 -36 7 45 34 398 169 -435 -213 112 -293 106 -261 113 258 119 64 33 367 -269 251 -343 108 201
			Output: 
			Expected: -435 -343 -317 -293 -269 -261 -213 -193 -179 -36 7 33 34 45 64 106 108 108 112 113 119 169 183 201 250 251 258 279 367 398
----- Complex Bubble Sort Tests -----
	complex_bubble_sort.c was not found
	Tests:
		Test 1 failed
			Input: 5 6 108 -193 279 183 -317 250 -179 -36 7 45 34 398 169 -435 -213 112 -293 106 -261 113 258 119 64 33 367 -269 251 -343 108 201
			Output:
				
			Expected:
				-317 -193 108 183 250 279
				-179 -36 7 34 45 398
				-435 -293 -213 106 112 169
				-261 33 64 113 119 258
				-343 -269 108 201 251 367
		Test 2 failed
			Input: 3 23 -165 -345 -154 -381 462 -120 222 -57 369 314 -347 281 238 310 -275 163 -48 -346 126 -268 24 11 132 97 -181 -61 -449 -465 -130 -346 -109 -248 -469 220 -232 -370 -19 346 -59 416 -50 -93 382 -183 -49 -385 110 -4 -319 408 446 -329 -25 -319 462 399 127 -404 -373 391 256 361 96 467 95 216 -129 434 306
			Output:
				
			Expected:
				-381 -347 -346 -345 -275 -268 -165 -154 -120 -57 -48 11 24 126 132 163 222 238 281 310 314 369 462
				-469 -465 -449 -385 -370 -346 -248 -232 -183 -181 -130 -109 -93 -61 -59 -50 -49 -19 97 220 346 382 416
				-404 -373 -329 -319 -319 -129 -25 -4 95 96 110 127 216 256 306 361 391 399 408 434 446 462 467
----- Component Database Tests -----
	binary_search_database.c was not found
	Tests:
		Test 1 failed (insert and search)
			Input:
				insert Resistor 120 R 59 0.5
				insert Resistor 330 R 100 0.5
				search Resistor 120 R
				quit
			Output:
				
			Expected: Component: Resistor 120 R, quantity: 59, price: 0.50
		Test 2 failed (insert and print)
			Input:
				insert Resistor 120 R 59 0.5
				insert Resistor 330 R 100 0.5
				print
				quit
			Output:
				
			Expected:
				Component: Resistor 120 R, quantity: 59, price: 0.50
				Component: Resistor 330 R, quantity: 100, price: 0.50
		Test 3 failed (insert, update price, and print)
			Input:
				insert Resistor 120 R 59 0.5
				insert Resistor 120 R 10 0.4
				print
				quit
			Output:
				
			Expected: Component: Resistor 120 R, quantity: 69, price: 0.40
		Test 4 failed (insert, remove leaf and print)
			Input:
				insert my10 120 R 59 0.5
				insert my5 120 R 59 0.5
				insert my15 120 R 59 0.5
				insert my4 120 R 59 0.5
				insert my6 120 R 59 0.5
				insert my14 120 R 59 0.5
				insert my16 120 R 59 0.5
				insert my17 120 R 59 0.5
				remove my17 120 R 59
				print
				quit
			Output:
				
			Expected:
				Component: my4 120 R, quantity: 59, price: 0.50
				Component: my5 120 R, quantity: 59, price: 0.50
				Component: my6 120 R, quantity: 59, price: 0.50
				Component: my10 120 R, quantity: 59, price: 0.50
				Component: my14 120 R, quantity: 59, price: 0.50
				Component: my15 120 R, quantity: 59, price: 0.50
				Component: my16 120 R, quantity: 59, price: 0.50
		Test 5 failed (insert, remove node with single child, and print)
			Input:
				insert my10 120 R 59 0.5
				insert my5 120 R 59 0.5
				insert my15 120 R 59 0.5
				insert my4 120 R 59 0.5
				insert my6 120 R 59 0.5
				insert my14 120 R 59 0.5
				insert my16 120 R 59 0.5
				insert my17 120 R 59 0.5
				remove my16 120 R 59
				print
				quit
			Output:
				
			Expected:
				Component: my4 120 R, quantity: 59, price: 0.50
				Component: my5 120 R, quantity: 59, price: 0.50
				Component: my6 120 R, quantity: 59, price: 0.50
				Component: my10 120 R, quantity: 59, price: 0.50
				Component: my14 120 R, quantity: 59, price: 0.50
				Component: my15 120 R, quantity: 59, price: 0.50
				Component: my17 120 R, quantity: 59, price: 0.50
		Test 6 failed (insert, remove node with 2 children, and print)
			Input:
				insert my10 120 R 59 0.5
				insert my5 120 R 59 0.5
				insert my15 120 R 59 0.5
				insert my4 120 R 59 0.5
				insert my6 120 R 59 0.5
				insert my14 120 R 59 0.5
				insert my16 120 R 59 0.5
				insert my17 120 R 59 0.5
				remove my10 120 R 59
				print
				quit
			Output:
				
			Expected:
				Component: my4 120 R, quantity: 59, price: 0.50
				Component: my5 120 R, quantity: 59, price: 0.50
				Component: my6 120 R, quantity: 59, price: 0.50
				Component: my14 120 R, quantity: 59, price: 0.50
				Component: my15 120 R, quantity: 59, price: 0.50
				Component: my16 120 R, quantity: 59, price: 0.50
				Component: my17 120 R, quantity: 59, price: 0.50
		Test 7 failed (insert and export)
			Input:
				insert Resistor 330 M 123 0.15
				insert Resistor 120 R 59 0.5
				export components.txt
				quit
			Output (in components.txt):
				File not found
			Expected in components.txt:
				Component: Resistor 330 M, quantity: 123, price: 0.15
				Component: Resistor 120 R, quantity: 59, price: 0.50
Total: 0.0/13.0
----------
cgre0029 feedback - 2023-03-27 02-22-22
----- Simple Bubble Sort Tests -----
	simple_bubble_sort.c was not found
	Tests:
		Test 1 failed
			Input: 30 108 -193 279 183 -317 250 -179 -36 7 45 34 398 169 -435 -213 112 -293 106 -261 113 258 119 64 33 367 -269 251 -343 108 201
			Output: 
			Expected: -435 -343 -317 -293 -269 -261 -213 -193 -179 -36 7 33 34 45 64 106 108 108 112 113 119 169 183 201 250 251 258 279 367 398
----- Complex Bubble Sort Tests -----
	complex_bubble_sort.c was not found
	Tests:
		Test 1 failed
			Input: 5 6 108 -193 279 183 -317 250 -179 -36 7 45 34 398 169 -435 -213 112 -293 106 -261 113 258 119 64 33 367 -269 251 -343 108 201
			Output:
				
			Expected:
				-317 -193 108 183 250 279
				-179 -36 7 34 45 398
				-435 -293 -213 106 112 169
				-261 33 64 113 119 258
				-343 -269 108 201 251 367
		Test 2 failed
			Input: 3 23 -165 -345 -154 -381 462 -120 222 -57 369 314 -347 281 238 310 -275 163 -48 -346 126 -268 24 11 132 97 -181 -61 -449 -465 -130 -346 -109 -248 -469 220 -232 -370 -19 346 -59 416 -50 -93 382 -183 -49 -385 110 -4 -319 408 446 -329 -25 -319 462 399 127 -404 -373 391 256 361 96 467 95 216 -129 434 306
			Output:
				
			Expected:
				-381 -347 -346 -345 -275 -268 -165 -154 -120 -57 -48 11 24 126 132 163 222 238 281 310 314 369 462
				-469 -465 -449 -385 -370 -346 -248 -232 -183 -181 -130 -109 -93 -61 -59 -50 -49 -19 97 220 346 382 416
				-404 -373 -329 -319 -319 -129 -25 -4 95 96 110 127 216 256 306 361 391 399 408 434 446 462 467
----- Component Database Tests -----
	binary_search_database.c was not found
	Tests:
		Test 1 failed (insert and search)
			Input:
				insert Resistor 120 R 59 0.5
				insert Resistor 330 R 100 0.5
				search Resistor 120 R
				quit
			Output:
				
			Expected: Component: Resistor 120 R, quantity: 59, price: 0.50
		Test 2 failed (insert and print)
			Input:
				insert Resistor 120 R 59 0.5
				insert Resistor 330 R 100 0.5
				print
				quit
			Output:
				
			Expected:
				Component: Resistor 120 R, quantity: 59, price: 0.50
				Component: Resistor 330 R, quantity: 100, price: 0.50
		Test 3 failed (insert, update price, and print)
			Input:
				insert Resistor 120 R 59 0.5
				insert Resistor 120 R 10 0.4
				print
				quit
			Output:
				
			Expected: Component: Resistor 120 R, quantity: 69, price: 0.40
		Test 4 failed (insert, remove leaf and print)
			Input:
				insert my10 120 R 59 0.5
				insert my5 120 R 59 0.5
				insert my15 120 R 59 0.5
				insert my4 120 R 59 0.5
				insert my6 120 R 59 0.5
				insert my14 120 R 59 0.5
				insert my16 120 R 59 0.5
				insert my17 120 R 59 0.5
				remove my17 120 R 59
				print
				quit
			Output:
				
			Expected:
				Component: my4 120 R, quantity: 59, price: 0.50
				Component: my5 120 R, quantity: 59, price: 0.50
				Component: my6 120 R, quantity: 59, price: 0.50
				Component: my10 120 R, quantity: 59, price: 0.50
				Component: my14 120 R, quantity: 59, price: 0.50
				Component: my15 120 R, quantity: 59, price: 0.50
				Component: my16 120 R, quantity: 59, price: 0.50
		Test 5 failed (insert, remove node with single child, and print)
			Input:
				insert my10 120 R 59 0.5
				insert my5 120 R 59 0.5
				insert my15 120 R 59 0.5
				insert my4 120 R 59 0.5
				insert my6 120 R 59 0.5
				insert my14 120 R 59 0.5
				insert my16 120 R 59 0.5
				insert my17 120 R 59 0.5
				remove my16 120 R 59
				print
				quit
			Output:
				
			Expected:
				Component: my4 120 R, quantity: 59, price: 0.50
				Component: my5 120 R, quantity: 59, price: 0.50
				Component: my6 120 R, quantity: 59, price: 0.50
				Component: my10 120 R, quantity: 59, price: 0.50
				Component: my14 120 R, quantity: 59, price: 0.50
				Component: my15 120 R, quantity: 59, price: 0.50
				Component: my17 120 R, quantity: 59, price: 0.50
		Test 6 failed (insert, remove node with 2 children, and print)
			Input:
				insert my10 120 R 59 0.5
				insert my5 120 R 59 0.5
				insert my15 120 R 59 0.5
				insert my4 120 R 59 0.5
				insert my6 120 R 59 0.5
				insert my14 120 R 59 0.5
				insert my16 120 R 59 0.5
				insert my17 120 R 59 0.5
				remove my10 120 R 59
				print
				quit
			Output:
				
			Expected:
				Component: my4 120 R, quantity: 59, price: 0.50
				Component: my5 120 R, quantity: 59, price: 0.50
				Component: my6 120 R, quantity: 59, price: 0.50
				Component: my14 120 R, quantity: 59, price: 0.50
				Component: my15 120 R, quantity: 59, price: 0.50
				Component: my16 120 R, quantity: 59, price: 0.50
				Component: my17 120 R, quantity: 59, price: 0.50
		Test 7 failed (insert and export)
			Input:
				insert Resistor 330 M 123 0.15
				insert Resistor 120 R 59 0.5
				export components.txt
				quit
			Output (in components.txt):
				File not found
			Expected in components.txt:
				Component: Resistor 330 M, quantity: 123, price: 0.15
				Component: Resistor 120 R, quantity: 59, price: 0.50
Total: 0.0/13.0













