----------
cgre0029 feedback - 2023-04-21 20-34-06
Tests:
	Add Sub test 1 (Code Assembles): 0
	Mem acc test 1 (Code Assembles): 0
	Mult add test 1 (Code Assembles): 1
	Mult add test 2 (Single Digit Multiplication): 0.0
	Mult add test 3 (Double Digit Multiplication): 0.0
	Mult add test 4 (Multiply by 0): 1.0
	Mult add test 5 (Multiply 0 by a number): 1.0
	Bitwise test 1 (Code Assembles): 1
	Bitwise test 2 (0 in 0x10010000): 0.0
	Bitwise test 3 (Random number in 0x10010000): 0.0
	Bitwise test 4 (Random number in 0x10010000): 0.0
	Bitwise test 5 (Random number in 0x10010000): 0.0
Total:4.0/12.0
Comments:
	For add_sub.asm: Code did not assemble correctly
	For mem_acc.asm: Code did not assemble correctly
	For mult_add.asm with $t0=2 and $t1=3: Incorrect value in $s0!	Expected: 6	Actual: 0x00000000
	For mult_add.asm with $t0=10 and $t1=7: Incorrect value in $s0!	Expected: 0x00000046	Actual: 0x00000000
	For bitwise.asm with memory[0x10010000]=0x0: Incorrect value in 0x10010004!	Expected: 0x0000f300	Actual: 0x00000000
	For bitwise.asm with memory[0x10010000]=0x42: Incorrect value in 0x10010004!	Expected: 0x0000b300	Actual: 0x00000000
	For bitwise.asm with memory[0x10010000]=0x2071: Incorrect value in 0x10010004!	Expected: 0x00008300	Actual: 0x00000000
	For bitwise.asm with memory[0x10010000]=0x37: Incorrect value in 0x10010004!	Expected: 0x0000c300	Actual: 0x00000000
----------
cgre0029 feedback - 2023-04-23 13-27-19
Tests:
	Add Sub test 1 (Code Assembles): 1
	Mem acc test 1 (Code Assembles): 1
	Mult add test 1 (Code Assembles): 1
	Mult add test 2 (Single Digit Multiplication): 0.0
	Mult add test 3 (Double Digit Multiplication): 0.0
	Mult add test 4 (Multiply by 0): 0.0
	Mult add test 5 (Multiply 0 by a number): 1.0
	Bitwise test 1 (Code Assembles): 1
	Bitwise test 2 (0 in 0x10010000): 0.0
	Bitwise test 3 (Random number in 0x10010000): 0.0
	Bitwise test 4 (Random number in 0x10010000): 0.0
	Bitwise test 5 (Random number in 0x10010000): 0.0
Total:5.0/12.0
Comments:
	For mult_add.asm with $t0=2 and $t1=3: Incorrect value in $s0!	Expected: 6	Actual: 0xffffff5d
	For mult_add.asm with $t0=10 and $t1=7: Incorrect value in $s0!	Expected: 0x00000046	Actual: 0xffffff65
	For mult_add.asm with $t0=0 and $t1=23: Incorrect value in $s0!	Expected: 0x00000000	Actual: 0xffffff5b
	For bitwise.asm with memory[0x10010000]=0x0: Incorrect value in 0x10010004!	Expected: 0x0000f300	Actual: 0x00000000
	For bitwise.asm with memory[0x10010000]=0x42: Incorrect value in 0x10010004!	Expected: 0x0000b300	Actual: 0x00000000
	For bitwise.asm with memory[0x10010000]=0x2071: Incorrect value in 0x10010004!	Expected: 0x00008300	Actual: 0x00000000
	For bitwise.asm with memory[0x10010000]=0x37: Incorrect value in 0x10010004!	Expected: 0x0000c300	Actual: 0x00000000
----------
cgre0029 feedback - 2023-04-23 13-39-07
Tests:
	Add Sub test 1 (Code Assembles): 1
	Mem acc test 1 (Code Assembles): 1
	Mult add test 1 (Code Assembles): 1
	Mult add test 2 (Single Digit Multiplication): 0.0
	Mult add test 3 (Double Digit Multiplication): 0.0
	Mult add test 4 (Multiply by 0): 0.0
	Mult add test 5 (Multiply 0 by a number): 1.0
	Bitwise test 1 (Code Assembles): 1
	Bitwise test 2 (0 in 0x10010000): 0.0
	Bitwise test 3 (Random number in 0x10010000): 0.0
	Bitwise test 4 (Random number in 0x10010000): 0.0
	Bitwise test 5 (Random number in 0x10010000): 0.0
Total:5.0/12.0
Comments:
	For mult_add.asm with $t0=2 and $t1=3: Incorrect value in $s0!	Expected: 6	Actual: 0xffffff5d
	For mult_add.asm with $t0=10 and $t1=7: Incorrect value in $s0!	Expected: 0x00000046	Actual: 0xffffff65
	For mult_add.asm with $t0=0 and $t1=23: Incorrect value in $s0!	Expected: 0x00000000	Actual: 0xffffff5b
	For bitwise.asm with memory[0x10010000]=0x0: Incorrect value in 0x10010004!	Expected: 0x0000f300	Actual: 0x00000000
	For bitwise.asm with memory[0x10010000]=0x42: Incorrect value in 0x10010004!	Expected: 0x0000b300	Actual: 0x00000000
	For bitwise.asm with memory[0x10010000]=0x2071: Incorrect value in 0x10010004!	Expected: 0x00008300	Actual: 0x00000000
	For bitwise.asm with memory[0x10010000]=0x37: Incorrect value in 0x10010004!	Expected: 0x0000c300	Actual: 0x00000000
