----------
cgre0029 feedback - 2023-03-29 11-22-18
Code cracking program timed out
Music Analysis program timed out
----- Code Cracking Tests -----
	Code cracking program timed out
----- Music Analysis Tests -----
	Music Analysis program timed out
	Total: 0.0/12.0
----------
cgre0029 feedback - 2023-03-29 10-51-12
Code cracking program timed out
Music Analysis program timed out
----- Code Cracking Tests -----
	Code cracking program timed out
----- Music Analysis Tests -----
	Music Analysis program timed out
	Total: 0.0/12.0
----------
cgre0029 feedback - 2023-03-21 08-52-23
----- Code Cracking Tests -----
	Tests:
		Test 1 passed
		Test 2 passed
		Test 3 passed
		Test 4 passed
		Test 5 passed
----- Music Analysis Tests -----
	Tests:
		Test 1 passed
		Test 2 passed
		Test 3 passed
		Test 4 passed
		Test 5 passed
	Total: 12.0/12.0
----------
cgre0029 feedback - 2023-03-21 08-46-50
----- Code Cracking Tests -----
	Tests:
		Test 1 passed
		Test 2 passed
		Test 3 passed
		Test 4 passed
		Test 5 passed
----- Music Analysis Tests -----
	Tests:
		Test 1 passed
		Test 2 passed
		Test 3 passed
		Test 4 passed
		Test 5 passed
	Total: 12.0/12.0
----------
cgre0029 feedback - 2023-03-21 08-41-52
----- Code Cracking Tests -----
	Tests:
		Test 1 passed
		Test 2 passed
		Test 3 passed
		Test 4 passed
		Test 5 passed
----- Music Analysis Tests -----
	Tests:
		Test 1 passed
		Test 2 passed
		Test 3 passed
		Test 4 passed
		Test 5 passed
	Total: 12.0/12.0
----------
cgre0029 feedback - 2023-03-21 08-36-18
----- Code Cracking Tests -----
	Tests:
		Test 1 passed
		Test 2 passed
		Test 3 passed
		Test 4 passed
		Test 5 passed
----- Music Analysis Tests -----
	Tests:
		Test 1 passed
		Test 2 passed
		Test 3 passed
		Test 4 passed
		Test 5 passed
	Total: 12.0/12.0
----------
cgre0029 feedback - 2023-03-21 08-31-01
----- Code Cracking Tests -----
	Tests:
		Test 1 passed
		Test 2 passed
		Test 3 passed
		Test 4 passed
		Test 5 passed
----- Music Analysis Tests -----
	Tests:
		Test 1 passed
		Test 2 passed
		Test 3 passed
		Test 4 passed
		Test 5 passed
	Total: 12.0/12.0
----------
cgre0029 feedback - 2023-03-21 08-25-22
----- Code Cracking Tests -----
	Tests:
		Test 1 passed
		Test 2 passed
		Test 3 passed
		Test 4 passed
		Test 5 passed
----- Music Analysis Tests -----
	Tests:
		Test 1 passed
		Test 2 passed
		Test 3 passed
		Test 4 passed
		Test 5 passed
	Total: 12.0/12.0
----------
cgre0029 feedback - 2023-03-21 08-18-38
----- Code Cracking Tests -----
	Tests:
		Test 1 passed
		Test 2 passed
		Test 3 passed
		Test 4 passed
		Test 5 passed
----- Music Analysis Tests -----
	Tests:
		Test 1 passed
		Test 2 passed
		Test 3 passed
		Test 4 passed
		Test 5 passed
	Total: 12.0/12.0
----------
cgre0029 feedback - 2023-03-20 10-34-49
----- Code Cracking Tests -----
	Tests:
		Test 1 passed
		Test 2 passed
		Test 3 passed
		Test 4 passed
		Test 5 passed
----- Music Analysis Tests -----
	Tests:
		Test 1 passed
		Test 2 passed
		Test 3 passed
		Test 4 passed
		Test 5 passed
	Total: 12.0/12.0
----------
cgre0029 feedback - 2023-03-20 10-30-32
----- Code Cracking Tests -----
	Tests:
		Test 1 passed
		Test 2 passed
		Test 3 passed
		Test 4 passed
		Test 5 passed
----- Music Analysis Tests -----
	Tests:
		Test 1 passed
		Test 2 passed
		Test 3 passed
		Test 4 passed
		Test 5 passed
	Total: 12.0/12.0
----------
cgre0029 feedback - 2023-03-20 10-26-43
----- Code Cracking Tests -----
	Tests:
		Test 1 passed
		Test 2 passed
		Test 3 passed
		Test 4 passed
		Test 5 passed
----- Music Analysis Tests -----
	Tests:
		Test 1 passed
		Test 2 passed
		Test 3 passed
		Test 4 passed
		Test 5 passed
	Total: 12.0/12.0
----------
cgre0029 feedback - 2023-03-20 10-23-52
----- Code Cracking Tests -----
	Tests:
		Test 1 passed
		Test 2 passed
		Test 3 passed
		Test 4 passed
		Test 5 passed
----- Music Analysis Tests -----
	Tests:
		Test 1 passed
		Test 2 passed
		Test 3 passed
		Test 4 passed
		Test 5 passed
	Total: 12.0/12.0
----------
cgre0029 feedback - 2023-03-20 10-19-37
----- Code Cracking Tests -----
	Tests:
		Test 1 passed
		Test 2 passed
		Test 3 passed
		Test 4 passed
		Test 5 passed
----- Music Analysis Tests -----
	Tests:
		Test 1 passed
		Test 2 passed
		Test 3 passed
		Test 4 passed
		Test 5 passed
	Total: 12.0/12.0
----------
cgre0029 feedback - 2023-03-20 10-15-39
----- Code Cracking Tests -----
	Tests:
		Test 1 passed
		Test 2 passed
		Test 3 passed
		Test 4 passed
		Test 5 passed
----- Music Analysis Tests -----
	Tests:
		Test 1 passed
		Test 2 passed
		Test 3 passed
		Test 4 passed
		Test 5 passed
	Total: 12.0/12.0
----------
cgre0029 feedback - 2023-03-20 10-11-55
----- Code Cracking Tests -----
	Tests:
		Test 1 passed
		Test 2 passed
		Test 3 passed
		Test 4 passed
		Test 5 passed
----- Music Analysis Tests -----
	Tests:
		Test 1 passed
		Test 2 passed
		Test 3 passed
		Test 4 passed
		Test 5 passed
	Total: 12.0/12.0
----------
cgre0029 feedback - 2023-03-20 10-07-59
----- Code Cracking Tests -----
	Tests:
		Test 1 passed
		Test 2 passed
		Test 3 passed
		Test 4 passed
		Test 5 passed
----- Music Analysis Tests -----
	Tests:
		Test 1 passed
		Test 2 passed
		Test 3 passed
		Test 4 passed
		Test 5 passed
	Total: 12.0/12.0
----------
cgre0029 feedback - 2023-03-20 10-04-54
----- Code Cracking Tests -----
	Tests:
		Test 1 passed
		Test 2 passed
		Test 3 passed
		Test 4 passed
		Test 5 passed
----- Music Analysis Tests -----
	Tests:
		Test 1 passed
		Test 2 passed
		Test 3 passed
		Test 4 passed
		Test 5 passed
	Total: 12.0/12.0
----------
cgre0029 feedback - 2023-03-20 10-00-59
----- Code Cracking Tests -----
	Tests:
		Test 1 passed
		Test 2 passed
		Test 3 passed
		Test 4 passed
		Test 5 passed
----- Music Analysis Tests -----
	Tests:
		Test 1 passed
		Test 2 passed
		Test 3 passed
		Test 4 passed
		Test 5 passed
	Total: 12.0/12.0
----------
cgre0029 feedback - 2023-03-20 09-55-09
----- Code Cracking Tests -----
	Tests:
		Test 1 passed
		Test 2 passed
		Test 3 passed
		Test 4 passed
		Test 5 passed
----- Music Analysis Tests -----
	Tests:
		Test 1 passed
		Test 2 passed
		Test 3 passed
		Test 4 passed
		Test 5 passed
	Total: 12.0/12.0
----------
cgre0029 feedback - 2023-03-20 09-52-08
----- Code Cracking Tests -----
	Tests:
		Test 1 passed
		Test 2 passed
		Test 3 passed
		Test 4 passed
		Test 5 passed
----- Music Analysis Tests -----
	Tests:
		Test 1 passed
		Test 2 passed
		Test 3 passed
		Test 4 passed
		Test 5 passed
	Total: 12.0/12.0
----------
cgre0029 feedback - 2023-03-20 09-47-12
----- Code Cracking Tests -----
	Tests:
		Test 1 passed
		Test 2 passed
		Test 3 passed
		Test 4 passed
		Test 5 passed
----- Music Analysis Tests -----
	Tests:
		Test 1 passed
		Test 2 passed
		Test 3 passed
		Test 4 passed
		Test 5 passed
	Total: 12.0/12.0
----------
cgre0029 feedback - 2023-03-20 09-43-58
----- Code Cracking Tests -----
	Tests:
		Test 1 passed
		Test 2 passed
		Test 3 passed
		Test 4 passed
		Test 5 passed
----- Music Analysis Tests -----
	Tests:
		Test 1 passed
		Test 2 passed
		Test 3 passed
		Test 4 passed
		Test 5 passed
	Total: 12.0/12.0
----------
cgre0029 feedback - 2023-03-20 09-37-50
----- Code Cracking Tests -----
	Tests:
		Test 1 passed
		Test 2 passed
		Test 3 passed
		Test 4 passed
		Test 5 passed
----- Music Analysis Tests -----
	Tests:
		Test 1 passed
		Test 2 passed
		Test 3 passed
		Test 4 passed
		Test 5 passed
	Total: 12.0/12.0
----------
cgre0029 feedback - 2023-03-20 09-35-04
----- Code Cracking Tests -----
	Tests:
		Test 1 passed
		Test 2 passed
		Test 3 passed
		Test 4 passed
		Test 5 passed
----- Music Analysis Tests -----
	Tests:
		Test 1 passed
		Test 2 passed
		Test 3 passed
		Test 4 passed
		Test 5 passed
	Total: 12.0/12.0
----------
cgre0029 feedback - 2023-03-20 09-32-14
----- Code Cracking Tests -----
	Tests:
		Test 1 passed
		Test 2 passed
		Test 3 passed
		Test 4 passed
		Test 5 passed
----- Music Analysis Tests -----
	Tests:
		Test 1 passed
		Test 2 passed
		Test 3 passed
		Test 4 passed
		Test 5 passed
	Total: 12.0/12.0
----------
cgre0029 feedback - 2023-03-20 09-26-55
----- Code Cracking Tests -----
	Tests:
		Test 1 passed
		Test 2 passed
		Test 3 passed
		Test 4 passed
		Test 5 passed
----- Music Analysis Tests -----
	Tests:
		Test 1 passed
		Test 2 passed
		Test 3 passed
		Test 4 passed
		Test 5 passed
	Total: 12.0/12.0
----------
cgre0029 feedback - 2023-03-20 09-23-58
----- Code Cracking Tests -----
	Tests:
		Test 1 passed
		Test 2 passed
		Test 3 passed
		Test 4 passed
		Test 5 passed
----- Music Analysis Tests -----
	Tests:
		Test 1 passed
		Test 2 passed
		Test 3 passed
		Test 4 passed
		Test 5 passed
	Total: 12.0/12.0
----------
cgre0029 feedback - 2023-03-20 09-18-36
----- Code Cracking Tests -----
	Tests:
		Test 1 passed
		Test 2 passed
		Test 3 passed
		Test 4 passed
		Test 5 passed
----- Music Analysis Tests -----
	Tests:
		Test 1 passed
		Test 2 passed
		Test 3 passed
		Test 4 passed
		Test 5 passed
	Total: 12.0/12.0
----------
cgre0029 feedback - 2023-03-20 09-11-39
----- Code Cracking Tests -----
	Tests:
		Test 1 passed
		Test 2 passed
		Test 3 passed
		Test 4 passed
		Test 5 passed
----- Music Analysis Tests -----
	Tests:
		Test 1 passed
		Test 2 passed
		Test 3 passed
		Test 4 passed
		Test 5 passed
	Total: 12.0/12.0
----------
cgre0029 feedback - 2023-03-20 09-04-35
----- Code Cracking Tests -----
	Tests:
		Test 1 passed
		Test 2 passed
		Test 3 passed
		Test 4 passed
		Test 5 passed
----- Music Analysis Tests -----
	Tests:
		Test 1 passed
		Test 2 passed
		Test 3 passed
		Test 4 passed
		Test 5 passed
	Total: 12.0/12.0
----------
cgre0029 feedback - 2023-03-20 09-00-15
----- Code Cracking Tests -----
	Tests:
		Test 1 passed
		Test 2 passed
		Test 3 passed
		Test 4 passed
		Test 5 passed
----- Music Analysis Tests -----
	Tests:
		Test 1 passed
		Test 2 passed
		Test 3 passed
		Test 4 passed
		Test 5 passed
	Total: 12.0/12.0
----------
cgre0029 feedback - 2023-03-20 08-56-27
----- Code Cracking Tests -----
	Tests:
		Test 1 passed
		Test 2 passed
		Test 3 passed
		Test 4 passed
		Test 5 passed
----- Music Analysis Tests -----
	Tests:
		Test 1 passed
		Test 2 passed
		Test 3 passed
		Test 4 passed
		Test 5 passed
	Total: 12.0/12.0
----------
cgre0029 feedback - 2023-03-19 15-44-48
----- Code Cracking Tests -----
	Tests:
		Test 1 passed
		Test 2 passed
		Test 3 passed
		Test 4 passed
		Test 5 passed
----- Music Analysis Tests -----
	Tests:
		Test 1 passed
		Test 2 passed
		Test 3 passed
		Test 4 passed
		Test 5 passed
	Total: 12.0/12.0
----------
cgre0029 feedback - 2023-03-19 15-40-51
----- Code Cracking Tests -----
	Tests:
		Test 1 passed
		Test 2 passed
		Test 3 passed
		Test 4 passed
		Test 5 passed
----- Music Analysis Tests -----
	Tests:
		Test 1 passed
		Test 2 passed
		Test 3 passed
		Test 4 passed
		Test 5 passed
	Total: 12.0/12.0
----------
cgre0029 feedback - 2023-03-19 15-36-38
----- Code Cracking Tests -----
	Tests:
		Test 1 passed
		Test 2 passed
		Test 3 passed
		Test 4 passed
		Test 5 passed
----- Music Analysis Tests -----
	Tests:
		Test 1 passed
		Test 2 passed
		Test 3 passed
		Test 4 passed
		Test 5 passed
	Total: 12.0/12.0
----------
cgre0029 feedback - 2023-03-19 15-33-17
----- Code Cracking Tests -----
	Tests:
		Test 1 passed
		Test 2 passed
		Test 3 passed
		Test 4 passed
		Test 5 passed
----- Music Analysis Tests -----
	Tests:
		Test 1 passed
		Test 2 passed
		Test 3 passed
		Test 4 passed
		Test 5 passed
	Total: 12.0/12.0
----------
cgre0029 feedback - 2023-03-19 15-10-47
----- Code Cracking Tests -----
	Tests:
		Test 1 passed
		Test 2 passed
		Test 3 passed
		Test 4 passed
		Test 5 passed
----- Music Analysis Tests -----
	Tests:
		Test 1 passed
		Test 2 passed
		Test 3 passed
		Test 4 passed
		Test 5 passed
	Total: 12.0/12.0
----------
cgre0029 feedback - 2023-03-19 15-06-24
----- Code Cracking Tests -----
	Tests:
		Test 1 passed
		Test 2 passed
		Test 3 passed
		Test 4 passed
		Test 5 passed
----- Music Analysis Tests -----
	Tests:
		Test 1 passed
		Test 2 passed
		Test 3 passed
		Test 4 passed
		Test 5 passed
	Total: 12.0/12.0
----------
cgre0029 feedback - 2023-03-19 15-03-16
----- Code Cracking Tests -----
	Tests:
		Test 1 passed
		Test 2 passed
		Test 3 passed
		Test 4 passed
		Test 5 passed
----- Music Analysis Tests -----
	Tests:
		Test 1 passed
		Test 2 passed
		Test 3 passed
		Test 4 passed
		Test 5 passed
	Total: 12.0/12.0
----------
cgre0029 feedback - 2023-03-19 14-58-51
----- Code Cracking Tests -----
	Tests:
		Test 1 passed
		Test 2 passed
		Test 3 passed
		Test 4 passed
		Test 5 passed
----- Music Analysis Tests -----
	Tests:
		Test 1 passed
		Test 2 passed
		Test 3 passed
		Test 4 passed
		Test 5 passed
	Total: 12.0/12.0
----------
cgre0029 feedback - 2023-03-19 14-55-39
----- Code Cracking Tests -----
	Tests:
		Test 1 passed
		Test 2 passed
		Test 3 passed
		Test 4 passed
		Test 5 passed
----- Music Analysis Tests -----
	Tests:
		Test 1 passed
		Test 2 passed
		Test 3 passed
		Test 4 passed
		Test 5 passed
	Total: 12.0/12.0
----------
cgre0029 feedback - 2023-03-19 14-51-48
----- Code Cracking Tests -----
	Tests:
		Test 1 passed
		Test 2 passed
		Test 3 passed
		Test 4 passed
		Test 5 passed
----- Music Analysis Tests -----
	Tests:
		Test 1 passed
		Test 2 passed
		Test 3 passed
		Test 4 passed
		Test 5 passed
	Total: 12.0/12.0
----------
cgre0029 feedback - 2023-03-19 14-47-17
----- Code Cracking Tests -----
	Tests:
		Test 1 passed
		Test 2 passed
		Test 3 passed
		Test 4 passed
		Test 5 passed
----- Music Analysis Tests -----
	Tests:
		Test 1 passed
		Test 2 passed
		Test 3 passed
		Test 4 passed
		Test 5 passed
	Total: 12.0/12.0
----------
cgre0029 feedback - 2023-03-19 14-33-31
----- Code Cracking Tests -----
	Tests:
		Test 1 passed
		Test 2 passed
		Test 3 passed
		Test 4 passed
		Test 5 passed
----- Music Analysis Tests -----
	Tests:
		Test 1 passed
		Test 2 passed
		Test 3 passed
		Test 4 passed
		Test 5 passed
	Total: 12.0/12.0
----------
cgre0029 feedback - 2023-03-19 14-29-20
----- Code Cracking Tests -----
	Tests:
		Test 1 passed
		Test 2 passed
		Test 3 passed
		Test 4 passed
		Test 5 passed
----- Music Analysis Tests -----
	Tests:
		Test 1 passed
		Test 2 passed
		Test 3 passed
		Test 4 passed
		Test 5 passed
	Total: 12.0/12.0
----------
cgre0029 feedback - 2023-03-19 14-25-47
----- Code Cracking Tests -----
	Tests:
		Test 1 failed
			Input: 3 4 6 3 42 9 78 5 12 0 548 1 57 72
			Output: [0][0]: 6
[0][1]: 3
[0][2]: 42
[1][0]: 9
[1][1]: 78
[1][2]: 5
[2][0]: 12
[2][1]: 0
[2][2]: 548
[3][0]: 1
[3][1]: 57
[3][2]: 72
6 9 12 1 5 548 72 57 1 12 9 78 0 0
			Expected: 6 3 42 5 548 72 57 1 12 9
		Test 2 failed
			Input: 3 4 3456 658 234 74 23 57 23 64 567 23 12 5
			Output: [0][0]: 3456
[0][1]: 658
[0][2]: 234
[1][0]: 74
[1][1]: 23
[1][2]: 57
[2][0]: 23
[2][1]: 64
[2][2]: 567
[3][0]: 23
[3][1]: 12
[3][2]: 5
3456 74 23 23 57 567 5 12 23 23 74 23 64 64
			Expected: 3456 658 234 57 567 5 12 23 23 74
		Test 3 failed
			Input: 10 5 866 5797 2914 27 1121 1975 5288 936 1098 1007 1228 4152 8267 8330 2353 6453 8437 9256 2021 6489 5418 9724 278 4722 249 558 8709 8672 8347 9166 2099 4805 195 1818 8581 4562 3121 1301 9646 1071 9646 2557 2031 4984 6424 3934 3671 3858 2945 6619
			Output: [0][0]: 866
[0][1]: 5797
[0][2]: 2914
[0][3]: 27
[0][4]: 1121
[0][5]: 1975
[0][6]: 5288
[0][7]: 936
[0][8]: 1098
[0][9]: 1007
[1][0]: 1228
[1][1]: 4152
[1][2]: 8267
[1][3]: 8330
[1][4]: 2353
[1][5]: 6453
[1][6]: 8437
[1][7]: 9256
[1][8]: 2021
[1][9]: 6489
[2][0]: 5418
[2][1]: 9724
[2][2]: 278
[2][3]: 4722
[2][4]: 249
[2][5]: 558
[2][6]: 8709
[2][7]: 8672
[2][8]: 8347
[2][9]: 9166
[3][0]: 2099
[3][1]: 4805
[3][2]: 195
[3][3]: 1818
[3][4]: 8581
[3][5]: 4562
[3][6]: 3121
[3][7]: 1301
[3][8]: 9646
[3][9]: 1071
[4][0]: 9646
[4][1]: 2557
[4][2]: 2031
[4][3]: 4984
[4][4]: 6424
[4][5]: 3934
[4][6]: 3671
[4][7]: 3858
[4][8]: 2945
[4][9]: 6619
866 1228 5418 2099 9646 6489 9166 1071 6619 2945 3858 3671 3934 6424 4984 2031 2557 9646 2099 5418 1228 4152 9724 4805 8347 9646 1301 3121 4562 8581 1818 195 4805 9724 278 8709 558 249 4722 278
			Expected: 866 5797 2914 27 1121 1975 5288 936 1098 1007 6489 9166 1071 6619 2945 3858 3671 3934 6424 4984 2031 2557 9646 2099 5418 1228
		Test 4 failed
			Input: 4 5 8423 9842 133 7846 5449 9280 8712 9317 526 9848 6218 902 7712 209 3338 1507 1003 9900 9564 1500
			Output: [0][0]: 8423
[0][1]: 9842
[0][2]: 133
[0][3]: 7846
[1][0]: 5449
[1][1]: 9280
[1][2]: 8712
[1][3]: 9317
[2][0]: 526
[2][1]: 9848
[2][2]: 6218
[2][3]: 902
[3][0]: 7712
[3][1]: 209
[3][2]: 3338
[3][3]: 1507
[4][0]: 1003
[4][1]: 9900
[4][2]: 9564
[4][3]: 1500
8423 5449 526 7712 1003 9317 902 1507 1500 9564 9900 1003 7712 526 5449 9280 9848 209 6218 3338 209 9848
			Expected: 8423 9842 133 7846 9317 902 1507 1500 9564 9900 1003 7712 526 5449
		Test 5 failed
			Input: 5 4 8423 9842 133 7846 5449 9280 8712 9317 526 9848 6218 902 7712 209 3338 1507 1003 9900 9564 1500
			Output: [0][0]: 8423
[0][1]: 9842
[0][2]: 133
[0][3]: 7846
[0][4]: 5449
[1][0]: 9280
[1][1]: 8712
[1][2]: 9317
[1][3]: 526
[1][4]: 9848
[2][0]: 6218
[2][1]: 902
[2][2]: 7712
[2][3]: 209
[2][4]: 3338
[3][0]: 1507
[3][1]: 1003
[3][2]: 9900
[3][3]: 9564
[3][4]: 1500
8423 9280 6218 1507 9848 3338 1500 9564 9900 1003 1507 6218 9280 8712 902 209 7712 902
			Expected: 8423 9842 133 7846 5449 9848 3338 1500 9564 9900 1003 1507 6218 9280
----- Music Analysis Tests -----
	Tests:
		Test 1 passed
		Test 2 passed
		Test 3 passed
		Test 4 passed
		Test 5 passed
	Total: 7.0/12.0
----------
cgre0029 feedback - 2023-03-19 14-22-58
----- Code Cracking Tests -----
	Tests:
		Test 1 failed
			Input: 3 4 6 3 42 9 78 5 12 0 548 1 57 72
			Output: [0][0]: 6
[0][1]: 3
[0][2]: 42
[1][0]: 9
[1][1]: 78
[1][2]: 5
[2][0]: 12
[2][1]: 0
[2][2]: 548
[3][0]: 1
[3][1]: 57
[3][2]: 72
6 9 12 1 0 548 1 12 9 42 3 78 0 5
			Expected: 6 3 42 5 548 72 57 1 12 9
		Test 2 failed
			Input: 3 4 3456 658 234 74 23 57 23 64 567 23 12 5
			Output: [0][0]: 3456
[0][1]: 658
[0][2]: 234
[1][0]: 74
[1][1]: 23
[1][2]: 57
[2][0]: 23
[2][1]: 64
[2][2]: 567
[3][0]: 23
[3][1]: 12
[3][2]: 5
3456 74 23 23 64 567 23 23 74 234 658 23 64 57
			Expected: 3456 658 234 57 567 5 12 23 23 74
		Test 3 failed
			Input: 10 5 866 5797 2914 27 1121 1975 5288 936 1098 1007 1228 4152 8267 8330 2353 6453 8437 9256 2021 6489 5418 9724 278 4722 249 558 8709 8672 8347 9166 2099 4805 195 1818 8581 4562 3121 1301 9646 1071 9646 2557 2031 4984 6424 3934 3671 3858 2945 6619
			Output: [0][0]: 866
[0][1]: 5797
[0][2]: 2914
[0][3]: 27
[0][4]: 1121
[0][5]: 1975
[0][6]: 5288
[0][7]: 936
[0][8]: 1098
[0][9]: 1007
[1][0]: 1228
[1][1]: 4152
[1][2]: 8267
[1][3]: 8330
[1][4]: 2353
[1][5]: 6453
[1][6]: 8437
[1][7]: 9256
[1][8]: 2021
[1][9]: 6489
[2][0]: 5418
[2][1]: 9724
[2][2]: 278
[2][3]: 4722
[2][4]: 249
[2][5]: 558
[2][6]: 8709
[2][7]: 8672
[2][8]: 8347
[2][9]: 9166
[3][0]: 2099
[3][1]: 4805
[3][2]: 195
[3][3]: 1818
[3][4]: 8581
[3][5]: 4562
[3][6]: 3121
[3][7]: 1301
[3][8]: 9646
[3][9]: 1071
[4][0]: 9646
[4][1]: 2557
[4][2]: 2031
[4][3]: 4984
[4][4]: 6424
[4][5]: 3934
[4][6]: 3671
[4][7]: 3858
[4][8]: 2945
[4][9]: 6619
866 1228 5418 2099 9646 -1767600625 1194001128 32697 336946784 9 9 10 -1757332448 6424 8581 249 2353 1121 27 2914 5797 4152 9724 4805 365683360 21893 0 0 832 4984 1818 4722 8330 8267 278 0 832 2031 195 278
			Expected: 866 5797 2914 27 1121 1975 5288 936 1098 1007 6489 9166 1071 6619 2945 3858 3671 3934 6424 4984 2031 2557 9646 2099 5418 1228
		Test 4 failed
			Input: 4 5 8423 9842 133 7846 5449 9280 8712 9317 526 9848 6218 902 7712 209 3338 1507 1003 9900 9564 1500
			Output: [0][0]: 8423
[0][1]: 9842
[0][2]: 133
[0][3]: 7846
[1][0]: 5449
[1][1]: 9280
[1][2]: 8712
[1][3]: 9317
[2][0]: 526
[2][1]: 9848
[2][2]: 6218
[2][3]: 902
[3][0]: 7712
[3][1]: 209
[3][2]: 3338
[3][3]: 1507
[4][0]: 1003
[4][1]: 9900
[4][2]: 9564
[4][3]: 1500
8423 5449 526 7712 1003 209 3338 1507 1003 7712 526 5449 7846 133 9842 9280 9848 209 6218 902 9317 8712
			Expected: 8423 9842 133 7846 9317 902 1507 1500 9564 9900 1003 7712 526 5449
		Test 5 failed
			Input: 5 4 8423 9842 133 7846 5449 9280 8712 9317 526 9848 6218 902 7712 209 3338 1507 1003 9900 9564 1500
			Output: [0][0]: 8423
[0][1]: 9842
[0][2]: 133
[0][3]: 7846
[0][4]: 5449
[1][0]: 9280
[1][1]: 8712
[1][2]: 9317
[1][3]: 526
[1][4]: 9848
[2][0]: 6218
[2][1]: 902
[2][2]: 7712
[2][3]: 209
[2][4]: 3338
[3][0]: 1507
[3][1]: 1003
[3][2]: 9900
[3][3]: 9564
[3][4]: 1500
8423 9280 6218 1507 832 1719719456 32767 9564 209 526 7846 133 9842 8712 902 9900 7712 9317
			Expected: 8423 9842 133 7846 5449 9848 3338 1500 9564 9900 1003 1507 6218 9280
----- Music Analysis Tests -----
	Tests:
		Test 1 passed
		Test 2 passed
		Test 3 passed
		Test 4 passed
		Test 5 passed
	Total: 7.0/12.0
----------
cgre0029 feedback - 2023-03-19 14-18-02
----- Code Cracking Tests -----
	Tests:
		Test 1 failed
			Input: 3 4 6 3 42 9 78 5 12 0 548 1 57 72
			Output: [0][0]: 6
[0][1]: 3
[0][2]: 42
[0][3]: 9
[1][0]: 78
[1][1]: 5
[1][2]: 12
[1][3]: 0
[2][0]: 548
[2][1]: 1
[2][2]: 57
[2][3]: 72
6 78 548 72 1 57 72 548 78 42 3 5 1 12
			Expected: 6 3 42 5 548 72 57 1 12 9
		Test 2 failed
			Input: 3 4 3456 658 234 74 23 57 23 64 567 23 12 5
			Output: [0][0]: 3456
[0][1]: 658
[0][2]: 234
[0][3]: 74
[1][0]: 23
[1][1]: 57
[1][2]: 23
[1][3]: 64
[2][0]: 567
[2][1]: 23
[2][2]: 12
[2][3]: 5
3456 23 567 5 23 12 5 567 23 234 658 57 23 23
			Expected: 3456 658 234 57 567 5 12 23 23 74
		Test 3 failed
			Input: 10 5 866 5797 2914 27 1121 1975 5288 936 1098 1007 1228 4152 8267 8330 2353 6453 8437 9256 2021 6489 5418 9724 278 4722 249 558 8709 8672 8347 9166 2099 4805 195 1818 8581 4562 3121 1301 9646 1071 9646 2557 2031 4984 6424 3934 3671 3858 2945 6619
			Output: [0][0]: 866
[0][1]: 5797
[0][2]: 2914
[0][3]: 27
[0][4]: 1121
[1][0]: 1975
[1][1]: 5288
[1][2]: 936
[1][3]: 1098
[1][4]: 1007
[2][0]: 1228
[2][1]: 4152
[2][2]: 8267
[2][3]: 8330
[2][4]: 2353
[3][0]: 6453
[3][1]: 8437
[3][2]: 9256
[3][3]: 2021
[3][4]: 6489
[4][0]: 5418
[4][1]: 9724
[4][2]: 278
[4][3]: 4722
[4][4]: 249
[5][0]: 558
[5][1]: 8709
[5][2]: 8672
[5][3]: 8347
[5][4]: 9166
[6][0]: 2099
[6][1]: 4805
[6][2]: 195
[6][3]: 1818
[6][4]: 8581
[7][0]: 4562
[7][1]: 3121
[7][2]: 1301
[7][3]: 9646
[7][4]: 1071
[8][0]: 9646
[8][1]: 2557
[8][2]: 2031
[8][3]: 4984
[8][4]: 6424
[9][0]: 3934
[9][1]: 3671
[9][2]: 3858
[9][3]: 2945
[9][4]: 6619
866 1975 1228 6453 5418 3671 3858 2945 6619 3934 9646 4562 2099 558 5418 6453 1228 1975 27 2914 5797 5288 4152 8437 2031 4984 9646 1818 8347 4722 2021 8330 1098 936 8267 195 8672 278 9256 8267
			Expected: 866 5797 2914 27 1121 1975 5288 936 1098 1007 6489 9166 1071 6619 2945 3858 3671 3934 6424 4984 2031 2557 9646 2099 5418 1228
		Test 4 failed
			Input: 4 5 8423 9842 133 7846 5449 9280 8712 9317 526 9848 6218 902 7712 209 3338 1507 1003 9900 9564 1500
			Output: [0][0]: 8423
[0][1]: 9842
[0][2]: 133
[0][3]: 7846
[0][4]: 5449
[1][0]: 9280
[1][1]: 8712
[1][2]: 9317
[1][3]: 526
[1][4]: 9848
[2][0]: 6218
[2][1]: 902
[2][2]: 7712
[2][3]: 209
[2][4]: 3338
[3][0]: 1507
[3][1]: 1003
[3][2]: 9900
[3][3]: 9564
[3][4]: 1500
8423 9280 6218 1507 1500 1003 9900 9564 1500 1507 6218 9280 7846 133 9842 8712 902 1003 7712 209 526 9317
			Expected: 8423 9842 133 7846 9317 902 1507 1500 9564 9900 1003 7712 526 5449
		Test 5 failed
			Input: 5 4 8423 9842 133 7846 5449 9280 8712 9317 526 9848 6218 902 7712 209 3338 1507 1003 9900 9564 1500
			Output: [0][0]: 8423
[0][1]: 9842
[0][2]: 133
[0][3]: 7846
[1][0]: 5449
[1][1]: 9280
[1][2]: 8712
[1][3]: 9317
[2][0]: 526
[2][1]: 9848
[2][2]: 6218
[2][3]: 902
[3][0]: 7712
[3][1]: 209
[3][2]: 3338
[3][3]: 1507
[4][0]: 1003
[4][1]: 9900
[4][2]: 9564
[4][3]: 1500
8423 5449 526 7712 9900 9564 1500 1003 7712 526 5449 133 9842 9280 9848 3338 6218 8712
			Expected: 8423 9842 133 7846 5449 9848 3338 1500 9564 9900 1003 1507 6218 9280
----- Music Analysis Tests -----
	Tests:
		Test 1 passed
		Test 2 passed
		Test 3 passed
		Test 4 passed
		Test 5 passed
	Total: 7.0/12.0
----------
cgre0029 feedback - 2023-03-19 14-13-53
----- Code Cracking Tests -----
	Tests:
		Test 1 failed
			Input: 3 4 6 3 42 9 78 5 12 0 548 1 57 72
			Output: 6 78 548 832 1 57 72 0 9 42 3 5 1 12
			Expected: 6 3 42 5 548 72 57 1 12 9
		Test 2 failed
			Input: 3 4 3456 658 234 74 23 57 23 64 567 23 12 5
			Output: 3456 23 567 832 23 12 5 64 74 234 658 57 23 23
			Expected: 3456 658 234 57 567 5 12 23 23 74
		Test 3 failed
			Input: 10 5 866 5797 2914 27 1121 1975 5288 936 1098 1007 1228 4152 8267 8330 2353 6453 8437 9256 2021 6489 5418 9724 278 4722 249 558 8709 8672 8347 9166 2099 4805 195 1818 8581 4562 3121 1301 9646 1071 9646 2557 2031 4984 6424 3934 3671 3858 2945 6619
			Output: 866 1975 1228 6453 5418 3671 3858 2945 6619 6424 1071 8581 9166 249 6489 2353 1007 1121 27 2914 5797 5288 4152 8437 2031 4984 9646 1818 8347 4722 2021 8330 1098 936 8267 195 8672 278 9256 8267
			Expected: 866 5797 2914 27 1121 1975 5288 936 1098 1007 6489 9166 1071 6619 2945 3858 3671 3934 6424 4984 2031 2557 9646 2099 5418 1228
		Test 4 failed
			Input: 4 5 8423 9842 133 7846 5449 9280 8712 9317 526 9848 6218 902 7712 209 3338 1507 1003 9900 9564 1500
			Output: 8423 9280 6218 1507 832 1003 9900 9564 1500 3338 9848 5449 7846 133 9842 8712 902 1003 7712 209 526 9317
			Expected: 8423 9842 133 7846 9317 902 1507 1500 9564 9900 1003 7712 526 5449
		Test 5 failed
			Input: 5 4 8423 9842 133 7846 5449 9280 8712 9317 526 9848 6218 902 7712 209 3338 1507 1003 9900 9564 1500
			Output: 8423 5449 526 7712 9900 9564 1500 1507 902 9317 7846 133 9842 9280 9848 3338 6218 8712
			Expected: 8423 9842 133 7846 5449 9848 3338 1500 9564 9900 1003 1507 6218 9280
----- Music Analysis Tests -----
	Tests:
		Test 1 passed
		Test 2 passed
		Test 3 passed
		Test 4 passed
		Test 5 passed
	Total: 7.0/12.0
----------
cgre0029 feedback - 2023-03-19 14-10-25
----- Code Cracking Tests -----
	Tests:
		Test 1 failed
			Input: 3 4 6 3 42 9 78 5 12 0 548 1 57 72
			Output: 
			Expected: 6 3 42 5 548 72 57 1 12 9
		Test 2 failed
			Input: 3 4 3456 658 234 74 23 57 23 64 567 23 12 5
			Output: 
			Expected: 3456 658 234 57 567 5 12 23 23 74
		Test 3 failed
			Input: 10 5 866 5797 2914 27 1121 1975 5288 936 1098 1007 1228 4152 8267 8330 2353 6453 8437 9256 2021 6489 5418 9724 278 4722 249 558 8709 8672 8347 9166 2099 4805 195 1818 8581 4562 3121 1301 9646 1071 9646 2557 2031 4984 6424 3934 3671 3858 2945 6619
			Output: 
			Expected: 866 5797 2914 27 1121 1975 5288 936 1098 1007 6489 9166 1071 6619 2945 3858 3671 3934 6424 4984 2031 2557 9646 2099 5418 1228
		Test 4 failed
			Input: 4 5 8423 9842 133 7846 5449 9280 8712 9317 526 9848 6218 902 7712 209 3338 1507 1003 9900 9564 1500
			Output: 
			Expected: 8423 9842 133 7846 9317 902 1507 1500 9564 9900 1003 7712 526 5449
		Test 5 failed
			Input: 5 4 8423 9842 133 7846 5449 9280 8712 9317 526 9848 6218 902 7712 209 3338 1507 1003 9900 9564 1500
			Output: 
			Expected: 8423 9842 133 7846 5449 9848 3338 1500 9564 9900 1003 1507 6218 9280
----- Music Analysis Tests -----
	Tests:
		Test 1 passed
		Test 2 passed
		Test 3 passed
		Test 4 passed
		Test 5 passed
	Total: 7.0/12.0
----------
cgre0029 feedback - 2023-03-19 14-06-33
----- Code Cracking Tests -----
	Tests:
		Test 1 failed
			Input: 3 4 6 3 42 9 78 5 12 0 548 1 57 72
			Output: 
			Expected: 6 3 42 5 548 72 57 1 12 9
		Test 2 failed
			Input: 3 4 3456 658 234 74 23 57 23 64 567 23 12 5
			Output: 
			Expected: 3456 658 234 57 567 5 12 23 23 74
		Test 3 failed
			Input: 10 5 866 5797 2914 27 1121 1975 5288 936 1098 1007 1228 4152 8267 8330 2353 6453 8437 9256 2021 6489 5418 9724 278 4722 249 558 8709 8672 8347 9166 2099 4805 195 1818 8581 4562 3121 1301 9646 1071 9646 2557 2031 4984 6424 3934 3671 3858 2945 6619
			Output: 
			Expected: 866 5797 2914 27 1121 1975 5288 936 1098 1007 6489 9166 1071 6619 2945 3858 3671 3934 6424 4984 2031 2557 9646 2099 5418 1228
		Test 4 failed
			Input: 4 5 8423 9842 133 7846 5449 9280 8712 9317 526 9848 6218 902 7712 209 3338 1507 1003 9900 9564 1500
			Output: 
			Expected: 8423 9842 133 7846 9317 902 1507 1500 9564 9900 1003 7712 526 5449
		Test 5 failed
			Input: 5 4 8423 9842 133 7846 5449 9280 8712 9317 526 9848 6218 902 7712 209 3338 1507 1003 9900 9564 1500
			Output: 
			Expected: 8423 9842 133 7846 5449 9848 3338 1500 9564 9900 1003 1507 6218 9280
----- Music Analysis Tests -----
	Tests:
		Test 1 passed
		Test 2 passed
		Test 3 passed
		Test 4 passed
		Test 5 passed
	Total: 7.0/12.0
----------
cgre0029 feedback - 2023-03-19 13-59-29
----- Code Cracking Tests -----
	Tests:
		Test 1 failed
			Input: 3 4 6 3 42 9 78 5 12 0 548 1 57 72
			Output: 
			Expected: 6 3 42 5 548 72 57 1 12 9
		Test 2 failed
			Input: 3 4 3456 658 234 74 23 57 23 64 567 23 12 5
			Output: 
			Expected: 3456 658 234 57 567 5 12 23 23 74
		Test 3 failed
			Input: 10 5 866 5797 2914 27 1121 1975 5288 936 1098 1007 1228 4152 8267 8330 2353 6453 8437 9256 2021 6489 5418 9724 278 4722 249 558 8709 8672 8347 9166 2099 4805 195 1818 8581 4562 3121 1301 9646 1071 9646 2557 2031 4984 6424 3934 3671 3858 2945 6619
			Output: 
			Expected: 866 5797 2914 27 1121 1975 5288 936 1098 1007 6489 9166 1071 6619 2945 3858 3671 3934 6424 4984 2031 2557 9646 2099 5418 1228
		Test 4 failed
			Input: 4 5 8423 9842 133 7846 5449 9280 8712 9317 526 9848 6218 902 7712 209 3338 1507 1003 9900 9564 1500
			Output: 
			Expected: 8423 9842 133 7846 9317 902 1507 1500 9564 9900 1003 7712 526 5449
		Test 5 failed
			Input: 5 4 8423 9842 133 7846 5449 9280 8712 9317 526 9848 6218 902 7712 209 3338 1507 1003 9900 9564 1500
			Output: 
			Expected: 8423 9842 133 7846 5449 9848 3338 1500 9564 9900 1003 1507 6218 9280
----- Music Analysis Tests -----
	Tests:
		Test 1 passed
		Test 2 passed
		Test 3 passed
		Test 4 passed
		Test 5 passed
	Total: 7.0/12.0
----------
cgre0029 feedback - 2023-03-19 13-55-26
----- Code Cracking Tests -----
	Tests:
		Test 1 failed
			Input: 3 4 6 3 42 9 78 5 12 0 548 1 57 72
			Output: 
			Expected: 6 3 42 5 548 72 57 1 12 9
		Test 2 failed
			Input: 3 4 3456 658 234 74 23 57 23 64 567 23 12 5
			Output: 
			Expected: 3456 658 234 57 567 5 12 23 23 74
		Test 3 failed
			Input: 10 5 866 5797 2914 27 1121 1975 5288 936 1098 1007 1228 4152 8267 8330 2353 6453 8437 9256 2021 6489 5418 9724 278 4722 249 558 8709 8672 8347 9166 2099 4805 195 1818 8581 4562 3121 1301 9646 1071 9646 2557 2031 4984 6424 3934 3671 3858 2945 6619
			Output: 
			Expected: 866 5797 2914 27 1121 1975 5288 936 1098 1007 6489 9166 1071 6619 2945 3858 3671 3934 6424 4984 2031 2557 9646 2099 5418 1228
		Test 4 failed
			Input: 4 5 8423 9842 133 7846 5449 9280 8712 9317 526 9848 6218 902 7712 209 3338 1507 1003 9900 9564 1500
			Output: 
			Expected: 8423 9842 133 7846 9317 902 1507 1500 9564 9900 1003 7712 526 5449
		Test 5 failed
			Input: 5 4 8423 9842 133 7846 5449 9280 8712 9317 526 9848 6218 902 7712 209 3338 1507 1003 9900 9564 1500
			Output: 
			Expected: 8423 9842 133 7846 5449 9848 3338 1500 9564 9900 1003 1507 6218 9280
----- Music Analysis Tests -----
	Tests:
		Test 1 passed
		Test 2 passed
		Test 3 passed
		Test 4 passed
		Test 5 passed
	Total: 7.0/12.0
----------
cgre0029 feedback - 2023-03-19 13-52-07
----- Code Cracking Tests -----
	Tests:
		Test 1 failed
			Input: 3 4 6 3 42 9 78 5 12 0 548 1 57 72
			Output: 
			Expected: 6 3 42 5 548 72 57 1 12 9
		Test 2 failed
			Input: 3 4 3456 658 234 74 23 57 23 64 567 23 12 5
			Output: 
			Expected: 3456 658 234 57 567 5 12 23 23 74
		Test 3 failed
			Input: 10 5 866 5797 2914 27 1121 1975 5288 936 1098 1007 1228 4152 8267 8330 2353 6453 8437 9256 2021 6489 5418 9724 278 4722 249 558 8709 8672 8347 9166 2099 4805 195 1818 8581 4562 3121 1301 9646 1071 9646 2557 2031 4984 6424 3934 3671 3858 2945 6619
			Output: 
			Expected: 866 5797 2914 27 1121 1975 5288 936 1098 1007 6489 9166 1071 6619 2945 3858 3671 3934 6424 4984 2031 2557 9646 2099 5418 1228
		Test 4 failed
			Input: 4 5 8423 9842 133 7846 5449 9280 8712 9317 526 9848 6218 902 7712 209 3338 1507 1003 9900 9564 1500
			Output: 
			Expected: 8423 9842 133 7846 9317 902 1507 1500 9564 9900 1003 7712 526 5449
		Test 5 failed
			Input: 5 4 8423 9842 133 7846 5449 9280 8712 9317 526 9848 6218 902 7712 209 3338 1507 1003 9900 9564 1500
			Output: 
			Expected: 8423 9842 133 7846 5449 9848 3338 1500 9564 9900 1003 1507 6218 9280
----- Music Analysis Tests -----
	Tests:
		Test 1 passed
		Test 2 passed
		Test 3 passed
		Test 4 passed
		Test 5 passed
	Total: 7.0/12.0
----------
cgre0029 feedback - 2023-03-19 13-48-27
----- Code Cracking Tests -----
	Tests:
		Test 1 failed
			Input: 3 4 6 3 42 9 78 5 12 0 548 1 57 72
			Output: 
			Expected: 6 3 42 5 548 72 57 1 12 9
		Test 2 failed
			Input: 3 4 3456 658 234 74 23 57 23 64 567 23 12 5
			Output: 
			Expected: 3456 658 234 57 567 5 12 23 23 74
		Test 3 failed
			Input: 10 5 866 5797 2914 27 1121 1975 5288 936 1098 1007 1228 4152 8267 8330 2353 6453 8437 9256 2021 6489 5418 9724 278 4722 249 558 8709 8672 8347 9166 2099 4805 195 1818 8581 4562 3121 1301 9646 1071 9646 2557 2031 4984 6424 3934 3671 3858 2945 6619
			Output: 
			Expected: 866 5797 2914 27 1121 1975 5288 936 1098 1007 6489 9166 1071 6619 2945 3858 3671 3934 6424 4984 2031 2557 9646 2099 5418 1228
		Test 4 failed
			Input: 4 5 8423 9842 133 7846 5449 9280 8712 9317 526 9848 6218 902 7712 209 3338 1507 1003 9900 9564 1500
			Output: 
			Expected: 8423 9842 133 7846 9317 902 1507 1500 9564 9900 1003 7712 526 5449
		Test 5 failed
			Input: 5 4 8423 9842 133 7846 5449 9280 8712 9317 526 9848 6218 902 7712 209 3338 1507 1003 9900 9564 1500
			Output: 
			Expected: 8423 9842 133 7846 5449 9848 3338 1500 9564 9900 1003 1507 6218 9280
----- Music Analysis Tests -----
	Tests:
		Test 1 passed
		Test 2 passed
		Test 3 passed
		Test 4 passed
		Test 5 passed
	Total: 7.0/12.0
----------
cgre0029 feedback - 2023-03-19 13-40-51
----- Code Cracking Tests -----
	Tests:
		Test 1 failed
			Input: 3 4 6 3 42 9 78 5 12 0 548 1 57 72
			Output: 
			Expected: 6 3 42 5 548 72 57 1 12 9
		Test 2 failed
			Input: 3 4 3456 658 234 74 23 57 23 64 567 23 12 5
			Output: 
			Expected: 3456 658 234 57 567 5 12 23 23 74
		Test 3 failed
			Input: 10 5 866 5797 2914 27 1121 1975 5288 936 1098 1007 1228 4152 8267 8330 2353 6453 8437 9256 2021 6489 5418 9724 278 4722 249 558 8709 8672 8347 9166 2099 4805 195 1818 8581 4562 3121 1301 9646 1071 9646 2557 2031 4984 6424 3934 3671 3858 2945 6619
			Output: 
			Expected: 866 5797 2914 27 1121 1975 5288 936 1098 1007 6489 9166 1071 6619 2945 3858 3671 3934 6424 4984 2031 2557 9646 2099 5418 1228
		Test 4 failed
			Input: 4 5 8423 9842 133 7846 5449 9280 8712 9317 526 9848 6218 902 7712 209 3338 1507 1003 9900 9564 1500
			Output: 
			Expected: 8423 9842 133 7846 9317 902 1507 1500 9564 9900 1003 7712 526 5449
		Test 5 failed
			Input: 5 4 8423 9842 133 7846 5449 9280 8712 9317 526 9848 6218 902 7712 209 3338 1507 1003 9900 9564 1500
			Output: 
			Expected: 8423 9842 133 7846 5449 9848 3338 1500 9564 9900 1003 1507 6218 9280
----- Music Analysis Tests -----
	Tests:
		Test 1 passed
		Test 2 passed
		Test 3 passed
		Test 4 passed
		Test 5 passed
	Total: 7.0/12.0
----------
cgre0029 feedback - 2023-03-19 13-36-36
----- Code Cracking Tests -----
	Tests:
		Test 1 failed
			Input: 3 4 6 3 42 9 78 5 12 0 548 1 57 72
			Output: 
			Expected: 6 3 42 5 548 72 57 1 12 9
		Test 2 failed
			Input: 3 4 3456 658 234 74 23 57 23 64 567 23 12 5
			Output: 
			Expected: 3456 658 234 57 567 5 12 23 23 74
		Test 3 failed
			Input: 10 5 866 5797 2914 27 1121 1975 5288 936 1098 1007 1228 4152 8267 8330 2353 6453 8437 9256 2021 6489 5418 9724 278 4722 249 558 8709 8672 8347 9166 2099 4805 195 1818 8581 4562 3121 1301 9646 1071 9646 2557 2031 4984 6424 3934 3671 3858 2945 6619
			Output: 
			Expected: 866 5797 2914 27 1121 1975 5288 936 1098 1007 6489 9166 1071 6619 2945 3858 3671 3934 6424 4984 2031 2557 9646 2099 5418 1228
		Test 4 failed
			Input: 4 5 8423 9842 133 7846 5449 9280 8712 9317 526 9848 6218 902 7712 209 3338 1507 1003 9900 9564 1500
			Output: 
			Expected: 8423 9842 133 7846 9317 902 1507 1500 9564 9900 1003 7712 526 5449
		Test 5 failed
			Input: 5 4 8423 9842 133 7846 5449 9280 8712 9317 526 9848 6218 902 7712 209 3338 1507 1003 9900 9564 1500
			Output: 
			Expected: 8423 9842 133 7846 5449 9848 3338 1500 9564 9900 1003 1507 6218 9280
----- Music Analysis Tests -----
	Tests:
		Test 1 passed
		Test 2 passed
		Test 3 passed
		Test 4 passed
		Test 5 passed
	Total: 7.0/12.0
----------
cgre0029 feedback - 2023-03-18 18-35-48
----- Code Cracking Tests -----
	Tests:
		Test 1 failed
			Input: 3 4 6 3 42 9 78 5 12 0 548 1 57 72
			Output: 
			Expected: 6 3 42 5 548 72 57 1 12 9
		Test 2 failed
			Input: 3 4 3456 658 234 74 23 57 23 64 567 23 12 5
			Output: 
			Expected: 3456 658 234 57 567 5 12 23 23 74
		Test 3 failed
			Input: 10 5 866 5797 2914 27 1121 1975 5288 936 1098 1007 1228 4152 8267 8330 2353 6453 8437 9256 2021 6489 5418 9724 278 4722 249 558 8709 8672 8347 9166 2099 4805 195 1818 8581 4562 3121 1301 9646 1071 9646 2557 2031 4984 6424 3934 3671 3858 2945 6619
			Output: 
			Expected: 866 5797 2914 27 1121 1975 5288 936 1098 1007 6489 9166 1071 6619 2945 3858 3671 3934 6424 4984 2031 2557 9646 2099 5418 1228
		Test 4 failed
			Input: 4 5 8423 9842 133 7846 5449 9280 8712 9317 526 9848 6218 902 7712 209 3338 1507 1003 9900 9564 1500
			Output: 
			Expected: 8423 9842 133 7846 9317 902 1507 1500 9564 9900 1003 7712 526 5449
		Test 5 failed
			Input: 5 4 8423 9842 133 7846 5449 9280 8712 9317 526 9848 6218 902 7712 209 3338 1507 1003 9900 9564 1500
			Output: 
			Expected: 8423 9842 133 7846 5449 9848 3338 1500 9564 9900 1003 1507 6218 9280
----- Music Analysis Tests -----
	Tests:
		Test 1 passed
		Test 2 passed
		Test 3 passed
		Test 4 passed
		Test 5 passed
	Total: 7.0/12.0
----------
cgre0029 feedback - 2023-03-18 18-31-45
----- Code Cracking Tests -----
	Tests:
		Test 1 failed
			Input: 3 4 6 3 42 9 78 5 12 0 548 1 57 72
			Output: 
			Expected: 6 3 42 5 548 72 57 1 12 9
		Test 2 failed
			Input: 3 4 3456 658 234 74 23 57 23 64 567 23 12 5
			Output: 
			Expected: 3456 658 234 57 567 5 12 23 23 74
		Test 3 failed
			Input: 10 5 866 5797 2914 27 1121 1975 5288 936 1098 1007 1228 4152 8267 8330 2353 6453 8437 9256 2021 6489 5418 9724 278 4722 249 558 8709 8672 8347 9166 2099 4805 195 1818 8581 4562 3121 1301 9646 1071 9646 2557 2031 4984 6424 3934 3671 3858 2945 6619
			Output: 
			Expected: 866 5797 2914 27 1121 1975 5288 936 1098 1007 6489 9166 1071 6619 2945 3858 3671 3934 6424 4984 2031 2557 9646 2099 5418 1228
		Test 4 failed
			Input: 4 5 8423 9842 133 7846 5449 9280 8712 9317 526 9848 6218 902 7712 209 3338 1507 1003 9900 9564 1500
			Output: 
			Expected: 8423 9842 133 7846 9317 902 1507 1500 9564 9900 1003 7712 526 5449
		Test 5 failed
			Input: 5 4 8423 9842 133 7846 5449 9280 8712 9317 526 9848 6218 902 7712 209 3338 1507 1003 9900 9564 1500
			Output: 
			Expected: 8423 9842 133 7846 5449 9848 3338 1500 9564 9900 1003 1507 6218 9280
----- Music Analysis Tests -----
	Tests:
		Test 1 passed
		Test 2 passed
		Test 3 passed
		Test 4 passed
		Test 5 passed
	Total: 7.0/12.0
----------
cgre0029 feedback - 2023-03-16 15-30-39
code_cracking.c was not found
----- Code Cracking Tests -----
	code_cracking.c was not found
	Tests:
		Test 1 failed
			Input: 3 4 6 3 42 9 78 5 12 0 548 1 57 72
			Output: 
			Expected: 6 3 42 5 548 72 57 1 12 9
		Test 2 failed
			Input: 3 4 3456 658 234 74 23 57 23 64 567 23 12 5
			Output: 
			Expected: 3456 658 234 57 567 5 12 23 23 74
		Test 3 failed
			Input: 10 5 866 5797 2914 27 1121 1975 5288 936 1098 1007 1228 4152 8267 8330 2353 6453 8437 9256 2021 6489 5418 9724 278 4722 249 558 8709 8672 8347 9166 2099 4805 195 1818 8581 4562 3121 1301 9646 1071 9646 2557 2031 4984 6424 3934 3671 3858 2945 6619
			Output: 
			Expected: 866 5797 2914 27 1121 1975 5288 936 1098 1007 6489 9166 1071 6619 2945 3858 3671 3934 6424 4984 2031 2557 9646 2099 5418 1228
		Test 4 failed
			Input: 4 5 8423 9842 133 7846 5449 9280 8712 9317 526 9848 6218 902 7712 209 3338 1507 1003 9900 9564 1500
			Output: 
			Expected: 8423 9842 133 7846 9317 902 1507 1500 9564 9900 1003 7712 526 5449
		Test 5 failed
			Input: 5 4 8423 9842 133 7846 5449 9280 8712 9317 526 9848 6218 902 7712 209 3338 1507 1003 9900 9564 1500
			Output: 
			Expected: 8423 9842 133 7846 5449 9848 3338 1500 9564 9900 1003 1507 6218 9280
----- Music Analysis Tests -----
	Tests:
		Test 1 failed
		Wrongly Included:
			uqrihnmwyb - fjdtlpllkr, bsfrsfzsmb (2014 - 1091327)
			fcuilfnbte - lrirwtotwq, bkxavqeibh (1979 - 3094605)
			fcuilfnbte - lrirwtotwq, bkxavqeibh (1979 - 3094605)
			fcuilfnbte - lrirwtotwq, bkxavqeibh (1979 - 3094605)
			fcuilfnbte - lrirwtotwq, bkxavqeibh (1979 - 3094605)
		Failed to include:
			sbmsiqijsi - elrzfjsqfv, miwmftvvye (2000 - 9605017)
			kbyvemjuif - chhykwlefg, rofgitdgwy (1971 - 7304436)
			kkvhoehohl - flmouboppr, kcuntjkofp (1961 - 7391307)
			faiwqngnnl - qdfzpmqkem, edjrawdpdg (2014 - 7987006)
			odvpmckbnt - amfvsquvqt, jrjxvxsvso (1971 - 8412968)
		Test 2 failed
		Wrongly Included:
			maacxcfkcu - ubhpfrtjrk, thebsecxqd (1979 - 4919419)
			fsmojszybe - fifovdatvu, ubfqumieue (1985 - 1631591)
			fsmojszybe - fifovdatvu, ubfqumieue (1985 - 1631591)
			fsmojszybe - fifovdatvu, ubfqumieue (1985 - 1631591)
			fsmojszybe - fifovdatvu, ubfqumieue (1985 - 1631591)
		Failed to include:
			luvmrafqyy - csopqvtgzv, uzeaveaddm (1961 - 9801967)
			dyghiupnum - hpziemhooq, dwfmvgyvvy (1965 - 9831422)
			ptqxdshjtq - wdohnqjgpe, hghkqtubiu (2022 - 8176128)
			wunankpety - dmxtjexcsg, ukdeeaecpj (1987 - 8493391)
			anyjoseasn - isprihbszp, lyxupiypdp (1969 - 9526774)
		Test 3 failed
		Wrongly Included:
			icpcbpjudk - fczorfexho, okuruofrjq (2005 - 7413577)
			kuffinqkad - cycehnimrl, xvgxhzggjk (1973 - 2194459)
			kuffinqkad - cycehnimrl, xvgxhzggjk (1973 - 2194459)
			kuffinqkad - cycehnimrl, xvgxhzggjk (1973 - 2194459)
			kuffinqkad - cycehnimrl, xvgxhzggjk (1973 - 2194459)
		Failed to include:
			typyzbtxqn - srxgrvvceh, xvgadxzxhq (1974 - 8659270)
			zwfnaniobn - uquuvpqycm, lapaatcqgo (2011 - 9876243)
			aeyayljhcx - ifxkfoivkp, ujwhqicyup (1969 - 8854200)
			btniptkxbj - mstagmjfuc, fqryoytayg (2021 - 9926955)
			zwygaesxdw - eygmvzmvgz, dxudwqmlso (2012 - 8282698)
		Test 4 failed
		Wrongly Included:
			gyuzdbmuyu - kddbdgmaak, smgaivodqs (1988 - 2763732)
			vrvyvgnpbi - cgfjhcaeiw, qpdnouumpa (2008 - 6258043)
			vrvyvgnpbi - cgfjhcaeiw, qpdnouumpa (2008 - 6258043)
			vrvyvgnpbi - cgfjhcaeiw, qpdnouumpa (2008 - 6258043)
			vrvyvgnpbi - cgfjhcaeiw, qpdnouumpa (2008 - 6258043)
		Failed to include:
			kwxxxkmxgj - xlspsqxkhz, khivwpnkfk (2021 - 9454644)
			kxvrxbnvxe - ypzsqbngwy, cxerxnetaf (1971 - 9211705)
			kofawnitso - tiedcznldh, rqkbworqma (2019 - 9598973)
			xodtznkdyd - ueotbkefxt, pycdoqlguu (1966 - 8670651)
			zgnhcpnezo - jaisoscvww, tcukvfthaz (1994 - 9575627)
		Test 5 failed
		Wrongly Included:
			lhxozmxbcu - gmwqsvwgpe, ujxzcpbzfc (1965 - 1752954)
			eyynwfixex - qszngcuxwj, dbcqjpmqlt (1976 - 7546362)
			eyynwfixex - qszngcuxwj, dbcqjpmqlt (1976 - 7546362)
			eyynwfixex - qszngcuxwj, dbcqjpmqlt (1976 - 7546362)
			eyynwfixex - qszngcuxwj, dbcqjpmqlt (1976 - 7546362)
		Failed to include:
			uzilpktnws - ioshfvqspk, bygezxmdtt (2019 - 8929093)
			qfvhjwifhc - trwhkrvbej, dvydlvavfc (1997 - 9147762)
			bvwdabyzme - bxprqbvjbr, lsyxxxjiqh (2017 - 9574238)
			msmkdqozhi - daybauytlo, gwkelerkwe (1966 - 9566932)
			xfpndnluct - wqsjefsonz, xilkklvsxl (1970 - 9532454)
	Total: 1.0/12.0
----------
cgre0029 feedback - 2023-03-16 15-14-49
code_cracking.c was not found
----- Code Cracking Tests -----
	code_cracking.c was not found
	Tests:
		Test 1 failed
			Input: 3 4 6 3 42 9 78 5 12 0 548 1 57 72
			Output: 
			Expected: 6 3 42 5 548 72 57 1 12 9
		Test 2 failed
			Input: 3 4 3456 658 234 74 23 57 23 64 567 23 12 5
			Output: 
			Expected: 3456 658 234 57 567 5 12 23 23 74
		Test 3 failed
			Input: 10 5 866 5797 2914 27 1121 1975 5288 936 1098 1007 1228 4152 8267 8330 2353 6453 8437 9256 2021 6489 5418 9724 278 4722 249 558 8709 8672 8347 9166 2099 4805 195 1818 8581 4562 3121 1301 9646 1071 9646 2557 2031 4984 6424 3934 3671 3858 2945 6619
			Output: 
			Expected: 866 5797 2914 27 1121 1975 5288 936 1098 1007 6489 9166 1071 6619 2945 3858 3671 3934 6424 4984 2031 2557 9646 2099 5418 1228
		Test 4 failed
			Input: 4 5 8423 9842 133 7846 5449 9280 8712 9317 526 9848 6218 902 7712 209 3338 1507 1003 9900 9564 1500
			Output: 
			Expected: 8423 9842 133 7846 9317 902 1507 1500 9564 9900 1003 7712 526 5449
		Test 5 failed
			Input: 5 4 8423 9842 133 7846 5449 9280 8712 9317 526 9848 6218 902 7712 209 3338 1507 1003 9900 9564 1500
			Output: 
			Expected: 8423 9842 133 7846 5449 9848 3338 1500 9564 9900 1003 1507 6218 9280
----- Music Analysis Tests -----
	Tests:
		Test 1 failed
		Wrongly Included:
		Failed to include:
			sbmsiqijsi - elrzfjsqfv, miwmftvvye (2000 - 9605017)
			kbyvemjuif - chhykwlefg, rofgitdgwy (1971 - 7304436)
			kkvhoehohl - flmouboppr, kcuntjkofp (1961 - 7391307)
			faiwqngnnl - qdfzpmqkem, edjrawdpdg (2014 - 7987006)
			odvpmckbnt - amfvsquvqt, jrjxvxsvso (1971 - 8412968)
		Test 2 failed
		Wrongly Included:
		Failed to include:
			luvmrafqyy - csopqvtgzv, uzeaveaddm (1961 - 9801967)
			dyghiupnum - hpziemhooq, dwfmvgyvvy (1965 - 9831422)
			ptqxdshjtq - wdohnqjgpe, hghkqtubiu (2022 - 8176128)
			wunankpety - dmxtjexcsg, ukdeeaecpj (1987 - 8493391)
			anyjoseasn - isprihbszp, lyxupiypdp (1969 - 9526774)
		Test 3 failed
		Wrongly Included:
		Failed to include:
			typyzbtxqn - srxgrvvceh, xvgadxzxhq (1974 - 8659270)
			zwfnaniobn - uquuvpqycm, lapaatcqgo (2011 - 9876243)
			aeyayljhcx - ifxkfoivkp, ujwhqicyup (1969 - 8854200)
			btniptkxbj - mstagmjfuc, fqryoytayg (2021 - 9926955)
			zwygaesxdw - eygmvzmvgz, dxudwqmlso (2012 - 8282698)
		Test 4 failed
		Wrongly Included:
		Failed to include:
			kwxxxkmxgj - xlspsqxkhz, khivwpnkfk (2021 - 9454644)
			kxvrxbnvxe - ypzsqbngwy, cxerxnetaf (1971 - 9211705)
			kofawnitso - tiedcznldh, rqkbworqma (2019 - 9598973)
			xodtznkdyd - ueotbkefxt, pycdoqlguu (1966 - 8670651)
			zgnhcpnezo - jaisoscvww, tcukvfthaz (1994 - 9575627)
		Test 5 failed
		Wrongly Included:
		Failed to include:
			uzilpktnws - ioshfvqspk, bygezxmdtt (2019 - 8929093)
			qfvhjwifhc - trwhkrvbej, dvydlvavfc (1997 - 9147762)
			bvwdabyzme - bxprqbvjbr, lsyxxxjiqh (2017 - 9574238)
			msmkdqozhi - daybauytlo, gwkelerkwe (1966 - 9566932)
			xfpndnluct - wqsjefsonz, xilkklvsxl (1970 - 9532454)
	Total: 1.0/12.0
----------
cgre0029 feedback - 2023-03-16 15-06-09
code_cracking.c was not found
----- Code Cracking Tests -----
	code_cracking.c was not found
	Tests:
		Test 1 failed
			Input: 3 4 6 3 42 9 78 5 12 0 548 1 57 72
			Output: 
			Expected: 6 3 42 5 548 72 57 1 12 9
		Test 2 failed
			Input: 3 4 3456 658 234 74 23 57 23 64 567 23 12 5
			Output: 
			Expected: 3456 658 234 57 567 5 12 23 23 74
		Test 3 failed
			Input: 10 5 866 5797 2914 27 1121 1975 5288 936 1098 1007 1228 4152 8267 8330 2353 6453 8437 9256 2021 6489 5418 9724 278 4722 249 558 8709 8672 8347 9166 2099 4805 195 1818 8581 4562 3121 1301 9646 1071 9646 2557 2031 4984 6424 3934 3671 3858 2945 6619
			Output: 
			Expected: 866 5797 2914 27 1121 1975 5288 936 1098 1007 6489 9166 1071 6619 2945 3858 3671 3934 6424 4984 2031 2557 9646 2099 5418 1228
		Test 4 failed
			Input: 4 5 8423 9842 133 7846 5449 9280 8712 9317 526 9848 6218 902 7712 209 3338 1507 1003 9900 9564 1500
			Output: 
			Expected: 8423 9842 133 7846 9317 902 1507 1500 9564 9900 1003 7712 526 5449
		Test 5 failed
			Input: 5 4 8423 9842 133 7846 5449 9280 8712 9317 526 9848 6218 902 7712 209 3338 1507 1003 9900 9564 1500
			Output: 
			Expected: 8423 9842 133 7846 5449 9848 3338 1500 9564 9900 1003 1507 6218 9280
----- Music Analysis Tests -----
	Tests:
		Test 1 failed
		Wrongly Included:
		Failed to include:
			sbmsiqijsi - elrzfjsqfv, miwmftvvye (2000 - 9605017)
			kbyvemjuif - chhykwlefg, rofgitdgwy (1971 - 7304436)
			kkvhoehohl - flmouboppr, kcuntjkofp (1961 - 7391307)
			faiwqngnnl - qdfzpmqkem, edjrawdpdg (2014 - 7987006)
			odvpmckbnt - amfvsquvqt, jrjxvxsvso (1971 - 8412968)
		Test 2 failed
		Wrongly Included:
		Failed to include:
			luvmrafqyy - csopqvtgzv, uzeaveaddm (1961 - 9801967)
			dyghiupnum - hpziemhooq, dwfmvgyvvy (1965 - 9831422)
			ptqxdshjtq - wdohnqjgpe, hghkqtubiu (2022 - 8176128)
			wunankpety - dmxtjexcsg, ukdeeaecpj (1987 - 8493391)
			anyjoseasn - isprihbszp, lyxupiypdp (1969 - 9526774)
		Test 3 failed
		Wrongly Included:
		Failed to include:
			typyzbtxqn - srxgrvvceh, xvgadxzxhq (1974 - 8659270)
			zwfnaniobn - uquuvpqycm, lapaatcqgo (2011 - 9876243)
			aeyayljhcx - ifxkfoivkp, ujwhqicyup (1969 - 8854200)
			btniptkxbj - mstagmjfuc, fqryoytayg (2021 - 9926955)
			zwygaesxdw - eygmvzmvgz, dxudwqmlso (2012 - 8282698)
		Test 4 failed
		Wrongly Included:
		Failed to include:
			kwxxxkmxgj - xlspsqxkhz, khivwpnkfk (2021 - 9454644)
			kxvrxbnvxe - ypzsqbngwy, cxerxnetaf (1971 - 9211705)
			kofawnitso - tiedcznldh, rqkbworqma (2019 - 9598973)
			xodtznkdyd - ueotbkefxt, pycdoqlguu (1966 - 8670651)
			zgnhcpnezo - jaisoscvww, tcukvfthaz (1994 - 9575627)
		Test 5 failed
		Wrongly Included:
		Failed to include:
			uzilpktnws - ioshfvqspk, bygezxmdtt (2019 - 8929093)
			qfvhjwifhc - trwhkrvbej, dvydlvavfc (1997 - 9147762)
			bvwdabyzme - bxprqbvjbr, lsyxxxjiqh (2017 - 9574238)
			msmkdqozhi - daybauytlo, gwkelerkwe (1966 - 9566932)
			xfpndnluct - wqsjefsonz, xilkklvsxl (1970 - 9532454)
	Total: 1.0/12.0
----------
cgre0029 feedback - 2023-03-16 14-58-15
code_cracking.c was not found
music_analysis.c did not compile
----- Code Cracking Tests -----
	code_cracking.c was not found
	Tests:
		Test 1 failed
			Input: 3 4 6 3 42 9 78 5 12 0 548 1 57 72
			Output: 
			Expected: 6 3 42 5 548 72 57 1 12 9
		Test 2 failed
			Input: 3 4 3456 658 234 74 23 57 23 64 567 23 12 5
			Output: 
			Expected: 3456 658 234 57 567 5 12 23 23 74
		Test 3 failed
			Input: 10 5 866 5797 2914 27 1121 1975 5288 936 1098 1007 1228 4152 8267 8330 2353 6453 8437 9256 2021 6489 5418 9724 278 4722 249 558 8709 8672 8347 9166 2099 4805 195 1818 8581 4562 3121 1301 9646 1071 9646 2557 2031 4984 6424 3934 3671 3858 2945 6619
			Output: 
			Expected: 866 5797 2914 27 1121 1975 5288 936 1098 1007 6489 9166 1071 6619 2945 3858 3671 3934 6424 4984 2031 2557 9646 2099 5418 1228
		Test 4 failed
			Input: 4 5 8423 9842 133 7846 5449 9280 8712 9317 526 9848 6218 902 7712 209 3338 1507 1003 9900 9564 1500
			Output: 
			Expected: 8423 9842 133 7846 9317 902 1507 1500 9564 9900 1003 7712 526 5449
		Test 5 failed
			Input: 5 4 8423 9842 133 7846 5449 9280 8712 9317 526 9848 6218 902 7712 209 3338 1507 1003 9900 9564 1500
			Output: 
			Expected: 8423 9842 133 7846 5449 9848 3338 1500 9564 9900 1003 1507 6218 9280
----- Music Analysis Tests -----
	music_analysis.c did not compile
	Total: 0.0/12.0
----------
cgre0029 feedback - 2023-03-16 14-51-49
code_cracking.c was not found
music_analysis.c did not compile
----- Code Cracking Tests -----
	code_cracking.c was not found
	Tests:
		Test 1 failed
			Input: 3 4 6 3 42 9 78 5 12 0 548 1 57 72
			Output: 
			Expected: 6 3 42 5 548 72 57 1 12 9
		Test 2 failed
			Input: 3 4 3456 658 234 74 23 57 23 64 567 23 12 5
			Output: 
			Expected: 3456 658 234 57 567 5 12 23 23 74
		Test 3 failed
			Input: 10 5 866 5797 2914 27 1121 1975 5288 936 1098 1007 1228 4152 8267 8330 2353 6453 8437 9256 2021 6489 5418 9724 278 4722 249 558 8709 8672 8347 9166 2099 4805 195 1818 8581 4562 3121 1301 9646 1071 9646 2557 2031 4984 6424 3934 3671 3858 2945 6619
			Output: 
			Expected: 866 5797 2914 27 1121 1975 5288 936 1098 1007 6489 9166 1071 6619 2945 3858 3671 3934 6424 4984 2031 2557 9646 2099 5418 1228
		Test 4 failed
			Input: 4 5 8423 9842 133 7846 5449 9280 8712 9317 526 9848 6218 902 7712 209 3338 1507 1003 9900 9564 1500
			Output: 
			Expected: 8423 9842 133 7846 9317 902 1507 1500 9564 9900 1003 7712 526 5449
		Test 5 failed
			Input: 5 4 8423 9842 133 7846 5449 9280 8712 9317 526 9848 6218 902 7712 209 3338 1507 1003 9900 9564 1500
			Output: 
			Expected: 8423 9842 133 7846 5449 9848 3338 1500 9564 9900 1003 1507 6218 9280
----- Music Analysis Tests -----
	music_analysis.c did not compile
	Total: 0.0/12.0
----------
cgre0029 feedback - 2023-03-16 14-41-31
code_cracking.c was not found
----- Code Cracking Tests -----
	code_cracking.c was not found
	Tests:
		Test 1 failed
			Input: 3 4 6 3 42 9 78 5 12 0 548 1 57 72
			Output: 
			Expected: 6 3 42 5 548 72 57 1 12 9
		Test 2 failed
			Input: 3 4 3456 658 234 74 23 57 23 64 567 23 12 5
			Output: 
			Expected: 3456 658 234 57 567 5 12 23 23 74
		Test 3 failed
			Input: 10 5 866 5797 2914 27 1121 1975 5288 936 1098 1007 1228 4152 8267 8330 2353 6453 8437 9256 2021 6489 5418 9724 278 4722 249 558 8709 8672 8347 9166 2099 4805 195 1818 8581 4562 3121 1301 9646 1071 9646 2557 2031 4984 6424 3934 3671 3858 2945 6619
			Output: 
			Expected: 866 5797 2914 27 1121 1975 5288 936 1098 1007 6489 9166 1071 6619 2945 3858 3671 3934 6424 4984 2031 2557 9646 2099 5418 1228
		Test 4 failed
			Input: 4 5 8423 9842 133 7846 5449 9280 8712 9317 526 9848 6218 902 7712 209 3338 1507 1003 9900 9564 1500
			Output: 
			Expected: 8423 9842 133 7846 9317 902 1507 1500 9564 9900 1003 7712 526 5449
		Test 5 failed
			Input: 5 4 8423 9842 133 7846 5449 9280 8712 9317 526 9848 6218 902 7712 209 3338 1507 1003 9900 9564 1500
			Output: 
			Expected: 8423 9842 133 7846 5449 9848 3338 1500 9564 9900 1003 1507 6218 9280
----- Music Analysis Tests -----
	Tests:
		Test 1 failed
		Wrongly Included:
		Failed to include:
			sbmsiqijsi - elrzfjsqfv, miwmftvvye (2000 - 9605017)
			kbyvemjuif - chhykwlefg, rofgitdgwy (1971 - 7304436)
			kkvhoehohl - flmouboppr, kcuntjkofp (1961 - 7391307)
			faiwqngnnl - qdfzpmqkem, edjrawdpdg (2014 - 7987006)
			odvpmckbnt - amfvsquvqt, jrjxvxsvso (1971 - 8412968)
		Test 2 failed
		Wrongly Included:
		Failed to include:
			luvmrafqyy - csopqvtgzv, uzeaveaddm (1961 - 9801967)
			dyghiupnum - hpziemhooq, dwfmvgyvvy (1965 - 9831422)
			ptqxdshjtq - wdohnqjgpe, hghkqtubiu (2022 - 8176128)
			wunankpety - dmxtjexcsg, ukdeeaecpj (1987 - 8493391)
			anyjoseasn - isprihbszp, lyxupiypdp (1969 - 9526774)
		Test 3 failed
		Wrongly Included:
		Failed to include:
			typyzbtxqn - srxgrvvceh, xvgadxzxhq (1974 - 8659270)
			zwfnaniobn - uquuvpqycm, lapaatcqgo (2011 - 9876243)
			aeyayljhcx - ifxkfoivkp, ujwhqicyup (1969 - 8854200)
			btniptkxbj - mstagmjfuc, fqryoytayg (2021 - 9926955)
			zwygaesxdw - eygmvzmvgz, dxudwqmlso (2012 - 8282698)
		Test 4 failed
		Wrongly Included:
		Failed to include:
			kwxxxkmxgj - xlspsqxkhz, khivwpnkfk (2021 - 9454644)
			kxvrxbnvxe - ypzsqbngwy, cxerxnetaf (1971 - 9211705)
			kofawnitso - tiedcznldh, rqkbworqma (2019 - 9598973)
			xodtznkdyd - ueotbkefxt, pycdoqlguu (1966 - 8670651)
			zgnhcpnezo - jaisoscvww, tcukvfthaz (1994 - 9575627)
		Test 5 failed
		Wrongly Included:
		Failed to include:
			uzilpktnws - ioshfvqspk, bygezxmdtt (2019 - 8929093)
			qfvhjwifhc - trwhkrvbej, dvydlvavfc (1997 - 9147762)
			bvwdabyzme - bxprqbvjbr, lsyxxxjiqh (2017 - 9574238)
			msmkdqozhi - daybauytlo, gwkelerkwe (1966 - 9566932)
			xfpndnluct - wqsjefsonz, xilkklvsxl (1970 - 9532454)
	Total: 1.0/12.0
----------
cgre0029 feedback - 2023-03-16 14-25-28
code_cracking.c was not found
----- Code Cracking Tests -----
	code_cracking.c was not found
	Tests:
		Test 1 failed
			Input: 3 4 6 3 42 9 78 5 12 0 548 1 57 72
			Output: 
			Expected: 6 3 42 5 548 72 57 1 12 9
		Test 2 failed
			Input: 3 4 3456 658 234 74 23 57 23 64 567 23 12 5
			Output: 
			Expected: 3456 658 234 57 567 5 12 23 23 74
		Test 3 failed
			Input: 10 5 866 5797 2914 27 1121 1975 5288 936 1098 1007 1228 4152 8267 8330 2353 6453 8437 9256 2021 6489 5418 9724 278 4722 249 558 8709 8672 8347 9166 2099 4805 195 1818 8581 4562 3121 1301 9646 1071 9646 2557 2031 4984 6424 3934 3671 3858 2945 6619
			Output: 
			Expected: 866 5797 2914 27 1121 1975 5288 936 1098 1007 6489 9166 1071 6619 2945 3858 3671 3934 6424 4984 2031 2557 9646 2099 5418 1228
		Test 4 failed
			Input: 4 5 8423 9842 133 7846 5449 9280 8712 9317 526 9848 6218 902 7712 209 3338 1507 1003 9900 9564 1500
			Output: 
			Expected: 8423 9842 133 7846 9317 902 1507 1500 9564 9900 1003 7712 526 5449
		Test 5 failed
			Input: 5 4 8423 9842 133 7846 5449 9280 8712 9317 526 9848 6218 902 7712 209 3338 1507 1003 9900 9564 1500
			Output: 
			Expected: 8423 9842 133 7846 5449 9848 3338 1500 9564 9900 1003 1507 6218 9280
----- Music Analysis Tests -----
	Tests:
		Test 1 failed
		Wrongly Included:
		Failed to include:
			sbmsiqijsi - elrzfjsqfv, miwmftvvye (2000 - 9605017)
			kbyvemjuif - chhykwlefg, rofgitdgwy (1971 - 7304436)
			kkvhoehohl - flmouboppr, kcuntjkofp (1961 - 7391307)
			faiwqngnnl - qdfzpmqkem, edjrawdpdg (2014 - 7987006)
			odvpmckbnt - amfvsquvqt, jrjxvxsvso (1971 - 8412968)
		Test 2 failed
		Wrongly Included:
		Failed to include:
			luvmrafqyy - csopqvtgzv, uzeaveaddm (1961 - 9801967)
			dyghiupnum - hpziemhooq, dwfmvgyvvy (1965 - 9831422)
			ptqxdshjtq - wdohnqjgpe, hghkqtubiu (2022 - 8176128)
			wunankpety - dmxtjexcsg, ukdeeaecpj (1987 - 8493391)
			anyjoseasn - isprihbszp, lyxupiypdp (1969 - 9526774)
		Test 3 failed
		Wrongly Included:
		Failed to include:
			typyzbtxqn - srxgrvvceh, xvgadxzxhq (1974 - 8659270)
			zwfnaniobn - uquuvpqycm, lapaatcqgo (2011 - 9876243)
			aeyayljhcx - ifxkfoivkp, ujwhqicyup (1969 - 8854200)
			btniptkxbj - mstagmjfuc, fqryoytayg (2021 - 9926955)
			zwygaesxdw - eygmvzmvgz, dxudwqmlso (2012 - 8282698)
		Test 4 failed
		Wrongly Included:
		Failed to include:
			kwxxxkmxgj - xlspsqxkhz, khivwpnkfk (2021 - 9454644)
			kxvrxbnvxe - ypzsqbngwy, cxerxnetaf (1971 - 9211705)
			kofawnitso - tiedcznldh, rqkbworqma (2019 - 9598973)
			xodtznkdyd - ueotbkefxt, pycdoqlguu (1966 - 8670651)
			zgnhcpnezo - jaisoscvww, tcukvfthaz (1994 - 9575627)
		Test 5 failed
		Wrongly Included:
		Failed to include:
			uzilpktnws - ioshfvqspk, bygezxmdtt (2019 - 8929093)
			qfvhjwifhc - trwhkrvbej, dvydlvavfc (1997 - 9147762)
			bvwdabyzme - bxprqbvjbr, lsyxxxjiqh (2017 - 9574238)
			msmkdqozhi - daybauytlo, gwkelerkwe (1966 - 9566932)
			xfpndnluct - wqsjefsonz, xilkklvsxl (1970 - 9532454)
	Total: 1.0/12.0
----------
cgre0029 feedback - 2023-03-16 14-17-14
code_cracking.c was not found
----- Code Cracking Tests -----
	code_cracking.c was not found
	Tests:
		Test 1 failed
			Input: 3 4 6 3 42 9 78 5 12 0 548 1 57 72
			Output: 
			Expected: 6 3 42 5 548 72 57 1 12 9
		Test 2 failed
			Input: 3 4 3456 658 234 74 23 57 23 64 567 23 12 5
			Output: 
			Expected: 3456 658 234 57 567 5 12 23 23 74
		Test 3 failed
			Input: 10 5 866 5797 2914 27 1121 1975 5288 936 1098 1007 1228 4152 8267 8330 2353 6453 8437 9256 2021 6489 5418 9724 278 4722 249 558 8709 8672 8347 9166 2099 4805 195 1818 8581 4562 3121 1301 9646 1071 9646 2557 2031 4984 6424 3934 3671 3858 2945 6619
			Output: 
			Expected: 866 5797 2914 27 1121 1975 5288 936 1098 1007 6489 9166 1071 6619 2945 3858 3671 3934 6424 4984 2031 2557 9646 2099 5418 1228
		Test 4 failed
			Input: 4 5 8423 9842 133 7846 5449 9280 8712 9317 526 9848 6218 902 7712 209 3338 1507 1003 9900 9564 1500
			Output: 
			Expected: 8423 9842 133 7846 9317 902 1507 1500 9564 9900 1003 7712 526 5449
		Test 5 failed
			Input: 5 4 8423 9842 133 7846 5449 9280 8712 9317 526 9848 6218 902 7712 209 3338 1507 1003 9900 9564 1500
			Output: 
			Expected: 8423 9842 133 7846 5449 9848 3338 1500 9564 9900 1003 1507 6218 9280
----- Music Analysis Tests -----
	Tests:
		Test 1 failed
		Wrongly Included:
		Failed to include:
			sbmsiqijsi - elrzfjsqfv, miwmftvvye (2000 - 9605017)
			kbyvemjuif - chhykwlefg, rofgitdgwy (1971 - 7304436)
			kkvhoehohl - flmouboppr, kcuntjkofp (1961 - 7391307)
			faiwqngnnl - qdfzpmqkem, edjrawdpdg (2014 - 7987006)
			odvpmckbnt - amfvsquvqt, jrjxvxsvso (1971 - 8412968)
		Test 2 failed
		Wrongly Included:
		Failed to include:
			luvmrafqyy - csopqvtgzv, uzeaveaddm (1961 - 9801967)
			dyghiupnum - hpziemhooq, dwfmvgyvvy (1965 - 9831422)
			ptqxdshjtq - wdohnqjgpe, hghkqtubiu (2022 - 8176128)
			wunankpety - dmxtjexcsg, ukdeeaecpj (1987 - 8493391)
			anyjoseasn - isprihbszp, lyxupiypdp (1969 - 9526774)
		Test 3 failed
		Wrongly Included:
		Failed to include:
			typyzbtxqn - srxgrvvceh, xvgadxzxhq (1974 - 8659270)
			zwfnaniobn - uquuvpqycm, lapaatcqgo (2011 - 9876243)
			aeyayljhcx - ifxkfoivkp, ujwhqicyup (1969 - 8854200)
			btniptkxbj - mstagmjfuc, fqryoytayg (2021 - 9926955)
			zwygaesxdw - eygmvzmvgz, dxudwqmlso (2012 - 8282698)
		Test 4 failed
		Wrongly Included:
		Failed to include:
			kwxxxkmxgj - xlspsqxkhz, khivwpnkfk (2021 - 9454644)
			kxvrxbnvxe - ypzsqbngwy, cxerxnetaf (1971 - 9211705)
			kofawnitso - tiedcznldh, rqkbworqma (2019 - 9598973)
			xodtznkdyd - ueotbkefxt, pycdoqlguu (1966 - 8670651)
			zgnhcpnezo - jaisoscvww, tcukvfthaz (1994 - 9575627)
		Test 5 failed
		Wrongly Included:
		Failed to include:
			uzilpktnws - ioshfvqspk, bygezxmdtt (2019 - 8929093)
			qfvhjwifhc - trwhkrvbej, dvydlvavfc (1997 - 9147762)
			bvwdabyzme - bxprqbvjbr, lsyxxxjiqh (2017 - 9574238)
			msmkdqozhi - daybauytlo, gwkelerkwe (1966 - 9566932)
			xfpndnluct - wqsjefsonz, xilkklvsxl (1970 - 9532454)
	Total: 1.0/12.0
----------
cgre0029 feedback - 2023-03-16 14-08-19
code_cracking.c was not found
Makefile did not correctly compile music_analysis.c (check where the output file is)
----- Code Cracking Tests -----
	code_cracking.c was not found
	Tests:
		Test 1 failed
			Input: 3 4 6 3 42 9 78 5 12 0 548 1 57 72
			Output: 
			Expected: 6 3 42 5 548 72 57 1 12 9
		Test 2 failed
			Input: 3 4 3456 658 234 74 23 57 23 64 567 23 12 5
			Output: 
			Expected: 3456 658 234 57 567 5 12 23 23 74
		Test 3 failed
			Input: 10 5 866 5797 2914 27 1121 1975 5288 936 1098 1007 1228 4152 8267 8330 2353 6453 8437 9256 2021 6489 5418 9724 278 4722 249 558 8709 8672 8347 9166 2099 4805 195 1818 8581 4562 3121 1301 9646 1071 9646 2557 2031 4984 6424 3934 3671 3858 2945 6619
			Output: 
			Expected: 866 5797 2914 27 1121 1975 5288 936 1098 1007 6489 9166 1071 6619 2945 3858 3671 3934 6424 4984 2031 2557 9646 2099 5418 1228
		Test 4 failed
			Input: 4 5 8423 9842 133 7846 5449 9280 8712 9317 526 9848 6218 902 7712 209 3338 1507 1003 9900 9564 1500
			Output: 
			Expected: 8423 9842 133 7846 9317 902 1507 1500 9564 9900 1003 7712 526 5449
		Test 5 failed
			Input: 5 4 8423 9842 133 7846 5449 9280 8712 9317 526 9848 6218 902 7712 209 3338 1507 1003 9900 9564 1500
			Output: 
			Expected: 8423 9842 133 7846 5449 9848 3338 1500 9564 9900 1003 1507 6218 9280
----- Music Analysis Tests -----
	Makefile did not correctly compile music_analysis.c (check where the output file is)
	Tests:
		Test 1 failed
		Wrongly Included:
		Failed to include:
			sbmsiqijsi - elrzfjsqfv, miwmftvvye (2000 - 9605017)
			kbyvemjuif - chhykwlefg, rofgitdgwy (1971 - 7304436)
			kkvhoehohl - flmouboppr, kcuntjkofp (1961 - 7391307)
			faiwqngnnl - qdfzpmqkem, edjrawdpdg (2014 - 7987006)
			odvpmckbnt - amfvsquvqt, jrjxvxsvso (1971 - 8412968)
		Test 2 failed
		Wrongly Included:
		Failed to include:
			luvmrafqyy - csopqvtgzv, uzeaveaddm (1961 - 9801967)
			dyghiupnum - hpziemhooq, dwfmvgyvvy (1965 - 9831422)
			ptqxdshjtq - wdohnqjgpe, hghkqtubiu (2022 - 8176128)
			wunankpety - dmxtjexcsg, ukdeeaecpj (1987 - 8493391)
			anyjoseasn - isprihbszp, lyxupiypdp (1969 - 9526774)
		Test 3 failed
		Wrongly Included:
		Failed to include:
			typyzbtxqn - srxgrvvceh, xvgadxzxhq (1974 - 8659270)
			zwfnaniobn - uquuvpqycm, lapaatcqgo (2011 - 9876243)
			aeyayljhcx - ifxkfoivkp, ujwhqicyup (1969 - 8854200)
			btniptkxbj - mstagmjfuc, fqryoytayg (2021 - 9926955)
			zwygaesxdw - eygmvzmvgz, dxudwqmlso (2012 - 8282698)
		Test 4 failed
		Wrongly Included:
		Failed to include:
			kwxxxkmxgj - xlspsqxkhz, khivwpnkfk (2021 - 9454644)
			kxvrxbnvxe - ypzsqbngwy, cxerxnetaf (1971 - 9211705)
			kofawnitso - tiedcznldh, rqkbworqma (2019 - 9598973)
			xodtznkdyd - ueotbkefxt, pycdoqlguu (1966 - 8670651)
			zgnhcpnezo - jaisoscvww, tcukvfthaz (1994 - 9575627)
		Test 5 failed
		Wrongly Included:
		Failed to include:
			uzilpktnws - ioshfvqspk, bygezxmdtt (2019 - 8929093)
			qfvhjwifhc - trwhkrvbej, dvydlvavfc (1997 - 9147762)
			bvwdabyzme - bxprqbvjbr, lsyxxxjiqh (2017 - 9574238)
			msmkdqozhi - daybauytlo, gwkelerkwe (1966 - 9566932)
			xfpndnluct - wqsjefsonz, xilkklvsxl (1970 - 9532454)
	Total: 0.0/12.0
----------
cgre0029 feedback - 2023-03-16 13-59-04
code_cracking.c was not found
Makefile did not correctly compile music_analysis.c (check where the output file is)
----- Code Cracking Tests -----
	code_cracking.c was not found
	Tests:
		Test 1 failed
			Input: 3 4 6 3 42 9 78 5 12 0 548 1 57 72
			Output: 
			Expected: 6 3 42 5 548 72 57 1 12 9
		Test 2 failed
			Input: 3 4 3456 658 234 74 23 57 23 64 567 23 12 5
			Output: 
			Expected: 3456 658 234 57 567 5 12 23 23 74
		Test 3 failed
			Input: 10 5 866 5797 2914 27 1121 1975 5288 936 1098 1007 1228 4152 8267 8330 2353 6453 8437 9256 2021 6489 5418 9724 278 4722 249 558 8709 8672 8347 9166 2099 4805 195 1818 8581 4562 3121 1301 9646 1071 9646 2557 2031 4984 6424 3934 3671 3858 2945 6619
			Output: 
			Expected: 866 5797 2914 27 1121 1975 5288 936 1098 1007 6489 9166 1071 6619 2945 3858 3671 3934 6424 4984 2031 2557 9646 2099 5418 1228
		Test 4 failed
			Input: 4 5 8423 9842 133 7846 5449 9280 8712 9317 526 9848 6218 902 7712 209 3338 1507 1003 9900 9564 1500
			Output: 
			Expected: 8423 9842 133 7846 9317 902 1507 1500 9564 9900 1003 7712 526 5449
		Test 5 failed
			Input: 5 4 8423 9842 133 7846 5449 9280 8712 9317 526 9848 6218 902 7712 209 3338 1507 1003 9900 9564 1500
			Output: 
			Expected: 8423 9842 133 7846 5449 9848 3338 1500 9564 9900 1003 1507 6218 9280
----- Music Analysis Tests -----
	Makefile did not correctly compile music_analysis.c (check where the output file is)
	Tests:
		Test 1 failed
		Wrongly Included:
		Failed to include:
			sbmsiqijsi - elrzfjsqfv, miwmftvvye (2000 - 9605017)
			kbyvemjuif - chhykwlefg, rofgitdgwy (1971 - 7304436)
			kkvhoehohl - flmouboppr, kcuntjkofp (1961 - 7391307)
			faiwqngnnl - qdfzpmqkem, edjrawdpdg (2014 - 7987006)
			odvpmckbnt - amfvsquvqt, jrjxvxsvso (1971 - 8412968)
		Test 2 failed
		Wrongly Included:
		Failed to include:
			luvmrafqyy - csopqvtgzv, uzeaveaddm (1961 - 9801967)
			dyghiupnum - hpziemhooq, dwfmvgyvvy (1965 - 9831422)
			ptqxdshjtq - wdohnqjgpe, hghkqtubiu (2022 - 8176128)
			wunankpety - dmxtjexcsg, ukdeeaecpj (1987 - 8493391)
			anyjoseasn - isprihbszp, lyxupiypdp (1969 - 9526774)
		Test 3 failed
		Wrongly Included:
		Failed to include:
			typyzbtxqn - srxgrvvceh, xvgadxzxhq (1974 - 8659270)
			zwfnaniobn - uquuvpqycm, lapaatcqgo (2011 - 9876243)
			aeyayljhcx - ifxkfoivkp, ujwhqicyup (1969 - 8854200)
			btniptkxbj - mstagmjfuc, fqryoytayg (2021 - 9926955)
			zwygaesxdw - eygmvzmvgz, dxudwqmlso (2012 - 8282698)
		Test 4 failed
		Wrongly Included:
		Failed to include:
			kwxxxkmxgj - xlspsqxkhz, khivwpnkfk (2021 - 9454644)
			kxvrxbnvxe - ypzsqbngwy, cxerxnetaf (1971 - 9211705)
			kofawnitso - tiedcznldh, rqkbworqma (2019 - 9598973)
			xodtznkdyd - ueotbkefxt, pycdoqlguu (1966 - 8670651)
			zgnhcpnezo - jaisoscvww, tcukvfthaz (1994 - 9575627)
		Test 5 failed
		Wrongly Included:
		Failed to include:
			uzilpktnws - ioshfvqspk, bygezxmdtt (2019 - 8929093)
			qfvhjwifhc - trwhkrvbej, dvydlvavfc (1997 - 9147762)
			bvwdabyzme - bxprqbvjbr, lsyxxxjiqh (2017 - 9574238)
			msmkdqozhi - daybauytlo, gwkelerkwe (1966 - 9566932)
			xfpndnluct - wqsjefsonz, xilkklvsxl (1970 - 9532454)
	Total: 0.0/12.0
----------
cgre0029 feedback - 2023-03-14 19-50-56
code_cracking.c was not found
music_analysis.c was not found
----- Code Cracking Tests -----
	code_cracking.c was not found
	Tests:
		Test 1 failed
			Input: 3 4 6 3 42 9 78 5 12 0 548 1 57 72
			Output: 
			Expected: 6 3 42 5 548 72 57 1 12 9
		Test 2 failed
			Input: 3 4 3456 658 234 74 23 57 23 64 567 23 12 5
			Output: 
			Expected: 3456 658 234 57 567 5 12 23 23 74
		Test 3 failed
			Input: 10 5 866 5797 2914 27 1121 1975 5288 936 1098 1007 1228 4152 8267 8330 2353 6453 8437 9256 2021 6489 5418 9724 278 4722 249 558 8709 8672 8347 9166 2099 4805 195 1818 8581 4562 3121 1301 9646 1071 9646 2557 2031 4984 6424 3934 3671 3858 2945 6619
			Output: 
			Expected: 866 5797 2914 27 1121 1975 5288 936 1098 1007 6489 9166 1071 6619 2945 3858 3671 3934 6424 4984 2031 2557 9646 2099 5418 1228
		Test 4 failed
			Input: 4 5 8423 9842 133 7846 5449 9280 8712 9317 526 9848 6218 902 7712 209 3338 1507 1003 9900 9564 1500
			Output: 
			Expected: 8423 9842 133 7846 9317 902 1507 1500 9564 9900 1003 7712 526 5449
		Test 5 failed
			Input: 5 4 8423 9842 133 7846 5449 9280 8712 9317 526 9848 6218 902 7712 209 3338 1507 1003 9900 9564 1500
			Output: 
			Expected: 8423 9842 133 7846 5449 9848 3338 1500 9564 9900 1003 1507 6218 9280
----- Music Analysis Tests -----
	music_analysis.c was not found
	Tests:
		Test 1 failed
		Wrongly Included:
		Failed to include:
			sbmsiqijsi - elrzfjsqfv, miwmftvvye (2000 - 9605017)
			kbyvemjuif - chhykwlefg, rofgitdgwy (1971 - 7304436)
			kkvhoehohl - flmouboppr, kcuntjkofp (1961 - 7391307)
			faiwqngnnl - qdfzpmqkem, edjrawdpdg (2014 - 7987006)
			odvpmckbnt - amfvsquvqt, jrjxvxsvso (1971 - 8412968)
		Test 2 failed
		Wrongly Included:
		Failed to include:
			luvmrafqyy - csopqvtgzv, uzeaveaddm (1961 - 9801967)
			dyghiupnum - hpziemhooq, dwfmvgyvvy (1965 - 9831422)
			ptqxdshjtq - wdohnqjgpe, hghkqtubiu (2022 - 8176128)
			wunankpety - dmxtjexcsg, ukdeeaecpj (1987 - 8493391)
			anyjoseasn - isprihbszp, lyxupiypdp (1969 - 9526774)
		Test 3 failed
		Wrongly Included:
		Failed to include:
			typyzbtxqn - srxgrvvceh, xvgadxzxhq (1974 - 8659270)
			zwfnaniobn - uquuvpqycm, lapaatcqgo (2011 - 9876243)
			aeyayljhcx - ifxkfoivkp, ujwhqicyup (1969 - 8854200)
			btniptkxbj - mstagmjfuc, fqryoytayg (2021 - 9926955)
			zwygaesxdw - eygmvzmvgz, dxudwqmlso (2012 - 8282698)
		Test 4 failed
		Wrongly Included:
		Failed to include:
			kwxxxkmxgj - xlspsqxkhz, khivwpnkfk (2021 - 9454644)
			kxvrxbnvxe - ypzsqbngwy, cxerxnetaf (1971 - 9211705)
			kofawnitso - tiedcznldh, rqkbworqma (2019 - 9598973)
			xodtznkdyd - ueotbkefxt, pycdoqlguu (1966 - 8670651)
			zgnhcpnezo - jaisoscvww, tcukvfthaz (1994 - 9575627)
		Test 5 failed
		Wrongly Included:
		Failed to include:
			uzilpktnws - ioshfvqspk, bygezxmdtt (2019 - 8929093)
			qfvhjwifhc - trwhkrvbej, dvydlvavfc (1997 - 9147762)
			bvwdabyzme - bxprqbvjbr, lsyxxxjiqh (2017 - 9574238)
			msmkdqozhi - daybauytlo, gwkelerkwe (1966 - 9566932)
			xfpndnluct - wqsjefsonz, xilkklvsxl (1970 - 9532454)
	Total: 0.0/12.0
