----------
cgre0029 feedback - 2023-03-01 23-08-04
Tests:
	Dice test 1 (Make test): 0
	Dice test 2 (Randomness test): 0
	Calculator test 1 (Make test): 0
	Calculator test 2 (Addition): 0
	Calculator test 3 (Subtraction): 0
	Calculator test 4 (Multiplication): 0
	Calculator test 5 (Division): 0
	Calculator test 6 (Modulo): 0
Total:0.0/8.0
Comments:
	dice.c was not found
	calculator.c was not found
----------
cgre0029 feedback - 2023-03-02 09-37-05
Tests:
	Dice test 1 (Make test): 0
	Dice test 2 (Randomness test): 0
	Calculator test 1 (Make test): 0
	Calculator test 2 (Addition): 0
	Calculator test 3 (Subtraction): 0
	Calculator test 4 (Multiplication): 0
	Calculator test 5 (Division): 0
	Calculator test 6 (Modulo): 0
Total:0.0/8.0
Comments:
	dice.c was not found
	calculator.c was not found
----------
cgre0029 feedback - 2023-03-03 14-38-49
Tests:
	Dice test 1 (Make test): 0
	Dice test 2 (Randomness test): 0
	Calculator test 1 (Make test): 0
	Calculator test 2 (Addition): 0
	Calculator test 3 (Subtraction): 0
	Calculator test 4 (Multiplication): 0
	Calculator test 5 (Division): 0
	Calculator test 6 (Modulo): 0
Total:0.0/8.0
Comments:
	dice.c was not found
	calculator.c was not found
----------
cgre0029 feedback - 2023-03-03 14-43-02
Tests:
	Dice test 1 (Make test): 0
	Dice test 2 (Randomness test): 0
	Calculator test 1 (Make test): 0
	Calculator test 2 (Addition): 0
	Calculator test 3 (Subtraction): 0
	Calculator test 4 (Multiplication): 0
	Calculator test 5 (Division): 0
	Calculator test 6 (Modulo): 0
Total:0.0/8.0
Comments:
	dice.c was not found
	calculator.c was not found
----------
cgre0029 feedback - 2023-03-03 14-57-46
Tests:
	Dice test 1 (Make test): 0
	Dice test 2 (Randomness test): 0
	Calculator test 1 (Make test): 0
	Calculator test 2 (Addition): 0
	Calculator test 3 (Subtraction): 0
	Calculator test 4 (Multiplication): 0
	Calculator test 5 (Division): 0
	Calculator test 6 (Modulo): 0
Total:0.0/8.0
Comments:
	dice.c was not found
	calculator.c was not found
----------
cgre0029 feedback - 2023-03-03 15-02-43
Tests:
	Dice test 1 (Make test): 0
	Dice test 2 (Randomness test): 0
	Calculator test 1 (Make test): 0
	Calculator test 2 (Addition): 0
	Calculator test 3 (Subtraction): 0
	Calculator test 4 (Multiplication): 0
	Calculator test 5 (Division): 0
	Calculator test 6 (Modulo): 0
Total:0.0/8.0
Comments:
	dice.c was not found
	calculator.c was not found
----------
cgre0029 feedback - 2023-03-05 12-43-15
Tests:
	Dice test 1 (Make test): 0
	Dice test 2 (Randomness test): 0
	Calculator test 1 (Make test): 0
	Calculator test 2 (Addition): 0
	Calculator test 3 (Subtraction): 0
	Calculator test 4 (Multiplication): 0
	Calculator test 5 (Division): 0
	Calculator test 6 (Modulo): 0
Total:0.0/8.0
Comments:
	dice.c was not found
	calculator.c was not found
----------
cgre0029 feedback - 2023-03-05 12-47-59
Tests:
	Dice test 1 (Make test): 0
	Dice test 2 (Randomness test): 0
	Calculator test 1 (Make test): 0
	Calculator test 2 (Addition): 0
	Calculator test 3 (Subtraction): 0
	Calculator test 4 (Multiplication): 0
	Calculator test 5 (Division): 0
	Calculator test 6 (Modulo): 0
Total:0.0/8.0
Comments:
	dice.c was not found
	calculator.c was not found
----------
cgre0029 feedback - 2023-03-05 12-53-00
Tests:
	Dice test 1 (Make test): 0
	Dice test 2 (Randomness test): 0
	Calculator test 1 (Make test): 0
	Calculator test 2 (Addition): 0
	Calculator test 3 (Subtraction): 0
	Calculator test 4 (Multiplication): 0
	Calculator test 5 (Division): 0
	Calculator test 6 (Modulo): 0
Total:0.0/8.0
Comments:
	dice.c was not found
	calculator.c was not found
----------
cgre0029 feedback - 2023-03-05 12-57-54
Tests:
	Dice test 1 (Make test): 0
	Dice test 2 (Randomness test): 0
	Calculator test 1 (Make test): 0
	Calculator test 2 (Addition): 0
	Calculator test 3 (Subtraction): 0
	Calculator test 4 (Multiplication): 0
	Calculator test 5 (Division): 0
	Calculator test 6 (Modulo): 0
Total:0.0/8.0
Comments:
	dice.c was not found
	calculator.c was not found
----------
cgre0029 feedback - 2023-03-05 13-02-39
Tests:
	Dice test 1 (Make test): 0
	Dice test 2 (Randomness test): 0
	Calculator test 1 (Make test): 0
	Calculator test 2 (Addition): 0
	Calculator test 3 (Subtraction): 0
	Calculator test 4 (Multiplication): 0
	Calculator test 5 (Division): 0
	Calculator test 6 (Modulo): 0
Total:0.0/8.0
Comments:
	dice.c was not found
	calculator.c was not found
----------
cgre0029 feedback - 2023-03-05 13-06-44
Tests:
	Dice test 1 (Make test): 0
	Dice test 2 (Randomness test): 0
	Calculator test 1 (Make test): 0
	Calculator test 2 (Addition): 0
	Calculator test 3 (Subtraction): 0
	Calculator test 4 (Multiplication): 0
	Calculator test 5 (Division): 0
	Calculator test 6 (Modulo): 0
Total:0.0/8.0
Comments:
	dice.c was not found
	calculator.c was not found
----------
cgre0029 feedback - 2023-03-05 13-12-00
Tests:
	Dice test 1 (Make test): 0
	Dice test 2 (Randomness test): 0
	Calculator test 1 (Make test): 0
	Calculator test 2 (Addition): 0
	Calculator test 3 (Subtraction): 0
	Calculator test 4 (Multiplication): 0
	Calculator test 5 (Division): 0
	Calculator test 6 (Modulo): 0
Total:0.0/8.0
Comments:
	dice.c was not found
	calculator.c did not compile
----------
cgre0029 feedback - 2023-03-05 13-16-07
Tests:
	Dice test 1 (Make test): 0
	Dice test 2 (Randomness test): 0
	Calculator test 1 (Make test): 0
	Calculator test 2 (Addition): 0
	Calculator test 3 (Subtraction): 0
	Calculator test 4 (Multiplication): 0
	Calculator test 5 (Division): 0
	Calculator test 6 (Modulo): 0
Total:0.0/8.0
Comments:
	dice.c was not found
	calculator.c did not compile
----------
cgre0029 feedback - 2023-03-05 13-21-45
Tests:
	Dice test 1 (Make test): 0
	Dice test 2 (Randomness test): 0
	Calculator test 1 (Make test): 0
	Calculator test 2 (Addition): 0
	Calculator test 3 (Subtraction): 0
	Calculator test 4 (Multiplication): 0
	Calculator test 5 (Division): 0
	Calculator test 6 (Modulo): 0
Total:0.0/8.0
Comments:
	dice.c was not found
	calculator.c did not compile
----------
cgre0029 feedback - 2023-03-05 13-25-52
Tests:
	Dice test 1 (Make test): 0
	Dice test 2 (Randomness test): 0
	Calculator test 1 (Make test): 1
	Calculator test 2 (Addition): 0
	Calculator test 3 (Subtraction): 0
	Calculator test 4 (Multiplication): 0
	Calculator test 5 (Division): 0
	Calculator test 6 (Modulo): 1
Total:2.0/8.0
Comments:
	dice.c was not found
----------
cgre0029 feedback - 2023-03-05 13-31-18
Tests:
	Dice test 1 (Make test): 0
	Dice test 2 (Randomness test): 0
	Calculator test 1 (Make test): 1
	Calculator test 2 (Addition): 0
	Calculator test 3 (Subtraction): 0
	Calculator test 4 (Multiplication): 0
	Calculator test 5 (Division): 0
	Calculator test 6 (Modulo): 0
Total:1.0/8.0
Comments:
	dice.c was not found
----------
cgre0029 feedback - 2023-03-05 13-36-00
Tests:
	Dice test 1 (Make test): 0
	Dice test 2 (Randomness test): 0
	Calculator test 1 (Make test): 0
	Calculator test 2 (Addition): 0
	Calculator test 3 (Subtraction): 0
	Calculator test 4 (Multiplication): 0
	Calculator test 5 (Division): 0
	Calculator test 6 (Modulo): 0
Total:0.0/8.0
Comments:
	dice.c was not found
	calculator.c did not compile
----------
cgre0029 feedback - 2023-03-05 13-41-24
Tests:
	Dice test 1 (Make test): 0
	Dice test 2 (Randomness test): 0
	Calculator test 1 (Make test): 1
	Calculator test 2 (Addition): 0
	Calculator test 3 (Subtraction): 0
	Calculator test 4 (Multiplication): 0
	Calculator test 5 (Division): 0
	Calculator test 6 (Modulo): 0
Total:1.0/8.0
Comments:
	dice.c was not found
----------
cgre0029 feedback - 2023-03-05 13-45-54
Tests:
	Dice test 1 (Make test): 0
	Dice test 2 (Randomness test): 0
	Calculator test 1 (Make test): 1
	Calculator test 2 (Addition): 0
	Calculator test 3 (Subtraction): 0
	Calculator test 4 (Multiplication): 0
	Calculator test 5 (Division): 0
	Calculator test 6 (Modulo): 0
Total:1.0/8.0
Comments:
	dice.c was not found
----------
cgre0029 feedback - 2023-03-05 13-50-57
Tests:
	Dice test 1 (Make test): 0
	Dice test 2 (Randomness test): 0
	Calculator test 1 (Make test): 1
	Calculator test 2 (Addition): 0
	Calculator test 3 (Subtraction): 0
	Calculator test 4 (Multiplication): 0
	Calculator test 5 (Division): 0
	Calculator test 6 (Modulo): 0
Total:1.0/8.0
Comments:
	dice.c was not found
----------
cgre0029 feedback - 2023-03-05 13-55-49
Tests:
	Dice test 1 (Make test): 0
	Dice test 2 (Randomness test): 0
	Calculator test 1 (Make test): 1
	Calculator test 2 (Addition): 0
	Calculator test 3 (Subtraction): 0
	Calculator test 4 (Multiplication): 0
	Calculator test 5 (Division): 0
	Calculator test 6 (Modulo): 0
Total:1.0/8.0
Comments:
	dice.c was not found
----------
cgre0029 feedback - 2023-03-05 14-00-54
Tests:
	Dice test 1 (Make test): 0
	Dice test 2 (Randomness test): 0
	Calculator test 1 (Make test): 1
	Calculator test 2 (Addition): 0
	Calculator test 3 (Subtraction): 0
	Calculator test 4 (Multiplication): 0
	Calculator test 5 (Division): 0
	Calculator test 6 (Modulo): 0
Total:1.0/8.0
Comments:
	dice.c was not found
----------
cgre0029 feedback - 2023-03-05 14-10-11
Tests:
	Dice test 1 (Make test): 0
	Dice test 2 (Randomness test): 0
	Calculator test 1 (Make test): 1
	Calculator test 2 (Addition): 1
	Calculator test 3 (Subtraction): 1
	Calculator test 4 (Multiplication): 1
	Calculator test 5 (Division): 1
	Calculator test 6 (Modulo): 1
Total:6.0/8.0
Comments:
	dice.c was not found
----------
cgre0029 feedback - 2023-03-05 14-36-51
Tests:
	Dice test 1 (Make test): 0
	Dice test 2 (Randomness test): 0
	Calculator test 1 (Make test): 1
	Calculator test 2 (Addition): 1
	Calculator test 3 (Subtraction): 1
	Calculator test 4 (Multiplication): 1
	Calculator test 5 (Division): 1
	Calculator test 6 (Modulo): 1
Total:6.0/8.0
Comments:
	dice.c was not found
----------
cgre0029 feedback - 2023-03-05 14-42-06
Tests:
	Dice test 1 (Make test): 0
	Dice test 2 (Randomness test): 0
	Calculator test 1 (Make test): 1
	Calculator test 2 (Addition): 1
	Calculator test 3 (Subtraction): 1
	Calculator test 4 (Multiplication): 1
	Calculator test 5 (Division): 1
	Calculator test 6 (Modulo): 1
Total:6.0/8.0
Comments:
	dice.c was not found
----------
cgre0029 feedback - 2023-03-05 14-51-45
Tests:
	Dice test 1 (Make test): 0
	Dice test 2 (Randomness test): 0
	Calculator test 1 (Make test): 1
	Calculator test 2 (Addition): 1
	Calculator test 3 (Subtraction): 1
	Calculator test 4 (Multiplication): 1
	Calculator test 5 (Division): 1
	Calculator test 6 (Modulo): 1
Total:6.0/8.0
Comments:
	dice.c was not found
----------
cgre0029 feedback - 2023-03-05 14-56-14
Tests:
	Dice test 1 (Make test): 0
	Dice test 2 (Randomness test): 0
	Calculator test 1 (Make test): 1
	Calculator test 2 (Addition): 1
	Calculator test 3 (Subtraction): 1
	Calculator test 4 (Multiplication): 1
	Calculator test 5 (Division): 1
	Calculator test 6 (Modulo): 1
Total:6.0/8.0
Comments:
	dice.c was not found
----------
cgre0029 feedback - 2023-03-05 15-01-23
Tests:
	Dice test 1 (Make test): 0
	Dice test 2 (Randomness test): 0
	Calculator test 1 (Make test): 1
	Calculator test 2 (Addition): 1
	Calculator test 3 (Subtraction): 1
	Calculator test 4 (Multiplication): 1
	Calculator test 5 (Division): 1
	Calculator test 6 (Modulo): 1
Total:6.0/8.0
Comments:
	dice.c was not found
----------
cgre0029 feedback - 2023-03-05 15-05-57
Tests:
	Dice test 1 (Make test): 0
	Dice test 2 (Randomness test): 0
	Calculator test 1 (Make test): 1
	Calculator test 2 (Addition): 1
	Calculator test 3 (Subtraction): 1
	Calculator test 4 (Multiplication): 1
	Calculator test 5 (Division): 1
	Calculator test 6 (Modulo): 1
Total:6.0/8.0
Comments:
	dice.c was not found
----------
cgre0029 feedback - 2023-03-05 15-15-50
Tests:
	Dice test 1 (Make test): 0
	Dice test 2 (Randomness test): 0
	Calculator test 1 (Make test): 1
	Calculator test 2 (Addition): 1
	Calculator test 3 (Subtraction): 1
	Calculator test 4 (Multiplication): 1
	Calculator test 5 (Division): 1
	Calculator test 6 (Modulo): 1
Total:6.0/8.0
Comments:
	dice.c did not compile
----------
cgre0029 feedback - 2023-03-06 00-06-49
Tests:
	Dice test 1 (Make test): 0
	Dice test 2 (Randomness test): 0
	Calculator test 1 (Make test): 1
	Calculator test 2 (Addition): 1
	Calculator test 3 (Subtraction): 1
	Calculator test 4 (Multiplication): 1
	Calculator test 5 (Division): 1
	Calculator test 6 (Modulo): 1
Total:6.0/8.0
Comments:
	dice.c did not compile
----------
cgre0029 feedback - 2023-03-06 08-25-47
Tests:
	Dice test 1 (Make test): 0
	Dice test 2 (Randomness test): 0
	Calculator test 1 (Make test): 1
	Calculator test 2 (Addition): 1
	Calculator test 3 (Subtraction): 1
	Calculator test 4 (Multiplication): 1
	Calculator test 5 (Division): 1
	Calculator test 6 (Modulo): 1
Total:6.0/8.0
Comments:
	dice.c did not compile
----------
cgre0029 feedback - 2023-03-06 08-28-17
Tests:
	Dice test 1 (Make test): 0
	Dice test 2 (Randomness test): 0
	Calculator test 1 (Make test): 1
	Calculator test 2 (Addition): 1
	Calculator test 3 (Subtraction): 1
	Calculator test 4 (Multiplication): 1
	Calculator test 5 (Division): 1
	Calculator test 6 (Modulo): 1
Total:6.0/8.0
Comments:
	dice.c did not compile
----------
cgre0029 feedback - 2023-03-06 08-54-43
Tests:
	Dice test 1 (Make test): 0
	Dice test 2 (Randomness test): 0
	Calculator test 1 (Make test): 1
	Calculator test 2 (Addition): 1
	Calculator test 3 (Subtraction): 1
	Calculator test 4 (Multiplication): 1
	Calculator test 5 (Division): 1
	Calculator test 6 (Modulo): 1
Total:6.0/8.0
Comments:
	dice.c did not compile
----------
cgre0029 feedback - 2023-03-06 09-01-08
Tests:
	Dice test 1 (Make test): 0
	Dice test 2 (Randomness test): 0
	Calculator test 1 (Make test): 1
	Calculator test 2 (Addition): 1
	Calculator test 3 (Subtraction): 1
	Calculator test 4 (Multiplication): 1
	Calculator test 5 (Division): 1
	Calculator test 6 (Modulo): 1
Total:6.0/8.0
Comments:
	dice.c did not compile
