Analysis & Elaboration report for ece2072_lab2
Wed Aug 21 14:27:21 2024
Quartus Prime Version 18.1.0 Build 625 09/12/2018 SJ Lite Edition


---------------------
; Table of Contents ;
---------------------
  1. Legal Notice
  2. Analysis & Elaboration Summary
  3. Parallel Compilation
  4. Analysis & Elaboration Settings
  5. Port Connectivity Checks: "ones_counter:test1"
  6. Analysis & Elaboration Messages



----------------
; Legal Notice ;
----------------
Copyright (C) 2018  Intel Corporation. All rights reserved.
Your use of Intel Corporation's design tools, logic functions 
and other software and tools, and its AMPP partner logic 
functions, and any output files from any of the foregoing 
(including device programming or simulation files), and any 
associated documentation or information are expressly subject 
to the terms and conditions of the Intel Program License 
Subscription Agreement, the Intel Quartus Prime License Agreement,
the Intel FPGA IP License Agreement, or other applicable license
agreement, including, without limitation, that your use is for
the sole purpose of programming logic devices manufactured by
Intel and sold by Intel or its authorized distributors.  Please
refer to the applicable agreement for further details.



+----------------------------------------------------------------------------------+
; Analysis & Elaboration Summary                                                   ;
+------------------------------------+---------------------------------------------+
; Analysis & Elaboration Status      ; Successful - Wed Aug 21 14:27:21 2024       ;
; Quartus Prime Version              ; 18.1.0 Build 625 09/12/2018 SJ Lite Edition ;
; Revision Name                      ; ece2072_lab2                                ;
; Top-level Entity Name              ; ones_counting_testbench                     ;
; Family                             ; MAX 10                                      ;
; Total logic elements               ; N/A until Partition Merge                   ;
;     Total combinational functions  ; N/A until Partition Merge                   ;
;     Dedicated logic registers      ; N/A until Partition Merge                   ;
; Total registers                    ; N/A until Partition Merge                   ;
; Total pins                         ; N/A until Partition Merge                   ;
; Total virtual pins                 ; N/A until Partition Merge                   ;
; Total memory bits                  ; N/A until Partition Merge                   ;
; Embedded Multiplier 9-bit elements ; N/A until Partition Merge                   ;
; Total PLLs                         ; N/A until Partition Merge                   ;
; UFM blocks                         ; N/A until Partition Merge                   ;
; ADC blocks                         ; N/A until Partition Merge                   ;
+------------------------------------+---------------------------------------------+


+------------------------------------------+
; Parallel Compilation                     ;
+----------------------------+-------------+
; Processors                 ; Number      ;
+----------------------------+-------------+
; Number detected on machine ; 16          ;
; Maximum allowed            ; 12          ;
;                            ;             ;
; Average used               ; 1.00        ;
; Maximum used               ; 1           ;
;                            ;             ;
; Usage by Processor         ; % Time Used ;
;     Processor 1            ; 100.0%      ;
+----------------------------+-------------+


+-----------------------------------------------------------------------------------------------------------------+
; Analysis & Elaboration Settings                                                                                 ;
+------------------------------------------------------------------+-------------------------+--------------------+
; Option                                                           ; Setting                 ; Default Value      ;
+------------------------------------------------------------------+-------------------------+--------------------+
; Device                                                           ; 10M50DAF484C7G          ;                    ;
; Top-level entity name                                            ; ones_counting_testbench ; ece2072_lab2       ;
; Family name                                                      ; MAX 10                  ; Cyclone V          ;
; Use smart compilation                                            ; Off                     ; Off                ;
; Enable parallel Assembler and Timing Analyzer during compilation ; On                      ; On                 ;
; Enable compact report table                                      ; Off                     ; Off                ;
; Restructure Multiplexers                                         ; Auto                    ; Auto               ;
; Create Debugging Nodes for IP Cores                              ; Off                     ; Off                ;
; Preserve fewer node names                                        ; On                      ; On                 ;
; Intel FPGA IP Evaluation Mode                                    ; Enable                  ; Enable             ;
; Verilog Version                                                  ; Verilog_2001            ; Verilog_2001       ;
; VHDL Version                                                     ; VHDL_1993               ; VHDL_1993          ;
; State Machine Processing                                         ; Auto                    ; Auto               ;
; Safe State Machine                                               ; Off                     ; Off                ;
; Extract Verilog State Machines                                   ; On                      ; On                 ;
; Extract VHDL State Machines                                      ; On                      ; On                 ;
; Ignore Verilog initial constructs                                ; Off                     ; Off                ;
; Iteration limit for constant Verilog loops                       ; 5000                    ; 5000               ;
; Iteration limit for non-constant Verilog loops                   ; 250                     ; 250                ;
; Add Pass-Through Logic to Inferred RAMs                          ; On                      ; On                 ;
; Infer RAMs from Raw Logic                                        ; On                      ; On                 ;
; Parallel Synthesis                                               ; On                      ; On                 ;
; DSP Block Balancing                                              ; Auto                    ; Auto               ;
; NOT Gate Push-Back                                               ; On                      ; On                 ;
; Power-Up Don't Care                                              ; On                      ; On                 ;
; Remove Redundant Logic Cells                                     ; Off                     ; Off                ;
; Remove Duplicate Registers                                       ; On                      ; On                 ;
; Ignore CARRY Buffers                                             ; Off                     ; Off                ;
; Ignore CASCADE Buffers                                           ; Off                     ; Off                ;
; Ignore GLOBAL Buffers                                            ; Off                     ; Off                ;
; Ignore ROW GLOBAL Buffers                                        ; Off                     ; Off                ;
; Ignore LCELL Buffers                                             ; Off                     ; Off                ;
; Ignore SOFT Buffers                                              ; On                      ; On                 ;
; Limit AHDL Integers to 32 Bits                                   ; Off                     ; Off                ;
; Optimization Technique                                           ; Balanced                ; Balanced           ;
; Carry Chain Length                                               ; 70                      ; 70                 ;
; Auto Carry Chains                                                ; On                      ; On                 ;
; Auto Open-Drain Pins                                             ; On                      ; On                 ;
; Perform WYSIWYG Primitive Resynthesis                            ; Off                     ; Off                ;
; Auto ROM Replacement                                             ; On                      ; On                 ;
; Auto RAM Replacement                                             ; On                      ; On                 ;
; Auto DSP Block Replacement                                       ; On                      ; On                 ;
; Auto Shift Register Replacement                                  ; Auto                    ; Auto               ;
; Allow Shift Register Merging across Hierarchies                  ; Auto                    ; Auto               ;
; Auto Clock Enable Replacement                                    ; On                      ; On                 ;
; Strict RAM Replacement                                           ; Off                     ; Off                ;
; Allow Synchronous Control Signals                                ; On                      ; On                 ;
; Force Use of Synchronous Clear Signals                           ; Off                     ; Off                ;
; Auto RAM Block Balancing                                         ; On                      ; On                 ;
; Auto RAM to Logic Cell Conversion                                ; Off                     ; Off                ;
; Auto Resource Sharing                                            ; Off                     ; Off                ;
; Allow Any RAM Size For Recognition                               ; Off                     ; Off                ;
; Allow Any ROM Size For Recognition                               ; Off                     ; Off                ;
; Allow Any Shift Register Size For Recognition                    ; Off                     ; Off                ;
; Use LogicLock Constraints during Resource Balancing              ; On                      ; On                 ;
; Ignore translate_off and synthesis_off directives                ; Off                     ; Off                ;
; Timing-Driven Synthesis                                          ; On                      ; On                 ;
; Report Parameter Settings                                        ; On                      ; On                 ;
; Report Source Assignments                                        ; On                      ; On                 ;
; Report Connectivity Checks                                       ; On                      ; On                 ;
; Ignore Maximum Fan-Out Assignments                               ; Off                     ; Off                ;
; Synchronization Register Chain Length                            ; 2                       ; 2                  ;
; Power Optimization During Synthesis                              ; Normal compilation      ; Normal compilation ;
; HDL message level                                                ; Level2                  ; Level2             ;
; Suppress Register Optimization Related Messages                  ; Off                     ; Off                ;
; Number of Removed Registers Reported in Synthesis Report         ; 5000                    ; 5000               ;
; Number of Swept Nodes Reported in Synthesis Report               ; 5000                    ; 5000               ;
; Number of Inverted Registers Reported in Synthesis Report        ; 100                     ; 100                ;
; Clock MUX Protection                                             ; On                      ; On                 ;
; Auto Gated Clock Conversion                                      ; Off                     ; Off                ;
; Block Design Naming                                              ; Auto                    ; Auto               ;
; SDC constraint protection                                        ; Off                     ; Off                ;
; Synthesis Effort                                                 ; Auto                    ; Auto               ;
; Shift Register Replacement - Allow Asynchronous Clear Signal     ; On                      ; On                 ;
; Pre-Mapping Resynthesis Optimization                             ; Off                     ; Off                ;
; Analysis & Synthesis Message Level                               ; Medium                  ; Medium             ;
; Disable Register Merging Across Hierarchies                      ; Auto                    ; Auto               ;
; Resource Aware Inference For Block RAM                           ; On                      ; On                 ;
+------------------------------------------------------------------+-------------------------+--------------------+


+-----------------------------------------------------------------------------------------------------------------+
; Port Connectivity Checks: "ones_counter:test1"                                                                  ;
+-------+--------+----------+-------------------------------------------------------------------------------------+
; Port  ; Type   ; Severity ; Details                                                                             ;
+-------+--------+----------+-------------------------------------------------------------------------------------+
; count ; Output ; Info     ; Connected to dangling logic. Logic that only feeds a dangling port will be removed. ;
+-------+--------+----------+-------------------------------------------------------------------------------------+


+---------------------------------+
; Analysis & Elaboration Messages ;
+---------------------------------+
Info: *******************************************************************
Info: Running Quartus Prime Analysis & Elaboration
    Info: Version 18.1.0 Build 625 09/12/2018 SJ Lite Edition
    Info: Processing started: Wed Aug 21 14:27:10 2024
Info: Command: quartus_map --read_settings_files=on --write_settings_files=off ece2072_lab2 -c ece2072_lab2 --analysis_and_elaboration
Warning (18236): Number of processors has not been specified which may cause overloading on shared machines.  Set the global assignment NUM_PARALLEL_PROCESSORS in your QSF to an appropriate value for best performance.
Info (20030): Parallel compilation is enabled and will use 12 of the 12 processors detected
Info (12021): Found 2 design units, including 2 entities, in source file part3/lab2_task3.v
    Info (12023): Found entity 1: wallace_tree File: C:/Users/cgreg/Documents/Uni/ECE2072/Lab 2/Part3/lab2_task3.v Line: 23
    Info (12023): Found entity 2: half_adder File: C:/Users/cgreg/Documents/Uni/ECE2072/Lab 2/Part3/lab2_task3.v Line: 65
Info (12021): Found 1 design units, including 1 entities, in source file part3/analysis.v
    Info (12023): Found entity 1: analysis File: C:/Users/cgreg/Documents/Uni/ECE2072/Lab 2/Part3/analysis.v Line: 1
Info (12021): Found 4 design units, including 4 entities, in source file part2/lab2_task2.v
    Info (12023): Found entity 1: lab2_task2 File: C:/Users/cgreg/Documents/Uni/ECE2072/Lab 2/Part2/lab2_task2.v Line: 1
    Info (12023): Found entity 2: two_digit_bcd File: C:/Users/cgreg/Documents/Uni/ECE2072/Lab 2/Part2/lab2_task2.v Line: 23
    Info (12023): Found entity 3: full_adder File: C:/Users/cgreg/Documents/Uni/ECE2072/Lab 2/Part2/lab2_task2.v Line: 42
    Info (12023): Found entity 4: ripple_carry_adder File: C:/Users/cgreg/Documents/Uni/ECE2072/Lab 2/Part2/lab2_task2.v Line: 50
Info (12021): Found 1 design units, including 1 entities, in source file part1/bcd_instantiate.v
    Info (12023): Found entity 1: BCD_instantiate File: C:/Users/cgreg/Documents/Uni/ECE2072/Lab 2/Part1/BCD_instantiate.v Line: 1
Info (12021): Found 1 design units, including 1 entities, in source file part1/ones_counting_testbench.v
    Info (12023): Found entity 1: ones_counting_testbench File: C:/Users/cgreg/Documents/Uni/ECE2072/Lab 2/Part1/ones_counting_testbench.v Line: 3
Info (12021): Found 1 design units, including 1 entities, in source file part1/example_testbench.v
    Info (12023): Found entity 1: example_testbench File: C:/Users/cgreg/Documents/Uni/ECE2072/Lab 2/Part1/example_testbench.v Line: 2
Info (12021): Found 1 design units, including 1 entities, in source file part1/comparison_module.v
    Info (12023): Found entity 1: comparison_module File: C:/Users/cgreg/Documents/Uni/ECE2072/Lab 2/Part1/comparison_module.v Line: 1
Info (12021): Found 1 design units, including 1 entities, in source file part1/bcd.v
    Info (12023): Found entity 1: bcd File: C:/Users/cgreg/Documents/Uni/ECE2072/Lab 2/Part1/bcd.v Line: 1
Info (12021): Found 1 design units, including 1 entities, in source file part1/ones_counter.v
    Info (12023): Found entity 1: ones_counter File: C:/Users/cgreg/Documents/Uni/ECE2072/Lab 2/Part1/ones_counter.v Line: 1
Info (12021): Found 1 design units, including 1 entities, in source file bcd_divide.v
    Info (12023): Found entity 1: bcd_divide File: C:/Users/cgreg/Documents/Uni/ECE2072/Lab 2/bcd_divide.v Line: 39
Info (12021): Found 1 design units, including 1 entities, in source file part2/adder_testbench.v
    Info (12023): Found entity 1: adder_testbench File: C:/Users/cgreg/Documents/Uni/ECE2072/Lab 2/Part2/adder_testbench.v Line: 3
Info (12021): Found 1 design units, including 1 entities, in source file part3/mac.v
    Info (12023): Found entity 1: MAC File: C:/Users/cgreg/Documents/Uni/ECE2072/Lab 2/Part3/MAC.v Line: 1
Info (12021): Found 1 design units, including 1 entities, in source file altmult.v
    Info (12023): Found entity 1: altmult File: C:/Users/cgreg/Documents/Uni/ECE2072/Lab 2/altmult.v Line: 39
Info (12021): Found 1 design units, including 1 entities, in source file altmult1.v
    Info (12023): Found entity 1: altmult1 File: C:/Users/cgreg/Documents/Uni/ECE2072/Lab 2/altmult1.v Line: 39
Info (12021): Found 1 design units, including 1 entities, in source file part3/wallace_test.v
    Info (12023): Found entity 1: wallace_test File: C:/Users/cgreg/Documents/Uni/ECE2072/Lab 2/Part3/wallace_test.v Line: 1
Critical Warning (10846): Verilog HDL Instantiation warning at lab2_task2.v(36): instance has no name File: C:/Users/cgreg/Documents/Uni/ECE2072/Lab 2/Part2/lab2_task2.v Line: 36
Critical Warning (10846): Verilog HDL Instantiation warning at lab2_task2.v(38): instance has no name File: C:/Users/cgreg/Documents/Uni/ECE2072/Lab 2/Part2/lab2_task2.v Line: 38
Critical Warning (10846): Verilog HDL Instantiation warning at BCD_instantiate.v(14): instance has no name File: C:/Users/cgreg/Documents/Uni/ECE2072/Lab 2/Part1/BCD_instantiate.v Line: 14
Critical Warning (10846): Verilog HDL Instantiation warning at BCD_instantiate.v(17): instance has no name File: C:/Users/cgreg/Documents/Uni/ECE2072/Lab 2/Part1/BCD_instantiate.v Line: 17
Critical Warning (10846): Verilog HDL Instantiation warning at BCD_instantiate.v(18): instance has no name File: C:/Users/cgreg/Documents/Uni/ECE2072/Lab 2/Part1/BCD_instantiate.v Line: 18
Critical Warning (10846): Verilog HDL Instantiation warning at BCD_instantiate.v(19): instance has no name File: C:/Users/cgreg/Documents/Uni/ECE2072/Lab 2/Part1/BCD_instantiate.v Line: 19
Critical Warning (10846): Verilog HDL Instantiation warning at BCD_instantiate.v(20): instance has no name File: C:/Users/cgreg/Documents/Uni/ECE2072/Lab 2/Part1/BCD_instantiate.v Line: 20
Critical Warning (10846): Verilog HDL Instantiation warning at BCD_instantiate.v(21): instance has no name File: C:/Users/cgreg/Documents/Uni/ECE2072/Lab 2/Part1/BCD_instantiate.v Line: 21
Critical Warning (10846): Verilog HDL Instantiation warning at BCD_instantiate.v(22): instance has no name File: C:/Users/cgreg/Documents/Uni/ECE2072/Lab 2/Part1/BCD_instantiate.v Line: 22
Info (12127): Elaborating entity "ones_counting_testbench" for the top level hierarchy
Warning (10230): Verilog HDL assignment warning at ones_counting_testbench.v(27): truncated value with size 32 to match size of target (4) File: C:/Users/cgreg/Documents/Uni/ECE2072/Lab 2/Part1/ones_counting_testbench.v Line: 27
Warning (10175): Verilog HDL warning at ones_counting_testbench.v(37): ignoring unsupported system task File: C:/Users/cgreg/Documents/Uni/ECE2072/Lab 2/Part1/ones_counting_testbench.v Line: 37
Warning (10240): Verilog HDL Always Construct warning at ones_counting_testbench.v(33): inferring latch(es) for variable "errors", which holds its previous value in one or more paths through the always construct File: C:/Users/cgreg/Documents/Uni/ECE2072/Lab 2/Part1/ones_counting_testbench.v Line: 33
Info (12128): Elaborating entity "ones_counter" for hierarchy "ones_counter:test1" File: C:/Users/cgreg/Documents/Uni/ECE2072/Lab 2/Part1/ones_counting_testbench.v Line: 9
Info: Quartus Prime Analysis & Elaboration was successful. 0 errors, 13 warnings
    Info: Peak virtual memory: 4716 megabytes
    Info: Processing ended: Wed Aug 21 14:27:21 2024
    Info: Elapsed time: 00:00:11
    Info: Total CPU time (on all processors): 00:00:07


