Analysis & Synthesis report for Lab3
Wed Sep 04 15:06:55 2024
Quartus Prime Version 18.1.0 Build 625 09/12/2018 SJ Lite Edition


---------------------
; Table of Contents ;
---------------------
  1. Legal Notice
  2. Analysis & Synthesis Summary
  3. Analysis & Synthesis Settings
  4. Parallel Compilation
  5. Analysis & Synthesis Source Files Read
  6. Analysis & Synthesis Resource Usage Summary
  7. Analysis & Synthesis Resource Utilization by Entity
  8. User-Specified and Inferred Latches
  9. General Register Statistics
 10. Parameter Settings for User Entity Instance: bcd:bcd_minute_high
 11. Parameter Settings for User Entity Instance: bcd:bcd_minute_low
 12. Parameter Settings for User Entity Instance: bcd:bcd_second_high
 13. Parameter Settings for User Entity Instance: bcd:bcd_second_low
 14. Parameter Settings for User Entity Instance: bcd:bcd_hundredth_high
 15. Parameter Settings for User Entity Instance: bcd:bcd_hundredth_low
 16. Parameter Settings for Inferred Entity Instance: lpm_divide:Mod2
 17. Parameter Settings for Inferred Entity Instance: lpm_divide:Div2
 18. Parameter Settings for Inferred Entity Instance: lpm_divide:Mod1
 19. Parameter Settings for Inferred Entity Instance: lpm_divide:Div1
 20. Parameter Settings for Inferred Entity Instance: lpm_divide:Mod0
 21. Parameter Settings for Inferred Entity Instance: lpm_divide:Div0
 22. Port Connectivity Checks: "bcd:bcd_hundredth_low"
 23. Port Connectivity Checks: "bcd:bcd_hundredth_high"
 24. Port Connectivity Checks: "bcd:bcd_second_low"
 25. Port Connectivity Checks: "bcd:bcd_second_high"
 26. Port Connectivity Checks: "bcd:bcd_minute_low"
 27. Port Connectivity Checks: "bcd:bcd_minute_high"
 28. Port Connectivity Checks: "clock_100:clk_gen"
 29. Post-Synthesis Netlist Statistics for Top Partition
 30. Elapsed Time Per Partition
 31. Analysis & Synthesis Messages



----------------
; Legal Notice ;
----------------
Copyright (C) 2018  Intel Corporation. All rights reserved.
Your use of Intel Corporation's design tools, logic functions 
and other software and tools, and its AMPP partner logic 
functions, and any output files from any of the foregoing 
(including device programming or simulation files), and any 
associated documentation or information are expressly subject 
to the terms and conditions of the Intel Program License 
Subscription Agreement, the Intel Quartus Prime License Agreement,
the Intel FPGA IP License Agreement, or other applicable license
agreement, including, without limitation, that your use is for
the sole purpose of programming logic devices manufactured by
Intel and sold by Intel or its authorized distributors.  Please
refer to the applicable agreement for further details.



+----------------------------------------------------------------------------------+
; Analysis & Synthesis Summary                                                     ;
+------------------------------------+---------------------------------------------+
; Analysis & Synthesis Status        ; Successful - Wed Sep 04 15:06:55 2024       ;
; Quartus Prime Version              ; 18.1.0 Build 625 09/12/2018 SJ Lite Edition ;
; Revision Name                      ; Lab3                                        ;
; Top-level Entity Name              ; stopwatch                                   ;
; Family                             ; MAX 10                                      ;
; Total logic elements               ; 377                                         ;
;     Total combinational functions  ; 377                                         ;
;     Dedicated logic registers      ; 40                                          ;
; Total registers                    ; 40                                          ;
; Total pins                         ; 46                                          ;
; Total virtual pins                 ; 0                                           ;
; Total memory bits                  ; 0                                           ;
; Embedded Multiplier 9-bit elements ; 0                                           ;
; Total PLLs                         ; 0                                           ;
; UFM blocks                         ; 0                                           ;
; ADC blocks                         ; 0                                           ;
+------------------------------------+---------------------------------------------+


+------------------------------------------------------------------------------------------------------------+
; Analysis & Synthesis Settings                                                                              ;
+------------------------------------------------------------------+--------------------+--------------------+
; Option                                                           ; Setting            ; Default Value      ;
+------------------------------------------------------------------+--------------------+--------------------+
; Device                                                           ; 10M50DAF484C7G     ;                    ;
; Top-level entity name                                            ; stopwatch          ; Lab3               ;
; Family name                                                      ; MAX 10             ; Cyclone V          ;
; Use smart compilation                                            ; Off                ; Off                ;
; Enable parallel Assembler and Timing Analyzer during compilation ; On                 ; On                 ;
; Enable compact report table                                      ; Off                ; Off                ;
; Restructure Multiplexers                                         ; Auto               ; Auto               ;
; Create Debugging Nodes for IP Cores                              ; Off                ; Off                ;
; Preserve fewer node names                                        ; On                 ; On                 ;
; Intel FPGA IP Evaluation Mode                                    ; Enable             ; Enable             ;
; Verilog Version                                                  ; Verilog_2001       ; Verilog_2001       ;
; VHDL Version                                                     ; VHDL_1993          ; VHDL_1993          ;
; State Machine Processing                                         ; Auto               ; Auto               ;
; Safe State Machine                                               ; Off                ; Off                ;
; Extract Verilog State Machines                                   ; On                 ; On                 ;
; Extract VHDL State Machines                                      ; On                 ; On                 ;
; Ignore Verilog initial constructs                                ; Off                ; Off                ;
; Iteration limit for constant Verilog loops                       ; 5000               ; 5000               ;
; Iteration limit for non-constant Verilog loops                   ; 250                ; 250                ;
; Add Pass-Through Logic to Inferred RAMs                          ; On                 ; On                 ;
; Infer RAMs from Raw Logic                                        ; On                 ; On                 ;
; Parallel Synthesis                                               ; On                 ; On                 ;
; DSP Block Balancing                                              ; Auto               ; Auto               ;
; NOT Gate Push-Back                                               ; On                 ; On                 ;
; Power-Up Don't Care                                              ; On                 ; On                 ;
; Remove Redundant Logic Cells                                     ; Off                ; Off                ;
; Remove Duplicate Registers                                       ; On                 ; On                 ;
; Ignore CARRY Buffers                                             ; Off                ; Off                ;
; Ignore CASCADE Buffers                                           ; Off                ; Off                ;
; Ignore GLOBAL Buffers                                            ; Off                ; Off                ;
; Ignore ROW GLOBAL Buffers                                        ; Off                ; Off                ;
; Ignore LCELL Buffers                                             ; Off                ; Off                ;
; Ignore SOFT Buffers                                              ; On                 ; On                 ;
; Limit AHDL Integers to 32 Bits                                   ; Off                ; Off                ;
; Optimization Technique                                           ; Balanced           ; Balanced           ;
; Carry Chain Length                                               ; 70                 ; 70                 ;
; Auto Carry Chains                                                ; On                 ; On                 ;
; Auto Open-Drain Pins                                             ; On                 ; On                 ;
; Perform WYSIWYG Primitive Resynthesis                            ; Off                ; Off                ;
; Auto ROM Replacement                                             ; On                 ; On                 ;
; Auto RAM Replacement                                             ; On                 ; On                 ;
; Auto DSP Block Replacement                                       ; On                 ; On                 ;
; Auto Shift Register Replacement                                  ; Auto               ; Auto               ;
; Allow Shift Register Merging across Hierarchies                  ; Auto               ; Auto               ;
; Auto Clock Enable Replacement                                    ; On                 ; On                 ;
; Strict RAM Replacement                                           ; Off                ; Off                ;
; Allow Synchronous Control Signals                                ; On                 ; On                 ;
; Force Use of Synchronous Clear Signals                           ; Off                ; Off                ;
; Auto RAM Block Balancing                                         ; On                 ; On                 ;
; Auto RAM to Logic Cell Conversion                                ; Off                ; Off                ;
; Auto Resource Sharing                                            ; Off                ; Off                ;
; Allow Any RAM Size For Recognition                               ; Off                ; Off                ;
; Allow Any ROM Size For Recognition                               ; Off                ; Off                ;
; Allow Any Shift Register Size For Recognition                    ; Off                ; Off                ;
; Use LogicLock Constraints during Resource Balancing              ; On                 ; On                 ;
; Ignore translate_off and synthesis_off directives                ; Off                ; Off                ;
; Timing-Driven Synthesis                                          ; On                 ; On                 ;
; Report Parameter Settings                                        ; On                 ; On                 ;
; Report Source Assignments                                        ; On                 ; On                 ;
; Report Connectivity Checks                                       ; On                 ; On                 ;
; Ignore Maximum Fan-Out Assignments                               ; Off                ; Off                ;
; Synchronization Register Chain Length                            ; 2                  ; 2                  ;
; Power Optimization During Synthesis                              ; Normal compilation ; Normal compilation ;
; HDL message level                                                ; Level2             ; Level2             ;
; Suppress Register Optimization Related Messages                  ; Off                ; Off                ;
; Number of Removed Registers Reported in Synthesis Report         ; 5000               ; 5000               ;
; Number of Swept Nodes Reported in Synthesis Report               ; 5000               ; 5000               ;
; Number of Inverted Registers Reported in Synthesis Report        ; 100                ; 100                ;
; Clock MUX Protection                                             ; On                 ; On                 ;
; Auto Gated Clock Conversion                                      ; Off                ; Off                ;
; Block Design Naming                                              ; Auto               ; Auto               ;
; SDC constraint protection                                        ; Off                ; Off                ;
; Synthesis Effort                                                 ; Auto               ; Auto               ;
; Shift Register Replacement - Allow Asynchronous Clear Signal     ; On                 ; On                 ;
; Pre-Mapping Resynthesis Optimization                             ; Off                ; Off                ;
; Analysis & Synthesis Message Level                               ; Medium             ; Medium             ;
; Disable Register Merging Across Hierarchies                      ; Auto               ; Auto               ;
; Resource Aware Inference For Block RAM                           ; On                 ; On                 ;
+------------------------------------------------------------------+--------------------+--------------------+


+------------------------------------------+
; Parallel Compilation                     ;
+----------------------------+-------------+
; Processors                 ; Number      ;
+----------------------------+-------------+
; Number detected on machine ; 16          ;
; Maximum allowed            ; 12          ;
;                            ;             ;
; Average used               ; 1.01        ;
; Maximum used               ; 12          ;
;                            ;             ;
; Usage by Processor         ; % Time Used ;
;     Processor 1            ; 100.0%      ;
;     Processor 2            ;   0.1%      ;
;     Processors 3-12        ;   0.0%      ;
+----------------------------+-------------+


+--------------------------------------------------------------------------------------------------------------------------------------------------------------------------+
; Analysis & Synthesis Source Files Read                                                                                                                                   ;
+----------------------------------+-----------------+------------------------------+----------------------------------------------------------------------------+---------+
; File Name with User-Entered Path ; Used in Netlist ; File Type                    ; File Name with Absolute Path                                               ; Library ;
+----------------------------------+-----------------+------------------------------+----------------------------------------------------------------------------+---------+
; bcd.v                            ; yes             ; User Verilog HDL File        ; C:/Users/cgreg/Documents/Uni/ECE2072/Lab 3/bcd.v                           ;         ;
; output_files/clock_100.v         ; yes             ; User Verilog HDL File        ; C:/Users/cgreg/Documents/Uni/ECE2072/Lab 3/output_files/clock_100.v        ;         ;
; output_files/stopwatch.v         ; yes             ; User Verilog HDL File        ; C:/Users/cgreg/Documents/Uni/ECE2072/Lab 3/output_files/stopwatch.v        ;         ;
; lpm_divide.tdf                   ; yes             ; Megafunction                 ; c:/intelfpga_lite/18.1/quartus/libraries/megafunctions/lpm_divide.tdf      ;         ;
; abs_divider.inc                  ; yes             ; Megafunction                 ; c:/intelfpga_lite/18.1/quartus/libraries/megafunctions/abs_divider.inc     ;         ;
; sign_div_unsign.inc              ; yes             ; Megafunction                 ; c:/intelfpga_lite/18.1/quartus/libraries/megafunctions/sign_div_unsign.inc ;         ;
; aglobal181.inc                   ; yes             ; Megafunction                 ; c:/intelfpga_lite/18.1/quartus/libraries/megafunctions/aglobal181.inc      ;         ;
; db/lpm_divide_ckl.tdf            ; yes             ; Auto-Generated Megafunction  ; C:/Users/cgreg/Documents/Uni/ECE2072/Lab 3/db/lpm_divide_ckl.tdf           ;         ;
; db/sign_div_unsign_bkh.tdf       ; yes             ; Auto-Generated Megafunction  ; C:/Users/cgreg/Documents/Uni/ECE2072/Lab 3/db/sign_div_unsign_bkh.tdf      ;         ;
; db/alt_u_div_0fe.tdf             ; yes             ; Auto-Generated Megafunction  ; C:/Users/cgreg/Documents/Uni/ECE2072/Lab 3/db/alt_u_div_0fe.tdf            ;         ;
; db/add_sub_t3c.tdf               ; yes             ; Auto-Generated Megafunction  ; C:/Users/cgreg/Documents/Uni/ECE2072/Lab 3/db/add_sub_t3c.tdf              ;         ;
; db/add_sub_u3c.tdf               ; yes             ; Auto-Generated Megafunction  ; C:/Users/cgreg/Documents/Uni/ECE2072/Lab 3/db/add_sub_u3c.tdf              ;         ;
; db/lpm_divide_9sl.tdf            ; yes             ; Auto-Generated Megafunction  ; C:/Users/cgreg/Documents/Uni/ECE2072/Lab 3/db/lpm_divide_9sl.tdf           ;         ;
; db/lpm_divide_akl.tdf            ; yes             ; Auto-Generated Megafunction  ; C:/Users/cgreg/Documents/Uni/ECE2072/Lab 3/db/lpm_divide_akl.tdf           ;         ;
; db/sign_div_unsign_9kh.tdf       ; yes             ; Auto-Generated Megafunction  ; C:/Users/cgreg/Documents/Uni/ECE2072/Lab 3/db/sign_div_unsign_9kh.tdf      ;         ;
; db/alt_u_div_see.tdf             ; yes             ; Auto-Generated Megafunction  ; C:/Users/cgreg/Documents/Uni/ECE2072/Lab 3/db/alt_u_div_see.tdf            ;         ;
; db/lpm_divide_7sl.tdf            ; yes             ; Auto-Generated Megafunction  ; C:/Users/cgreg/Documents/Uni/ECE2072/Lab 3/db/lpm_divide_7sl.tdf           ;         ;
+----------------------------------+-----------------+------------------------------+----------------------------------------------------------------------------+---------+


+---------------------------------------------------------------------------+
; Analysis & Synthesis Resource Usage Summary                               ;
+---------------------------------------------+-----------------------------+
; Resource                                    ; Usage                       ;
+---------------------------------------------+-----------------------------+
; Estimated Total logic elements              ; 377                         ;
;                                             ;                             ;
; Total combinational functions               ; 377                         ;
; Logic element usage by number of LUT inputs ;                             ;
;     -- 4 input functions                    ; 67                          ;
;     -- 3 input functions                    ; 122                         ;
;     -- <=2 input functions                  ; 188                         ;
;                                             ;                             ;
; Logic elements by mode                      ;                             ;
;     -- normal mode                          ; 260                         ;
;     -- arithmetic mode                      ; 117                         ;
;                                             ;                             ;
; Total registers                             ; 40                          ;
;     -- Dedicated logic registers            ; 40                          ;
;     -- I/O registers                        ; 0                           ;
;                                             ;                             ;
; I/O pins                                    ; 46                          ;
;                                             ;                             ;
; Embedded Multiplier 9-bit elements          ; 0                           ;
;                                             ;                             ;
; Maximum fan-out node                        ; clock_100:clk_gen|clock_100 ;
; Maximum fan-out                             ; 22                          ;
; Total fan-out                               ; 1171                        ;
; Average fan-out                             ; 2.30                        ;
+---------------------------------------------+-----------------------------+


+-----------------------------------------------------------------------------------------------------------------------------------------------------------------------------------------------------------------------------------------------------------------------------------------------------------------------------------------------+
; Analysis & Synthesis Resource Utilization by Entity                                                                                                                                                                                                                                                                                           ;
+----------------------------------------+---------------------+---------------------------+-------------+------------+--------------+---------+-----------+------+--------------+------------+------------------------------------------------------------------------------------------------------------+---------------------+--------------+
; Compilation Hierarchy Node             ; Combinational ALUTs ; Dedicated Logic Registers ; Memory Bits ; UFM Blocks ; DSP Elements ; DSP 9x9 ; DSP 18x18 ; Pins ; Virtual Pins ; ADC blocks ; Full Hierarchy Name                                                                                        ; Entity Name         ; Library Name ;
+----------------------------------------+---------------------+---------------------------+-------------+------------+--------------+---------+-----------+------+--------------+------------+------------------------------------------------------------------------------------------------------------+---------------------+--------------+
; |stopwatch                             ; 377 (37)            ; 40 (20)                   ; 0           ; 0          ; 0            ; 0       ; 0         ; 46   ; 0            ; 0          ; |stopwatch                                                                                                 ; stopwatch           ; work         ;
;    |bcd:bcd_hundredth_high|            ; 11 (11)             ; 0 (0)                     ; 0           ; 0          ; 0            ; 0       ; 0         ; 0    ; 0            ; 0          ; |stopwatch|bcd:bcd_hundredth_high                                                                          ; bcd                 ; work         ;
;    |bcd:bcd_hundredth_low|             ; 14 (14)             ; 0 (0)                     ; 0           ; 0          ; 0            ; 0       ; 0         ; 0    ; 0            ; 0          ; |stopwatch|bcd:bcd_hundredth_low                                                                           ; bcd                 ; work         ;
;    |bcd:bcd_minute_high|               ; 7 (7)               ; 0 (0)                     ; 0           ; 0          ; 0            ; 0       ; 0         ; 0    ; 0            ; 0          ; |stopwatch|bcd:bcd_minute_high                                                                             ; bcd                 ; work         ;
;    |bcd:bcd_minute_low|                ; 14 (14)             ; 0 (0)                     ; 0           ; 0          ; 0            ; 0       ; 0         ; 0    ; 0            ; 0          ; |stopwatch|bcd:bcd_minute_low                                                                              ; bcd                 ; work         ;
;    |bcd:bcd_second_high|               ; 7 (7)               ; 0 (0)                     ; 0           ; 0          ; 0            ; 0       ; 0         ; 0    ; 0            ; 0          ; |stopwatch|bcd:bcd_second_high                                                                             ; bcd                 ; work         ;
;    |bcd:bcd_second_low|                ; 13 (13)             ; 0 (0)                     ; 0           ; 0          ; 0            ; 0       ; 0         ; 0    ; 0            ; 0          ; |stopwatch|bcd:bcd_second_low                                                                              ; bcd                 ; work         ;
;    |clock_100:clk_gen|                 ; 33 (33)             ; 20 (20)                   ; 0           ; 0          ; 0            ; 0       ; 0         ; 0    ; 0            ; 0          ; |stopwatch|clock_100:clk_gen                                                                               ; clock_100           ; work         ;
;    |lpm_divide:Div0|                   ; 30 (0)              ; 0 (0)                     ; 0           ; 0          ; 0            ; 0       ; 0         ; 0    ; 0            ; 0          ; |stopwatch|lpm_divide:Div0                                                                                 ; lpm_divide          ; work         ;
;       |lpm_divide_7sl:auto_generated|  ; 30 (0)              ; 0 (0)                     ; 0           ; 0          ; 0            ; 0       ; 0         ; 0    ; 0            ; 0          ; |stopwatch|lpm_divide:Div0|lpm_divide_7sl:auto_generated                                                   ; lpm_divide_7sl      ; work         ;
;          |sign_div_unsign_9kh:divider| ; 30 (0)              ; 0 (0)                     ; 0           ; 0          ; 0            ; 0       ; 0         ; 0    ; 0            ; 0          ; |stopwatch|lpm_divide:Div0|lpm_divide_7sl:auto_generated|sign_div_unsign_9kh:divider                       ; sign_div_unsign_9kh ; work         ;
;             |alt_u_div_see:divider|    ; 30 (30)             ; 0 (0)                     ; 0           ; 0          ; 0            ; 0       ; 0         ; 0    ; 0            ; 0          ; |stopwatch|lpm_divide:Div0|lpm_divide_7sl:auto_generated|sign_div_unsign_9kh:divider|alt_u_div_see:divider ; alt_u_div_see       ; work         ;
;    |lpm_divide:Div1|                   ; 30 (0)              ; 0 (0)                     ; 0           ; 0          ; 0            ; 0       ; 0         ; 0    ; 0            ; 0          ; |stopwatch|lpm_divide:Div1                                                                                 ; lpm_divide          ; work         ;
;       |lpm_divide_7sl:auto_generated|  ; 30 (0)              ; 0 (0)                     ; 0           ; 0          ; 0            ; 0       ; 0         ; 0    ; 0            ; 0          ; |stopwatch|lpm_divide:Div1|lpm_divide_7sl:auto_generated                                                   ; lpm_divide_7sl      ; work         ;
;          |sign_div_unsign_9kh:divider| ; 30 (0)              ; 0 (0)                     ; 0           ; 0          ; 0            ; 0       ; 0         ; 0    ; 0            ; 0          ; |stopwatch|lpm_divide:Div1|lpm_divide_7sl:auto_generated|sign_div_unsign_9kh:divider                       ; sign_div_unsign_9kh ; work         ;
;             |alt_u_div_see:divider|    ; 30 (30)             ; 0 (0)                     ; 0           ; 0          ; 0            ; 0       ; 0         ; 0    ; 0            ; 0          ; |stopwatch|lpm_divide:Div1|lpm_divide_7sl:auto_generated|sign_div_unsign_9kh:divider|alt_u_div_see:divider ; alt_u_div_see       ; work         ;
;    |lpm_divide:Div2|                   ; 56 (0)              ; 0 (0)                     ; 0           ; 0          ; 0            ; 0       ; 0         ; 0    ; 0            ; 0          ; |stopwatch|lpm_divide:Div2                                                                                 ; lpm_divide          ; work         ;
;       |lpm_divide_9sl:auto_generated|  ; 56 (0)              ; 0 (0)                     ; 0           ; 0          ; 0            ; 0       ; 0         ; 0    ; 0            ; 0          ; |stopwatch|lpm_divide:Div2|lpm_divide_9sl:auto_generated                                                   ; lpm_divide_9sl      ; work         ;
;          |sign_div_unsign_bkh:divider| ; 56 (0)              ; 0 (0)                     ; 0           ; 0          ; 0            ; 0       ; 0         ; 0    ; 0            ; 0          ; |stopwatch|lpm_divide:Div2|lpm_divide_9sl:auto_generated|sign_div_unsign_bkh:divider                       ; sign_div_unsign_bkh ; work         ;
;             |alt_u_div_0fe:divider|    ; 56 (56)             ; 0 (0)                     ; 0           ; 0          ; 0            ; 0       ; 0         ; 0    ; 0            ; 0          ; |stopwatch|lpm_divide:Div2|lpm_divide_9sl:auto_generated|sign_div_unsign_bkh:divider|alt_u_div_0fe:divider ; alt_u_div_0fe       ; work         ;
;    |lpm_divide:Mod0|                   ; 33 (0)              ; 0 (0)                     ; 0           ; 0          ; 0            ; 0       ; 0         ; 0    ; 0            ; 0          ; |stopwatch|lpm_divide:Mod0                                                                                 ; lpm_divide          ; work         ;
;       |lpm_divide_akl:auto_generated|  ; 33 (0)              ; 0 (0)                     ; 0           ; 0          ; 0            ; 0       ; 0         ; 0    ; 0            ; 0          ; |stopwatch|lpm_divide:Mod0|lpm_divide_akl:auto_generated                                                   ; lpm_divide_akl      ; work         ;
;          |sign_div_unsign_9kh:divider| ; 33 (0)              ; 0 (0)                     ; 0           ; 0          ; 0            ; 0       ; 0         ; 0    ; 0            ; 0          ; |stopwatch|lpm_divide:Mod0|lpm_divide_akl:auto_generated|sign_div_unsign_9kh:divider                       ; sign_div_unsign_9kh ; work         ;
;             |alt_u_div_see:divider|    ; 33 (33)             ; 0 (0)                     ; 0           ; 0          ; 0            ; 0       ; 0         ; 0    ; 0            ; 0          ; |stopwatch|lpm_divide:Mod0|lpm_divide_akl:auto_generated|sign_div_unsign_9kh:divider|alt_u_div_see:divider ; alt_u_div_see       ; work         ;
;    |lpm_divide:Mod1|                   ; 33 (0)              ; 0 (0)                     ; 0           ; 0          ; 0            ; 0       ; 0         ; 0    ; 0            ; 0          ; |stopwatch|lpm_divide:Mod1                                                                                 ; lpm_divide          ; work         ;
;       |lpm_divide_akl:auto_generated|  ; 33 (0)              ; 0 (0)                     ; 0           ; 0          ; 0            ; 0       ; 0         ; 0    ; 0            ; 0          ; |stopwatch|lpm_divide:Mod1|lpm_divide_akl:auto_generated                                                   ; lpm_divide_akl      ; work         ;
;          |sign_div_unsign_9kh:divider| ; 33 (0)              ; 0 (0)                     ; 0           ; 0          ; 0            ; 0       ; 0         ; 0    ; 0            ; 0          ; |stopwatch|lpm_divide:Mod1|lpm_divide_akl:auto_generated|sign_div_unsign_9kh:divider                       ; sign_div_unsign_9kh ; work         ;
;             |alt_u_div_see:divider|    ; 33 (33)             ; 0 (0)                     ; 0           ; 0          ; 0            ; 0       ; 0         ; 0    ; 0            ; 0          ; |stopwatch|lpm_divide:Mod1|lpm_divide_akl:auto_generated|sign_div_unsign_9kh:divider|alt_u_div_see:divider ; alt_u_div_see       ; work         ;
;    |lpm_divide:Mod2|                   ; 59 (0)              ; 0 (0)                     ; 0           ; 0          ; 0            ; 0       ; 0         ; 0    ; 0            ; 0          ; |stopwatch|lpm_divide:Mod2                                                                                 ; lpm_divide          ; work         ;
;       |lpm_divide_ckl:auto_generated|  ; 59 (0)              ; 0 (0)                     ; 0           ; 0          ; 0            ; 0       ; 0         ; 0    ; 0            ; 0          ; |stopwatch|lpm_divide:Mod2|lpm_divide_ckl:auto_generated                                                   ; lpm_divide_ckl      ; work         ;
;          |sign_div_unsign_bkh:divider| ; 59 (0)              ; 0 (0)                     ; 0           ; 0          ; 0            ; 0       ; 0         ; 0    ; 0            ; 0          ; |stopwatch|lpm_divide:Mod2|lpm_divide_ckl:auto_generated|sign_div_unsign_bkh:divider                       ; sign_div_unsign_bkh ; work         ;
;             |alt_u_div_0fe:divider|    ; 59 (59)             ; 0 (0)                     ; 0           ; 0          ; 0            ; 0       ; 0         ; 0    ; 0            ; 0          ; |stopwatch|lpm_divide:Mod2|lpm_divide_ckl:auto_generated|sign_div_unsign_bkh:divider|alt_u_div_0fe:divider ; alt_u_div_0fe       ; work         ;
+----------------------------------------+---------------------+---------------------------+-------------+------------+--------------+---------+-----------+------+--------------+------------+------------------------------------------------------------------------------------------------------------+---------------------+--------------+
Note: For table entries with two numbers listed, the numbers in parentheses indicate the number of resources of the given type used by the specific entity alone. The numbers listed outside of parentheses indicate the total resources of the given type used by the specific entity and all of its sub-entities in the hierarchy.


+------------------------------------------------------------------------------------------------------------+
; User-Specified and Inferred Latches                                                                        ;
+-----------------------------------------------------+-----------------------------+------------------------+
; Latch Name                                          ; Latch Enable Signal         ; Free of Timing Hazards ;
+-----------------------------------------------------+-----------------------------+------------------------+
; bcd:bcd_hundredth_low|hmmm[0]                       ; bcd:bcd_hundredth_low|Mux0  ; yes                    ;
; bcd:bcd_hundredth_low|hmmm[1]                       ; bcd:bcd_hundredth_low|Mux0  ; yes                    ;
; bcd:bcd_hundredth_low|hmmm[2]                       ; bcd:bcd_hundredth_low|Mux0  ; yes                    ;
; bcd:bcd_hundredth_high|hmmm[0]                      ; bcd:bcd_hundredth_high|Mux0 ; yes                    ;
; bcd:bcd_hundredth_high|hmmm[1]                      ; bcd:bcd_hundredth_high|Mux0 ; yes                    ;
; bcd:bcd_hundredth_high|hmmm[2]                      ; bcd:bcd_hundredth_high|Mux0 ; yes                    ;
; bcd:bcd_second_low|hmmm[0]                          ; bcd:bcd_second_low|Mux0     ; yes                    ;
; bcd:bcd_second_low|hmmm[1]                          ; bcd:bcd_second_low|Mux0     ; yes                    ;
; bcd:bcd_second_low|hmmm[2]                          ; bcd:bcd_second_low|Mux0     ; yes                    ;
; bcd:bcd_minute_low|hmmm[0]                          ; bcd:bcd_minute_low|Mux0     ; yes                    ;
; bcd:bcd_minute_low|hmmm[1]                          ; bcd:bcd_minute_low|Mux0     ; yes                    ;
; bcd:bcd_minute_low|hmmm[2]                          ; bcd:bcd_minute_low|Mux0     ; yes                    ;
; Number of user-specified and inferred latches = 12  ;                             ;                        ;
+-----------------------------------------------------+-----------------------------+------------------------+
Note: All latches listed above may not be present at the end of synthesis due to various synthesis optimizations.


+------------------------------------------------------+
; General Register Statistics                          ;
+----------------------------------------------+-------+
; Statistic                                    ; Value ;
+----------------------------------------------+-------+
; Total registers                              ; 40    ;
; Number of registers using Synchronous Clear  ; 0     ;
; Number of registers using Synchronous Load   ; 0     ;
; Number of registers using Asynchronous Clear ; 20    ;
; Number of registers using Asynchronous Load  ; 0     ;
; Number of registers using Clock Enable       ; 20    ;
; Number of registers using Preset             ; 0     ;
+----------------------------------------------+-------+


+------------------------------------------------------------------+
; Parameter Settings for User Entity Instance: bcd:bcd_minute_high ;
+----------------+-------+-----------------------------------------+
; Parameter Name ; Value ; Type                                    ;
+----------------+-------+-----------------------------------------+
; a              ; 0011  ; Unsigned Binary                         ;
; b              ; 0010  ; Unsigned Binary                         ;
; c              ; 0001  ; Unsigned Binary                         ;
; d              ; 0100  ; Unsigned Binary                         ;
; e              ; 010   ; Unsigned Binary                         ;
; f              ; 011   ; Unsigned Binary                         ;
; g              ; 100   ; Unsigned Binary                         ;
; h              ; 101   ; Unsigned Binary                         ;
; i              ; 110   ; Unsigned Binary                         ;
; j              ; 111   ; Unsigned Binary                         ;
; k              ; 001   ; Unsigned Binary                         ;
+----------------+-------+-----------------------------------------+
Note: In order to hide this table in the UI and the text report file, please set the "Show Parameter Settings in Synthesis Report" option in "Analysis and Synthesis Settings -> More Settings" to "Off".


+-----------------------------------------------------------------+
; Parameter Settings for User Entity Instance: bcd:bcd_minute_low ;
+----------------+-------+----------------------------------------+
; Parameter Name ; Value ; Type                                   ;
+----------------+-------+----------------------------------------+
; a              ; 0011  ; Unsigned Binary                        ;
; b              ; 0010  ; Unsigned Binary                        ;
; c              ; 0001  ; Unsigned Binary                        ;
; d              ; 0100  ; Unsigned Binary                        ;
; e              ; 010   ; Unsigned Binary                        ;
; f              ; 011   ; Unsigned Binary                        ;
; g              ; 100   ; Unsigned Binary                        ;
; h              ; 101   ; Unsigned Binary                        ;
; i              ; 110   ; Unsigned Binary                        ;
; j              ; 111   ; Unsigned Binary                        ;
; k              ; 001   ; Unsigned Binary                        ;
+----------------+-------+----------------------------------------+
Note: In order to hide this table in the UI and the text report file, please set the "Show Parameter Settings in Synthesis Report" option in "Analysis and Synthesis Settings -> More Settings" to "Off".


+------------------------------------------------------------------+
; Parameter Settings for User Entity Instance: bcd:bcd_second_high ;
+----------------+-------+-----------------------------------------+
; Parameter Name ; Value ; Type                                    ;
+----------------+-------+-----------------------------------------+
; a              ; 0011  ; Unsigned Binary                         ;
; b              ; 0010  ; Unsigned Binary                         ;
; c              ; 0001  ; Unsigned Binary                         ;
; d              ; 0100  ; Unsigned Binary                         ;
; e              ; 010   ; Unsigned Binary                         ;
; f              ; 011   ; Unsigned Binary                         ;
; g              ; 100   ; Unsigned Binary                         ;
; h              ; 101   ; Unsigned Binary                         ;
; i              ; 110   ; Unsigned Binary                         ;
; j              ; 111   ; Unsigned Binary                         ;
; k              ; 001   ; Unsigned Binary                         ;
+----------------+-------+-----------------------------------------+
Note: In order to hide this table in the UI and the text report file, please set the "Show Parameter Settings in Synthesis Report" option in "Analysis and Synthesis Settings -> More Settings" to "Off".


+-----------------------------------------------------------------+
; Parameter Settings for User Entity Instance: bcd:bcd_second_low ;
+----------------+-------+----------------------------------------+
; Parameter Name ; Value ; Type                                   ;
+----------------+-------+----------------------------------------+
; a              ; 0011  ; Unsigned Binary                        ;
; b              ; 0010  ; Unsigned Binary                        ;
; c              ; 0001  ; Unsigned Binary                        ;
; d              ; 0100  ; Unsigned Binary                        ;
; e              ; 010   ; Unsigned Binary                        ;
; f              ; 011   ; Unsigned Binary                        ;
; g              ; 100   ; Unsigned Binary                        ;
; h              ; 101   ; Unsigned Binary                        ;
; i              ; 110   ; Unsigned Binary                        ;
; j              ; 111   ; Unsigned Binary                        ;
; k              ; 001   ; Unsigned Binary                        ;
+----------------+-------+----------------------------------------+
Note: In order to hide this table in the UI and the text report file, please set the "Show Parameter Settings in Synthesis Report" option in "Analysis and Synthesis Settings -> More Settings" to "Off".


+---------------------------------------------------------------------+
; Parameter Settings for User Entity Instance: bcd:bcd_hundredth_high ;
+----------------+-------+--------------------------------------------+
; Parameter Name ; Value ; Type                                       ;
+----------------+-------+--------------------------------------------+
; a              ; 0011  ; Unsigned Binary                            ;
; b              ; 0010  ; Unsigned Binary                            ;
; c              ; 0001  ; Unsigned Binary                            ;
; d              ; 0100  ; Unsigned Binary                            ;
; e              ; 010   ; Unsigned Binary                            ;
; f              ; 011   ; Unsigned Binary                            ;
; g              ; 100   ; Unsigned Binary                            ;
; h              ; 101   ; Unsigned Binary                            ;
; i              ; 110   ; Unsigned Binary                            ;
; j              ; 111   ; Unsigned Binary                            ;
; k              ; 001   ; Unsigned Binary                            ;
+----------------+-------+--------------------------------------------+
Note: In order to hide this table in the UI and the text report file, please set the "Show Parameter Settings in Synthesis Report" option in "Analysis and Synthesis Settings -> More Settings" to "Off".


+--------------------------------------------------------------------+
; Parameter Settings for User Entity Instance: bcd:bcd_hundredth_low ;
+----------------+-------+-------------------------------------------+
; Parameter Name ; Value ; Type                                      ;
+----------------+-------+-------------------------------------------+
; a              ; 0011  ; Unsigned Binary                           ;
; b              ; 0010  ; Unsigned Binary                           ;
; c              ; 0001  ; Unsigned Binary                           ;
; d              ; 0100  ; Unsigned Binary                           ;
; e              ; 010   ; Unsigned Binary                           ;
; f              ; 011   ; Unsigned Binary                           ;
; g              ; 100   ; Unsigned Binary                           ;
; h              ; 101   ; Unsigned Binary                           ;
; i              ; 110   ; Unsigned Binary                           ;
; j              ; 111   ; Unsigned Binary                           ;
; k              ; 001   ; Unsigned Binary                           ;
+----------------+-------+-------------------------------------------+
Note: In order to hide this table in the UI and the text report file, please set the "Show Parameter Settings in Synthesis Report" option in "Analysis and Synthesis Settings -> More Settings" to "Off".


+------------------------------------------------------------------+
; Parameter Settings for Inferred Entity Instance: lpm_divide:Mod2 ;
+------------------------+----------------+------------------------+
; Parameter Name         ; Value          ; Type                   ;
+------------------------+----------------+------------------------+
; LPM_WIDTHN             ; 8              ; Untyped                ;
; LPM_WIDTHD             ; 4              ; Untyped                ;
; LPM_NREPRESENTATION    ; UNSIGNED       ; Untyped                ;
; LPM_DREPRESENTATION    ; UNSIGNED       ; Untyped                ;
; LPM_PIPELINE           ; 0              ; Untyped                ;
; LPM_REMAINDERPOSITIVE  ; TRUE           ; Untyped                ;
; MAXIMIZE_SPEED         ; 5              ; Untyped                ;
; CBXI_PARAMETER         ; lpm_divide_ckl ; Untyped                ;
; CARRY_CHAIN            ; MANUAL         ; Untyped                ;
; OPTIMIZE_FOR_SPEED     ; 5              ; Untyped                ;
; AUTO_CARRY_CHAINS      ; ON             ; AUTO_CARRY             ;
; IGNORE_CARRY_BUFFERS   ; OFF            ; IGNORE_CARRY           ;
; AUTO_CASCADE_CHAINS    ; ON             ; AUTO_CASCADE           ;
; IGNORE_CASCADE_BUFFERS ; OFF            ; IGNORE_CASCADE         ;
+------------------------+----------------+------------------------+
Note: In order to hide this table in the UI and the text report file, please set the "Show Parameter Settings in Synthesis Report" option in "Analysis and Synthesis Settings -> More Settings" to "Off".


+------------------------------------------------------------------+
; Parameter Settings for Inferred Entity Instance: lpm_divide:Div2 ;
+------------------------+----------------+------------------------+
; Parameter Name         ; Value          ; Type                   ;
+------------------------+----------------+------------------------+
; LPM_WIDTHN             ; 8              ; Untyped                ;
; LPM_WIDTHD             ; 4              ; Untyped                ;
; LPM_NREPRESENTATION    ; UNSIGNED       ; Untyped                ;
; LPM_DREPRESENTATION    ; UNSIGNED       ; Untyped                ;
; LPM_PIPELINE           ; 0              ; Untyped                ;
; LPM_REMAINDERPOSITIVE  ; TRUE           ; Untyped                ;
; MAXIMIZE_SPEED         ; 5              ; Untyped                ;
; CBXI_PARAMETER         ; lpm_divide_9sl ; Untyped                ;
; CARRY_CHAIN            ; MANUAL         ; Untyped                ;
; OPTIMIZE_FOR_SPEED     ; 5              ; Untyped                ;
; AUTO_CARRY_CHAINS      ; ON             ; AUTO_CARRY             ;
; IGNORE_CARRY_BUFFERS   ; OFF            ; IGNORE_CARRY           ;
; AUTO_CASCADE_CHAINS    ; ON             ; AUTO_CASCADE           ;
; IGNORE_CASCADE_BUFFERS ; OFF            ; IGNORE_CASCADE         ;
+------------------------+----------------+------------------------+
Note: In order to hide this table in the UI and the text report file, please set the "Show Parameter Settings in Synthesis Report" option in "Analysis and Synthesis Settings -> More Settings" to "Off".


+------------------------------------------------------------------+
; Parameter Settings for Inferred Entity Instance: lpm_divide:Mod1 ;
+------------------------+----------------+------------------------+
; Parameter Name         ; Value          ; Type                   ;
+------------------------+----------------+------------------------+
; LPM_WIDTHN             ; 6              ; Untyped                ;
; LPM_WIDTHD             ; 4              ; Untyped                ;
; LPM_NREPRESENTATION    ; UNSIGNED       ; Untyped                ;
; LPM_DREPRESENTATION    ; UNSIGNED       ; Untyped                ;
; LPM_PIPELINE           ; 0              ; Untyped                ;
; LPM_REMAINDERPOSITIVE  ; TRUE           ; Untyped                ;
; MAXIMIZE_SPEED         ; 5              ; Untyped                ;
; CBXI_PARAMETER         ; lpm_divide_akl ; Untyped                ;
; CARRY_CHAIN            ; MANUAL         ; Untyped                ;
; OPTIMIZE_FOR_SPEED     ; 5              ; Untyped                ;
; AUTO_CARRY_CHAINS      ; ON             ; AUTO_CARRY             ;
; IGNORE_CARRY_BUFFERS   ; OFF            ; IGNORE_CARRY           ;
; AUTO_CASCADE_CHAINS    ; ON             ; AUTO_CASCADE           ;
; IGNORE_CASCADE_BUFFERS ; OFF            ; IGNORE_CASCADE         ;
+------------------------+----------------+------------------------+
Note: In order to hide this table in the UI and the text report file, please set the "Show Parameter Settings in Synthesis Report" option in "Analysis and Synthesis Settings -> More Settings" to "Off".


+------------------------------------------------------------------+
; Parameter Settings for Inferred Entity Instance: lpm_divide:Div1 ;
+------------------------+----------------+------------------------+
; Parameter Name         ; Value          ; Type                   ;
+------------------------+----------------+------------------------+
; LPM_WIDTHN             ; 6              ; Untyped                ;
; LPM_WIDTHD             ; 4              ; Untyped                ;
; LPM_NREPRESENTATION    ; UNSIGNED       ; Untyped                ;
; LPM_DREPRESENTATION    ; UNSIGNED       ; Untyped                ;
; LPM_PIPELINE           ; 0              ; Untyped                ;
; LPM_REMAINDERPOSITIVE  ; TRUE           ; Untyped                ;
; MAXIMIZE_SPEED         ; 5              ; Untyped                ;
; CBXI_PARAMETER         ; lpm_divide_7sl ; Untyped                ;
; CARRY_CHAIN            ; MANUAL         ; Untyped                ;
; OPTIMIZE_FOR_SPEED     ; 5              ; Untyped                ;
; AUTO_CARRY_CHAINS      ; ON             ; AUTO_CARRY             ;
; IGNORE_CARRY_BUFFERS   ; OFF            ; IGNORE_CARRY           ;
; AUTO_CASCADE_CHAINS    ; ON             ; AUTO_CASCADE           ;
; IGNORE_CASCADE_BUFFERS ; OFF            ; IGNORE_CASCADE         ;
+------------------------+----------------+------------------------+
Note: In order to hide this table in the UI and the text report file, please set the "Show Parameter Settings in Synthesis Report" option in "Analysis and Synthesis Settings -> More Settings" to "Off".


+------------------------------------------------------------------+
; Parameter Settings for Inferred Entity Instance: lpm_divide:Mod0 ;
+------------------------+----------------+------------------------+
; Parameter Name         ; Value          ; Type                   ;
+------------------------+----------------+------------------------+
; LPM_WIDTHN             ; 6              ; Untyped                ;
; LPM_WIDTHD             ; 4              ; Untyped                ;
; LPM_NREPRESENTATION    ; UNSIGNED       ; Untyped                ;
; LPM_DREPRESENTATION    ; UNSIGNED       ; Untyped                ;
; LPM_PIPELINE           ; 0              ; Untyped                ;
; LPM_REMAINDERPOSITIVE  ; TRUE           ; Untyped                ;
; MAXIMIZE_SPEED         ; 5              ; Untyped                ;
; CBXI_PARAMETER         ; lpm_divide_akl ; Untyped                ;
; CARRY_CHAIN            ; MANUAL         ; Untyped                ;
; OPTIMIZE_FOR_SPEED     ; 5              ; Untyped                ;
; AUTO_CARRY_CHAINS      ; ON             ; AUTO_CARRY             ;
; IGNORE_CARRY_BUFFERS   ; OFF            ; IGNORE_CARRY           ;
; AUTO_CASCADE_CHAINS    ; ON             ; AUTO_CASCADE           ;
; IGNORE_CASCADE_BUFFERS ; OFF            ; IGNORE_CASCADE         ;
+------------------------+----------------+------------------------+
Note: In order to hide this table in the UI and the text report file, please set the "Show Parameter Settings in Synthesis Report" option in "Analysis and Synthesis Settings -> More Settings" to "Off".


+------------------------------------------------------------------+
; Parameter Settings for Inferred Entity Instance: lpm_divide:Div0 ;
+------------------------+----------------+------------------------+
; Parameter Name         ; Value          ; Type                   ;
+------------------------+----------------+------------------------+
; LPM_WIDTHN             ; 6              ; Untyped                ;
; LPM_WIDTHD             ; 4              ; Untyped                ;
; LPM_NREPRESENTATION    ; UNSIGNED       ; Untyped                ;
; LPM_DREPRESENTATION    ; UNSIGNED       ; Untyped                ;
; LPM_PIPELINE           ; 0              ; Untyped                ;
; LPM_REMAINDERPOSITIVE  ; TRUE           ; Untyped                ;
; MAXIMIZE_SPEED         ; 5              ; Untyped                ;
; CBXI_PARAMETER         ; lpm_divide_7sl ; Untyped                ;
; CARRY_CHAIN            ; MANUAL         ; Untyped                ;
; OPTIMIZE_FOR_SPEED     ; 5              ; Untyped                ;
; AUTO_CARRY_CHAINS      ; ON             ; AUTO_CARRY             ;
; IGNORE_CARRY_BUFFERS   ; OFF            ; IGNORE_CARRY           ;
; AUTO_CASCADE_CHAINS    ; ON             ; AUTO_CASCADE           ;
; IGNORE_CASCADE_BUFFERS ; OFF            ; IGNORE_CASCADE         ;
+------------------------+----------------+------------------------+
Note: In order to hide this table in the UI and the text report file, please set the "Show Parameter Settings in Synthesis Report" option in "Analysis and Synthesis Settings -> More Settings" to "Off".


+--------------------------------------------------------------------------------------------------------------------------------------------------------------------------------------------------------------+
; Port Connectivity Checks: "bcd:bcd_hundredth_low"                                                                                                                                                            ;
+------+-------+----------+------------------------------------------------------------------------------------------------------------------------------------------------------------------------------------+
; Port ; Type  ; Severity ; Details                                                                                                                                                                            ;
+------+-------+----------+------------------------------------------------------------------------------------------------------------------------------------------------------------------------------------+
; in   ; Input ; Warning  ; Input port expression (32 bits) is wider than the input port (4 bits) it drives.  The 28 most-significant bit(s) in the expression will be dangling if they have no other fanouts. ;
+------+-------+----------+------------------------------------------------------------------------------------------------------------------------------------------------------------------------------------+


+--------------------------------------------------------------------------------------------------------------------------------------------------------------------------------------------------------------+
; Port Connectivity Checks: "bcd:bcd_hundredth_high"                                                                                                                                                           ;
+------+-------+----------+------------------------------------------------------------------------------------------------------------------------------------------------------------------------------------+
; Port ; Type  ; Severity ; Details                                                                                                                                                                            ;
+------+-------+----------+------------------------------------------------------------------------------------------------------------------------------------------------------------------------------------+
; in   ; Input ; Warning  ; Input port expression (32 bits) is wider than the input port (4 bits) it drives.  The 28 most-significant bit(s) in the expression will be dangling if they have no other fanouts. ;
+------+-------+----------+------------------------------------------------------------------------------------------------------------------------------------------------------------------------------------+


+--------------------------------------------------------------------------------------------------------------------------------------------------------------------------------------------------------------+
; Port Connectivity Checks: "bcd:bcd_second_low"                                                                                                                                                               ;
+------+-------+----------+------------------------------------------------------------------------------------------------------------------------------------------------------------------------------------+
; Port ; Type  ; Severity ; Details                                                                                                                                                                            ;
+------+-------+----------+------------------------------------------------------------------------------------------------------------------------------------------------------------------------------------+
; in   ; Input ; Warning  ; Input port expression (32 bits) is wider than the input port (4 bits) it drives.  The 28 most-significant bit(s) in the expression will be dangling if they have no other fanouts. ;
+------+-------+----------+------------------------------------------------------------------------------------------------------------------------------------------------------------------------------------+


+--------------------------------------------------------------------------------------------------------------------------------------------------------------------------------------------------------------+
; Port Connectivity Checks: "bcd:bcd_second_high"                                                                                                                                                              ;
+------+-------+----------+------------------------------------------------------------------------------------------------------------------------------------------------------------------------------------+
; Port ; Type  ; Severity ; Details                                                                                                                                                                            ;
+------+-------+----------+------------------------------------------------------------------------------------------------------------------------------------------------------------------------------------+
; in   ; Input ; Warning  ; Input port expression (32 bits) is wider than the input port (4 bits) it drives.  The 28 most-significant bit(s) in the expression will be dangling if they have no other fanouts. ;
+------+-------+----------+------------------------------------------------------------------------------------------------------------------------------------------------------------------------------------+


+--------------------------------------------------------------------------------------------------------------------------------------------------------------------------------------------------------------+
; Port Connectivity Checks: "bcd:bcd_minute_low"                                                                                                                                                               ;
+------+-------+----------+------------------------------------------------------------------------------------------------------------------------------------------------------------------------------------+
; Port ; Type  ; Severity ; Details                                                                                                                                                                            ;
+------+-------+----------+------------------------------------------------------------------------------------------------------------------------------------------------------------------------------------+
; in   ; Input ; Warning  ; Input port expression (32 bits) is wider than the input port (4 bits) it drives.  The 28 most-significant bit(s) in the expression will be dangling if they have no other fanouts. ;
+------+-------+----------+------------------------------------------------------------------------------------------------------------------------------------------------------------------------------------+


+--------------------------------------------------------------------------------------------------------------------------------------------------------------------------------------------------------------+
; Port Connectivity Checks: "bcd:bcd_minute_high"                                                                                                                                                              ;
+------+-------+----------+------------------------------------------------------------------------------------------------------------------------------------------------------------------------------------+
; Port ; Type  ; Severity ; Details                                                                                                                                                                            ;
+------+-------+----------+------------------------------------------------------------------------------------------------------------------------------------------------------------------------------------+
; in   ; Input ; Warning  ; Input port expression (32 bits) is wider than the input port (4 bits) it drives.  The 28 most-significant bit(s) in the expression will be dangling if they have no other fanouts. ;
+------+-------+----------+------------------------------------------------------------------------------------------------------------------------------------------------------------------------------------+


+-----------------------------------------------------------------------------------------------------------------------------------------------------+
; Port Connectivity Checks: "clock_100:clk_gen"                                                                                                       ;
+------+--------+----------+--------------------------------------------------------------------------------------------------------------------------+
; Port ; Type   ; Severity ; Details                                                                                                                  ;
+------+--------+----------+--------------------------------------------------------------------------------------------------------------------------+
; LEDR ; Output ; Warning  ; Output or bidir port (10 bits) is wider than the port expression (1 bits) it drives; bit(s) "LEDR[9..1]" have no fanouts ;
; LEDR ; Output ; Info     ; Connected to dangling logic. Logic that only feeds a dangling port will be removed.                                      ;
+------+--------+----------+--------------------------------------------------------------------------------------------------------------------------+


+-----------------------------------------------------+
; Post-Synthesis Netlist Statistics for Top Partition ;
+-----------------------+-----------------------------+
; Type                  ; Count                       ;
+-----------------------+-----------------------------+
; boundary_port         ; 46                          ;
; cycloneiii_ff         ; 40                          ;
;     ENA CLR           ; 20                          ;
;     plain             ; 20                          ;
; cycloneiii_lcell_comb ; 403                         ;
;     arith             ; 117                         ;
;         2 data inputs ; 53                          ;
;         3 data inputs ; 64                          ;
;     normal            ; 286                         ;
;         0 data inputs ; 22                          ;
;         1 data inputs ; 30                          ;
;         2 data inputs ; 109                         ;
;         3 data inputs ; 58                          ;
;         4 data inputs ; 67                          ;
;                       ;                             ;
; Max LUT depth         ; 13.90                       ;
; Average LUT depth     ; 8.48                        ;
+-----------------------+-----------------------------+


+-------------------------------+
; Elapsed Time Per Partition    ;
+----------------+--------------+
; Partition Name ; Elapsed Time ;
+----------------+--------------+
; Top            ; 00:00:02     ;
+----------------+--------------+


+-------------------------------+
; Analysis & Synthesis Messages ;
+-------------------------------+
Info: *******************************************************************
Info: Running Quartus Prime Analysis & Synthesis
    Info: Version 18.1.0 Build 625 09/12/2018 SJ Lite Edition
    Info: Processing started: Wed Sep 04 15:06:42 2024
Info: Command: quartus_map --read_settings_files=on --write_settings_files=off Lab3 -c Lab3
Warning (18236): Number of processors has not been specified which may cause overloading on shared machines.  Set the global assignment NUM_PARALLEL_PROCESSORS in your QSF to an appropriate value for best performance.
Info (20030): Parallel compilation is enabled and will use 12 of the 12 processors detected
Info (12021): Found 1 design units, including 1 entities, in source file output_files/clock_10_tb.v
    Info (12023): Found entity 1: clock_10_tb File: C:/Users/cgreg/Documents/Uni/ECE2072/Lab 3/output_files/clock_10_tb.v Line: 2
Info (12021): Found 1 design units, including 1 entities, in source file bcd.v
    Info (12023): Found entity 1: bcd File: C:/Users/cgreg/Documents/Uni/ECE2072/Lab 3/bcd.v Line: 1
Info (12021): Found 1 design units, including 1 entities, in source file switch_bounced.v
    Info (12023): Found entity 1: switch_bounced File: C:/Users/cgreg/Documents/Uni/ECE2072/Lab 3/switch_bounced.v Line: 1
Info (12021): Found 1 design units, including 1 entities, in source file output_files/clock_10.v
    Info (12023): Found entity 1: clock_10 File: C:/Users/cgreg/Documents/Uni/ECE2072/Lab 3/output_files/clock_10.v Line: 1
Info (12021): Found 1 design units, including 1 entities, in source file output_files/clock_100.v
    Info (12023): Found entity 1: clock_100 File: C:/Users/cgreg/Documents/Uni/ECE2072/Lab 3/output_files/clock_100.v Line: 1
Info (12021): Found 1 design units, including 1 entities, in source file output_files/stopwatch.v
    Info (12023): Found entity 1: stopwatch File: C:/Users/cgreg/Documents/Uni/ECE2072/Lab 3/output_files/stopwatch.v Line: 1
Info (12021): Found 1 design units, including 1 entities, in source file output_files/shift_reg.v
    Info (12023): Found entity 1: shift_reg File: C:/Users/cgreg/Documents/Uni/ECE2072/Lab 3/output_files/shift_reg.v Line: 1
Info (12021): Found 1 design units, including 1 entities, in source file output_files/shift_reg_top.v
    Info (12023): Found entity 1: shift_reg_top File: C:/Users/cgreg/Documents/Uni/ECE2072/Lab 3/output_files/shift_reg_top.v Line: 1
Info (12021): Found 1 design units, including 1 entities, in source file output_files/lfsr.v
    Info (12023): Found entity 1: lfsr File: C:/Users/cgreg/Documents/Uni/ECE2072/Lab 3/output_files/lfsr.v Line: 1
Info (12021): Found 1 design units, including 1 entities, in source file output_files/lfsr_tb.v
    Info (12023): Found entity 1: lfsr_tb File: C:/Users/cgreg/Documents/Uni/ECE2072/Lab 3/output_files/lfsr_tb.v Line: 2
Info (12127): Elaborating entity "stopwatch" for the top level hierarchy
Warning (10230): Verilog HDL assignment warning at stopwatch.v(39): truncated value with size 32 to match size of target (6) File: C:/Users/cgreg/Documents/Uni/ECE2072/Lab 3/output_files/stopwatch.v Line: 39
Warning (10230): Verilog HDL assignment warning at stopwatch.v(43): truncated value with size 32 to match size of target (6) File: C:/Users/cgreg/Documents/Uni/ECE2072/Lab 3/output_files/stopwatch.v Line: 43
Warning (10230): Verilog HDL assignment warning at stopwatch.v(47): truncated value with size 32 to match size of target (8) File: C:/Users/cgreg/Documents/Uni/ECE2072/Lab 3/output_files/stopwatch.v Line: 47
Info (12128): Elaborating entity "clock_100" for hierarchy "clock_100:clk_gen" File: C:/Users/cgreg/Documents/Uni/ECE2072/Lab 3/output_files/stopwatch.v Line: 8
Warning (10230): Verilog HDL assignment warning at clock_100.v(20): truncated value with size 32 to match size of target (19) File: C:/Users/cgreg/Documents/Uni/ECE2072/Lab 3/output_files/clock_100.v Line: 20
Warning (10230): Verilog HDL assignment warning at clock_100.v(27): truncated value with size 32 to match size of target (10) File: C:/Users/cgreg/Documents/Uni/ECE2072/Lab 3/output_files/clock_100.v Line: 27
Info (12128): Elaborating entity "bcd" for hierarchy "bcd:bcd_minute_high" File: C:/Users/cgreg/Documents/Uni/ECE2072/Lab 3/output_files/stopwatch.v Line: 54
Warning (10230): Verilog HDL assignment warning at bcd.v(7): truncated value with size 32 to match size of target (1) File: C:/Users/cgreg/Documents/Uni/ECE2072/Lab 3/bcd.v Line: 7
Warning (10230): Verilog HDL assignment warning at bcd.v(8): truncated value with size 32 to match size of target (1) File: C:/Users/cgreg/Documents/Uni/ECE2072/Lab 3/bcd.v Line: 8
Warning (10230): Verilog HDL assignment warning at bcd.v(9): truncated value with size 32 to match size of target (1) File: C:/Users/cgreg/Documents/Uni/ECE2072/Lab 3/bcd.v Line: 9
Warning (10230): Verilog HDL assignment warning at bcd.v(10): truncated value with size 32 to match size of target (1) File: C:/Users/cgreg/Documents/Uni/ECE2072/Lab 3/bcd.v Line: 10
Warning (10230): Verilog HDL assignment warning at bcd.v(18): truncated value with size 4 to match size of target (3) File: C:/Users/cgreg/Documents/Uni/ECE2072/Lab 3/bcd.v Line: 18
Warning (10230): Verilog HDL assignment warning at bcd.v(19): truncated value with size 4 to match size of target (3) File: C:/Users/cgreg/Documents/Uni/ECE2072/Lab 3/bcd.v Line: 19
Warning (10230): Verilog HDL assignment warning at bcd.v(22): truncated value with size 4 to match size of target (3) File: C:/Users/cgreg/Documents/Uni/ECE2072/Lab 3/bcd.v Line: 22
Warning (10230): Verilog HDL assignment warning at bcd.v(24): truncated value with size 4 to match size of target (3) File: C:/Users/cgreg/Documents/Uni/ECE2072/Lab 3/bcd.v Line: 24
Warning (10270): Verilog HDL Case Statement warning at bcd.v(15): incomplete case statement has no default case item File: C:/Users/cgreg/Documents/Uni/ECE2072/Lab 3/bcd.v Line: 15
Warning (10240): Verilog HDL Always Construct warning at bcd.v(14): inferring latch(es) for variable "hmmm", which holds its previous value in one or more paths through the always construct File: C:/Users/cgreg/Documents/Uni/ECE2072/Lab 3/bcd.v Line: 14
Info (10041): Inferred latch for "hmmm[0]" at bcd.v(14) File: C:/Users/cgreg/Documents/Uni/ECE2072/Lab 3/bcd.v Line: 14
Info (10041): Inferred latch for "hmmm[1]" at bcd.v(14) File: C:/Users/cgreg/Documents/Uni/ECE2072/Lab 3/bcd.v Line: 14
Info (10041): Inferred latch for "hmmm[2]" at bcd.v(14) File: C:/Users/cgreg/Documents/Uni/ECE2072/Lab 3/bcd.v Line: 14
Info (278001): Inferred 6 megafunctions from design logic
    Info (278004): Inferred divider/modulo megafunction ("lpm_divide") from the following logic: "Mod2" File: C:/Users/cgreg/Documents/Uni/ECE2072/Lab 3/output_files/stopwatch.v Line: 63
    Info (278004): Inferred divider/modulo megafunction ("lpm_divide") from the following logic: "Div2" File: C:/Users/cgreg/Documents/Uni/ECE2072/Lab 3/output_files/stopwatch.v Line: 62
    Info (278004): Inferred divider/modulo megafunction ("lpm_divide") from the following logic: "Mod1" File: C:/Users/cgreg/Documents/Uni/ECE2072/Lab 3/output_files/stopwatch.v Line: 59
    Info (278004): Inferred divider/modulo megafunction ("lpm_divide") from the following logic: "Div1" File: C:/Users/cgreg/Documents/Uni/ECE2072/Lab 3/output_files/stopwatch.v Line: 58
    Info (278004): Inferred divider/modulo megafunction ("lpm_divide") from the following logic: "Mod0" File: C:/Users/cgreg/Documents/Uni/ECE2072/Lab 3/output_files/stopwatch.v Line: 55
    Info (278004): Inferred divider/modulo megafunction ("lpm_divide") from the following logic: "Div0" File: C:/Users/cgreg/Documents/Uni/ECE2072/Lab 3/output_files/stopwatch.v Line: 54
Info (12130): Elaborated megafunction instantiation "lpm_divide:Mod2" File: C:/Users/cgreg/Documents/Uni/ECE2072/Lab 3/output_files/stopwatch.v Line: 63
Info (12133): Instantiated megafunction "lpm_divide:Mod2" with the following parameter: File: C:/Users/cgreg/Documents/Uni/ECE2072/Lab 3/output_files/stopwatch.v Line: 63
    Info (12134): Parameter "LPM_WIDTHN" = "8"
    Info (12134): Parameter "LPM_WIDTHD" = "4"
    Info (12134): Parameter "LPM_NREPRESENTATION" = "UNSIGNED"
    Info (12134): Parameter "LPM_DREPRESENTATION" = "UNSIGNED"
Info (12021): Found 1 design units, including 1 entities, in source file db/lpm_divide_ckl.tdf
    Info (12023): Found entity 1: lpm_divide_ckl File: C:/Users/cgreg/Documents/Uni/ECE2072/Lab 3/db/lpm_divide_ckl.tdf Line: 24
Info (12021): Found 1 design units, including 1 entities, in source file db/sign_div_unsign_bkh.tdf
    Info (12023): Found entity 1: sign_div_unsign_bkh File: C:/Users/cgreg/Documents/Uni/ECE2072/Lab 3/db/sign_div_unsign_bkh.tdf Line: 24
Info (12021): Found 1 design units, including 1 entities, in source file db/alt_u_div_0fe.tdf
    Info (12023): Found entity 1: alt_u_div_0fe File: C:/Users/cgreg/Documents/Uni/ECE2072/Lab 3/db/alt_u_div_0fe.tdf Line: 26
Info (12021): Found 1 design units, including 1 entities, in source file db/add_sub_t3c.tdf
    Info (12023): Found entity 1: add_sub_t3c File: C:/Users/cgreg/Documents/Uni/ECE2072/Lab 3/db/add_sub_t3c.tdf Line: 22
Info (12021): Found 1 design units, including 1 entities, in source file db/add_sub_u3c.tdf
    Info (12023): Found entity 1: add_sub_u3c File: C:/Users/cgreg/Documents/Uni/ECE2072/Lab 3/db/add_sub_u3c.tdf Line: 22
Info (12130): Elaborated megafunction instantiation "lpm_divide:Div2" File: C:/Users/cgreg/Documents/Uni/ECE2072/Lab 3/output_files/stopwatch.v Line: 62
Info (12133): Instantiated megafunction "lpm_divide:Div2" with the following parameter: File: C:/Users/cgreg/Documents/Uni/ECE2072/Lab 3/output_files/stopwatch.v Line: 62
    Info (12134): Parameter "LPM_WIDTHN" = "8"
    Info (12134): Parameter "LPM_WIDTHD" = "4"
    Info (12134): Parameter "LPM_NREPRESENTATION" = "UNSIGNED"
    Info (12134): Parameter "LPM_DREPRESENTATION" = "UNSIGNED"
Info (12021): Found 1 design units, including 1 entities, in source file db/lpm_divide_9sl.tdf
    Info (12023): Found entity 1: lpm_divide_9sl File: C:/Users/cgreg/Documents/Uni/ECE2072/Lab 3/db/lpm_divide_9sl.tdf Line: 24
Info (12130): Elaborated megafunction instantiation "lpm_divide:Mod1" File: C:/Users/cgreg/Documents/Uni/ECE2072/Lab 3/output_files/stopwatch.v Line: 59
Info (12133): Instantiated megafunction "lpm_divide:Mod1" with the following parameter: File: C:/Users/cgreg/Documents/Uni/ECE2072/Lab 3/output_files/stopwatch.v Line: 59
    Info (12134): Parameter "LPM_WIDTHN" = "6"
    Info (12134): Parameter "LPM_WIDTHD" = "4"
    Info (12134): Parameter "LPM_NREPRESENTATION" = "UNSIGNED"
    Info (12134): Parameter "LPM_DREPRESENTATION" = "UNSIGNED"
Info (12021): Found 1 design units, including 1 entities, in source file db/lpm_divide_akl.tdf
    Info (12023): Found entity 1: lpm_divide_akl File: C:/Users/cgreg/Documents/Uni/ECE2072/Lab 3/db/lpm_divide_akl.tdf Line: 24
Info (12021): Found 1 design units, including 1 entities, in source file db/sign_div_unsign_9kh.tdf
    Info (12023): Found entity 1: sign_div_unsign_9kh File: C:/Users/cgreg/Documents/Uni/ECE2072/Lab 3/db/sign_div_unsign_9kh.tdf Line: 24
Info (12021): Found 1 design units, including 1 entities, in source file db/alt_u_div_see.tdf
    Info (12023): Found entity 1: alt_u_div_see File: C:/Users/cgreg/Documents/Uni/ECE2072/Lab 3/db/alt_u_div_see.tdf Line: 26
Info (12130): Elaborated megafunction instantiation "lpm_divide:Div1" File: C:/Users/cgreg/Documents/Uni/ECE2072/Lab 3/output_files/stopwatch.v Line: 58
Info (12133): Instantiated megafunction "lpm_divide:Div1" with the following parameter: File: C:/Users/cgreg/Documents/Uni/ECE2072/Lab 3/output_files/stopwatch.v Line: 58
    Info (12134): Parameter "LPM_WIDTHN" = "6"
    Info (12134): Parameter "LPM_WIDTHD" = "4"
    Info (12134): Parameter "LPM_NREPRESENTATION" = "UNSIGNED"
    Info (12134): Parameter "LPM_DREPRESENTATION" = "UNSIGNED"
Info (12021): Found 1 design units, including 1 entities, in source file db/lpm_divide_7sl.tdf
    Info (12023): Found entity 1: lpm_divide_7sl File: C:/Users/cgreg/Documents/Uni/ECE2072/Lab 3/db/lpm_divide_7sl.tdf Line: 24
Warning (14026): LATCH primitive "bcd:bcd_second_high|hmmm[0]" is permanently enabled File: C:/Users/cgreg/Documents/Uni/ECE2072/Lab 3/bcd.v Line: 14
Warning (14026): LATCH primitive "bcd:bcd_second_high|hmmm[1]" is permanently enabled File: C:/Users/cgreg/Documents/Uni/ECE2072/Lab 3/bcd.v Line: 14
Warning (14026): LATCH primitive "bcd:bcd_second_high|hmmm[2]" is permanently enabled File: C:/Users/cgreg/Documents/Uni/ECE2072/Lab 3/bcd.v Line: 14
Warning (14026): LATCH primitive "bcd:bcd_minute_high|hmmm[0]" is permanently enabled File: C:/Users/cgreg/Documents/Uni/ECE2072/Lab 3/bcd.v Line: 14
Warning (14026): LATCH primitive "bcd:bcd_minute_high|hmmm[1]" is permanently enabled File: C:/Users/cgreg/Documents/Uni/ECE2072/Lab 3/bcd.v Line: 14
Warning (14026): LATCH primitive "bcd:bcd_minute_high|hmmm[2]" is permanently enabled File: C:/Users/cgreg/Documents/Uni/ECE2072/Lab 3/bcd.v Line: 14
Warning (12241): 7 hierarchies have connectivity warnings - see the Connectivity Checks report folder
Warning (13012): Latch bcd:bcd_hundredth_low|hmmm[0] has unsafe behavior File: C:/Users/cgreg/Documents/Uni/ECE2072/Lab 3/bcd.v Line: 14
    Warning (13013): Ports D and ENA on the latch are fed by the same signal hundredths[1] File: C:/Users/cgreg/Documents/Uni/ECE2072/Lab 3/output_files/stopwatch.v Line: 25
Warning (13012): Latch bcd:bcd_hundredth_low|hmmm[1] has unsafe behavior File: C:/Users/cgreg/Documents/Uni/ECE2072/Lab 3/bcd.v Line: 14
    Warning (13013): Ports D and ENA on the latch are fed by the same signal hundredths[1] File: C:/Users/cgreg/Documents/Uni/ECE2072/Lab 3/output_files/stopwatch.v Line: 25
Warning (13012): Latch bcd:bcd_hundredth_low|hmmm[2] has unsafe behavior File: C:/Users/cgreg/Documents/Uni/ECE2072/Lab 3/bcd.v Line: 14
    Warning (13013): Ports D and ENA on the latch are fed by the same signal hundredths[1] File: C:/Users/cgreg/Documents/Uni/ECE2072/Lab 3/output_files/stopwatch.v Line: 25
Warning (13012): Latch bcd:bcd_hundredth_high|hmmm[0] has unsafe behavior File: C:/Users/cgreg/Documents/Uni/ECE2072/Lab 3/bcd.v Line: 14
    Warning (13013): Ports D and ENA on the latch are fed by the same signal lpm_divide:Div2|lpm_divide_9sl:auto_generated|sign_div_unsign_bkh:divider|alt_u_div_0fe:divider|add_sub_5_result_int[5]~synth File: C:/Users/cgreg/Documents/Uni/ECE2072/Lab 3/db/alt_u_div_0fe.tdf Line: 51
Warning (13012): Latch bcd:bcd_hundredth_high|hmmm[1] has unsafe behavior File: C:/Users/cgreg/Documents/Uni/ECE2072/Lab 3/bcd.v Line: 14
    Warning (13013): Ports D and ENA on the latch are fed by the same signal lpm_divide:Div2|lpm_divide_9sl:auto_generated|sign_div_unsign_bkh:divider|alt_u_div_0fe:divider|add_sub_6_result_int[5]~synth File: C:/Users/cgreg/Documents/Uni/ECE2072/Lab 3/db/alt_u_div_0fe.tdf Line: 56
Warning (13012): Latch bcd:bcd_hundredth_high|hmmm[2] has unsafe behavior File: C:/Users/cgreg/Documents/Uni/ECE2072/Lab 3/bcd.v Line: 14
    Warning (13013): Ports D and ENA on the latch are fed by the same signal lpm_divide:Div2|lpm_divide_9sl:auto_generated|sign_div_unsign_bkh:divider|alt_u_div_0fe:divider|add_sub_6_result_int[5]~synth File: C:/Users/cgreg/Documents/Uni/ECE2072/Lab 3/db/alt_u_div_0fe.tdf Line: 56
Warning (13012): Latch bcd:bcd_second_low|hmmm[0] has unsafe behavior File: C:/Users/cgreg/Documents/Uni/ECE2072/Lab 3/bcd.v Line: 14
    Warning (13013): Ports D and ENA on the latch are fed by the same signal seconds[1] File: C:/Users/cgreg/Documents/Uni/ECE2072/Lab 3/output_files/stopwatch.v Line: 25
Warning (13012): Latch bcd:bcd_second_low|hmmm[1] has unsafe behavior File: C:/Users/cgreg/Documents/Uni/ECE2072/Lab 3/bcd.v Line: 14
    Warning (13013): Ports D and ENA on the latch are fed by the same signal seconds[1] File: C:/Users/cgreg/Documents/Uni/ECE2072/Lab 3/output_files/stopwatch.v Line: 25
Warning (13012): Latch bcd:bcd_second_low|hmmm[2] has unsafe behavior File: C:/Users/cgreg/Documents/Uni/ECE2072/Lab 3/bcd.v Line: 14
    Warning (13013): Ports D and ENA on the latch are fed by the same signal seconds[1] File: C:/Users/cgreg/Documents/Uni/ECE2072/Lab 3/output_files/stopwatch.v Line: 25
Warning (13012): Latch bcd:bcd_minute_low|hmmm[0] has unsafe behavior File: C:/Users/cgreg/Documents/Uni/ECE2072/Lab 3/bcd.v Line: 14
    Warning (13013): Ports D and ENA on the latch are fed by the same signal minutes[1] File: C:/Users/cgreg/Documents/Uni/ECE2072/Lab 3/output_files/stopwatch.v Line: 25
Warning (13012): Latch bcd:bcd_minute_low|hmmm[1] has unsafe behavior File: C:/Users/cgreg/Documents/Uni/ECE2072/Lab 3/bcd.v Line: 14
    Warning (13013): Ports D and ENA on the latch are fed by the same signal minutes[1] File: C:/Users/cgreg/Documents/Uni/ECE2072/Lab 3/output_files/stopwatch.v Line: 25
Warning (13012): Latch bcd:bcd_minute_low|hmmm[2] has unsafe behavior File: C:/Users/cgreg/Documents/Uni/ECE2072/Lab 3/bcd.v Line: 14
    Warning (13013): Ports D and ENA on the latch are fed by the same signal minutes[1] File: C:/Users/cgreg/Documents/Uni/ECE2072/Lab 3/output_files/stopwatch.v Line: 25
Info (286030): Timing-Driven Synthesis is running
Info (16010): Generating hard_block partition "hard_block:auto_generated_inst"
    Info (16011): Adding 0 node(s), including 0 DDIO, 0 PLL, 0 transceiver and 0 LCELL
Info (21057): Implemented 423 device resources after synthesis - the final resource count might be different
    Info (21058): Implemented 3 input pins
    Info (21059): Implemented 43 output pins
    Info (21061): Implemented 377 logic cells
Info: Quartus Prime Analysis & Synthesis was successful. 0 errors, 47 warnings
    Info: Peak virtual memory: 4857 megabytes
    Info: Processing ended: Wed Sep 04 15:06:55 2024
    Info: Elapsed time: 00:00:13
    Info: Total CPU time (on all processors): 00:00:07


