----------
cgre0029 feedback - 2023-05-02 09-55-47
----- Rec Square Tests -----
	Tests:
		Test 1 (assembles) passed!
		Test 2 ($a0 = 2) failed!
			Incorrect value in $v0!	Expected: 0x00000004	Actual: 0x00000002
		Test 3 ($a0 = 10) failed!
			Incorrect value in $v0!	Expected: 0x00000064	Actual: 0x0000006a
		Test 4 ($a0 = 37) failed!
			Incorrect value in $v0!	Expected: 0x00000559	Actual: 0x0000057a
		Test 5 ($a0 = 144) failed!
			Incorrect value in $v0!	Expected: 0x00005100	Actual: 0x00002221
----- Prime Detector Tests -----
	Tests:
		Test 1 (assembles) passed!
		Test 2 ($a0 = 3) failed!
			Incorrect value in $v0!	Expected: 0x00000001	Actual: 0x00000000
		Test 3 ($a0 = 2071) passed!
		Test 4 ($a0 = 1213) failed!
			Incorrect value in $v0!	Expected: 0x00000001	Actual: 0x00000000
		Test 5 ($a0 = 971) failed!
			Incorrect value in $v0!	Expected: 0x00000001	Actual: 0x00000000
----------
cgre0029 feedback - 2023-05-02 09-46-31
----- Rec Square Tests -----
	Tests:
		Test 1 (assembles) passed!
		Test 2 ($a0 = 2) failed!
			Incorrect value in $v0!	Expected: 0x00000004	Actual: 0x00000002
		Test 3 ($a0 = 10) failed!
			Incorrect value in $v0!	Expected: 0x00000064	Actual: 0x0000006a
		Test 4 ($a0 = 37) failed!
			Incorrect value in $v0!	Expected: 0x00000559	Actual: 0x0000057a
		Test 5 ($a0 = 144) failed!
			Incorrect value in $v0!	Expected: 0x00005100	Actual: 0x00002221
----- Prime Detector Tests -----
	Tests:
		Test 1 (assembles) passed!
		Test 2 ($a0 = 3) failed!
			Incorrect value in $v0!	Expected: 0x00000001	Actual: 0x00000000
		Test 3 ($a0 = 2071) passed!
		Test 4 ($a0 = 1213) failed!
			Incorrect value in $v0!	Expected: 0x00000001	Actual: 0x00000000
		Test 5 ($a0 = 971) failed!
			Incorrect value in $v0!	Expected: 0x00000001	Actual: 0x00000000
----------
cgre0029 feedback - 2023-05-02 09-36-08
----- Rec Square Tests -----
	Tests:
		Test 1 (assembles) passed!
		Test 2 ($a0 = 2) failed!
			Incorrect value in $v0!	Expected: 0x00000004	Actual: 0x00000002
		Test 3 ($a0 = 10) failed!
			Incorrect value in $v0!	Expected: 0x00000064	Actual: 0x0000006a
		Test 4 ($a0 = 37) failed!
			Incorrect value in $v0!	Expected: 0x00000559	Actual: 0x0000057a
		Test 5 ($a0 = 144) failed!
			Incorrect value in $v0!	Expected: 0x00005100	Actual: 0x00002221
----- Prime Detector Tests -----
	Tests:
		Test 1 (assembles) passed!
		Test 2 ($a0 = 3) failed!
			Incorrect value in $v0!	Expected: 0x00000001	Actual: 0x00000000
		Test 3 ($a0 = 2071) passed!
		Test 4 ($a0 = 1213) failed!
			Incorrect value in $v0!	Expected: 0x00000001	Actual: 0x00000000
		Test 5 ($a0 = 971) failed!
			Incorrect value in $v0!	Expected: 0x00000001	Actual: 0x00000000
----------
cgre0029 feedback - 2023-05-02 09-27-03
----- Rec Square Tests -----
	Tests:
		Test 1 (assembles) passed!
		Test 2 ($a0 = 2) failed!
			Incorrect value in $v0!	Expected: 0x00000004	Actual: 0x00000002
		Test 3 ($a0 = 10) failed!
			Incorrect value in $v0!	Expected: 0x00000064	Actual: 0x0000006a
		Test 4 ($a0 = 37) failed!
			Incorrect value in $v0!	Expected: 0x00000559	Actual: 0x0000057a
		Test 5 ($a0 = 144) failed!
			Incorrect value in $v0!	Expected: 0x00005100	Actual: 0x00002221
----- Prime Detector Tests -----
	Tests:
		Test 1 (assembles) passed!
		Test 2 ($a0 = 3) failed!
			Incorrect value in $v0!	Expected: 0x00000001	Actual: 0x00000000
		Test 3 ($a0 = 2071) passed!
		Test 4 ($a0 = 1213) failed!
			Incorrect value in $v0!	Expected: 0x00000001	Actual: 0x00000000
		Test 5 ($a0 = 971) failed!
			Incorrect value in $v0!	Expected: 0x00000001	Actual: 0x00000000
----------
cgre0029 feedback - 2023-05-02 09-18-00
----- Rec Square Tests -----
	Tests:
		Test 1 (assembles) passed!
		Test 2 ($a0 = 2) failed!
			Incorrect value in $v0!	Expected: 0x00000004	Actual: 0x00000002
		Test 3 ($a0 = 10) failed!
			Incorrect value in $v0!	Expected: 0x00000064	Actual: 0x0000006a
		Test 4 ($a0 = 37) failed!
			Incorrect value in $v0!	Expected: 0x00000559	Actual: 0x0000057a
		Test 5 ($a0 = 144) failed!
			Incorrect value in $v0!	Expected: 0x00005100	Actual: 0x00002221
----- Prime Detector Tests -----
	Tests:
		Test 1 (assembles) passed!
		Test 2 ($a0 = 3) failed!
			Incorrect value in $v0!	Expected: 0x00000001	Actual: 0x00000000
		Test 3 ($a0 = 2071) passed!
		Test 4 ($a0 = 1213) failed!
			Incorrect value in $v0!	Expected: 0x00000001	Actual: 0x00000000
		Test 5 ($a0 = 971) failed!
			Incorrect value in $v0!	Expected: 0x00000001	Actual: 0x00000000
----------
cgre0029 feedback - 2023-05-02 09-08-34
----- Rec Square Tests -----
	Tests:
		Test 1 (assembles) passed!
		Test 2 ($a0 = 2) failed!
			Incorrect value in $v0!	Expected: 0x00000004	Actual: 0x00000002
		Test 3 ($a0 = 10) failed!
			Incorrect value in $v0!	Expected: 0x00000064	Actual: 0x0000006a
		Test 4 ($a0 = 37) failed!
			Incorrect value in $v0!	Expected: 0x00000559	Actual: 0x00000578
		Test 5 ($a0 = 144) failed!
			Incorrect value in $v0!	Expected: 0x00005100	Actual: 0x000019ee
----- Prime Detector Tests -----
	Tests:
		Test 1 (assembles) passed!
		Test 2 ($a0 = 3) failed!
			Incorrect value in $v0!	Expected: 0x00000001	Actual: 0x00000000
		Test 3 ($a0 = 2071) passed!
		Test 4 ($a0 = 1213) failed!
			Incorrect value in $v0!	Expected: 0x00000001	Actual: 0x00000000
		Test 5 ($a0 = 971) failed!
			Incorrect value in $v0!	Expected: 0x00000001	Actual: 0x00000000
----------
cgre0029 feedback - 2023-05-02 08-58-37
----- Rec Square Tests -----
	Tests:
		Test 1 (assembles) passed!
		Test 2 ($a0 = 2) passed!
		Test 3 ($a0 = 10) failed!
			Incorrect value in $v0!	Expected: 0x00000064	Actual: 0x00000034
		Test 4 ($a0 = 37) failed!
			Incorrect value in $v0!	Expected: 0x00000559	Actual: 0x000000d6
		Test 5 ($a0 = 144) failed!
			Incorrect value in $v0!	Expected: 0x00005100	Actual: 0x00000223
----- Prime Detector Tests -----
	Tests:
		Test 1 (assembles) passed!
		Test 2 ($a0 = 3) failed!
			Incorrect value in $v0!	Expected: 0x00000001	Actual: 0x00000000
		Test 3 ($a0 = 2071) passed!
		Test 4 ($a0 = 1213) failed!
			Incorrect value in $v0!	Expected: 0x00000001	Actual: 0x00000000
		Test 5 ($a0 = 971) failed!
			Incorrect value in $v0!	Expected: 0x00000001	Actual: 0x00000000
----------
cgre0029 feedback - 2023-05-02 08-48-27
----- Rec Square Tests -----
	Tests:
		Test 1 (assembles) passed!
		Test 2 ($a0 = 2) failed!
			Incorrect value in $v0!	Expected: 0x00000004	Actual: 0x00000005
		Test 3 ($a0 = 10) failed!
			Incorrect value in $v0!	Expected: 0x00000064	Actual: 0x00000015
		Test 4 ($a0 = 37) failed!
			Incorrect value in $v0!	Expected: 0x00000559	Actual: 0x00000041
		Test 5 ($a0 = 144) failed!
			Incorrect value in $v0!	Expected: 0x00005100	Actual: 0x00000000
----- Prime Detector Tests -----
	Tests:
		Test 1 (assembles) passed!
		Test 2 ($a0 = 3) failed!
			Incorrect value in $v0!	Expected: 0x00000001	Actual: 0x00000000
		Test 3 ($a0 = 2071) passed!
		Test 4 ($a0 = 1213) failed!
			Incorrect value in $v0!	Expected: 0x00000001	Actual: 0x00000000
		Test 5 ($a0 = 971) failed!
			Incorrect value in $v0!	Expected: 0x00000001	Actual: 0x00000000
----------
cgre0029 feedback - 2023-05-02 08-39-02
----- Rec Square Tests -----
	Tests:
		Test 1 (assembles) passed!
		Test 2 ($a0 = 2) failed!
			Incorrect value in $v0!	Expected: 0x00000004	Actual: 0x00000005
		Test 3 ($a0 = 10) failed!
			Incorrect value in $v0!	Expected: 0x00000064	Actual: 0x0007fffd
		Test 4 ($a0 = 37) failed!
			Incorrect value in $v0!	Expected: 0x00000559	Actual: 0x7ffffffe
		Test 5 ($a0 = 144) failed!
			Incorrect value in $v0!	Expected: 0x00005100	Actual: 0x7ffffffe
----- Prime Detector Tests -----
	Tests:
		Test 1 (assembles) passed!
		Test 2 ($a0 = 3) failed!
			Incorrect value in $v0!	Expected: 0x00000001	Actual: 0x00000000
		Test 3 ($a0 = 2071) passed!
		Test 4 ($a0 = 1213) failed!
			Incorrect value in $v0!	Expected: 0x00000001	Actual: 0x00000000
		Test 5 ($a0 = 971) failed!
			Incorrect value in $v0!	Expected: 0x00000001	Actual: 0x00000000
----------
cgre0029 feedback - 2023-05-02 08-30-16
----- Rec Square Tests -----
	Tests:
		Test 1 (assembles) passed!
		Test 2 ($a0 = 2) failed!
			Incorrect value in $v0!	Expected: 0x00000004	Actual: 0x00000005
		Test 3 ($a0 = 10) failed!
			Incorrect value in $v0!	Expected: 0x00000064	Actual: 0x0007fffd
		Test 4 ($a0 = 37) failed!
			Incorrect value in $v0!	Expected: 0x00000559	Actual: 0x7ffffffe
		Test 5 ($a0 = 144) failed!
			Incorrect value in $v0!	Expected: 0x00005100	Actual: 0x7ffffffe
----- Prime Detector Tests -----
	Tests:
		Test 1 (assembles) passed!
		Test 2 ($a0 = 3) failed!
			Incorrect value in $v0!	Expected: 0x00000001	Actual: 0x00000000
		Test 3 ($a0 = 2071) passed!
		Test 4 ($a0 = 1213) failed!
			Incorrect value in $v0!	Expected: 0x00000001	Actual: 0x00000000
		Test 5 ($a0 = 971) failed!
			Incorrect value in $v0!	Expected: 0x00000001	Actual: 0x00000000
----------
cgre0029 feedback - 2023-05-02 08-15-09
----- Rec Square Tests -----
	Tests:
		Test 1 (assembles) passed!
		Test 2 ($a0 = 2) failed!
			Incorrect value in $v0!	Expected: 0x00000004	Actual: 0x00000000
		Test 3 ($a0 = 10) failed!
			Incorrect value in $v0!	Expected: 0x00000064	Actual: 0x00000000
		Test 4 ($a0 = 37) failed!
			Incorrect value in $v0!	Expected: 0x00000559	Actual: 0x00000000
		Test 5 ($a0 = 144) failed!
			Incorrect value in $v0!	Expected: 0x00005100	Actual: 0x00000000
----- Prime Detector Tests -----
	Tests:
		Test 1 (assembles) passed!
		Test 2 ($a0 = 3) failed!
			Incorrect value in $v0!	Expected: 0x00000001	Actual: 0x00000000
		Test 3 ($a0 = 2071) passed!
		Test 4 ($a0 = 1213) failed!
			Incorrect value in $v0!	Expected: 0x00000001	Actual: 0x00000000
		Test 5 ($a0 = 971) failed!
			Incorrect value in $v0!	Expected: 0x00000001	Actual: 0x00000000
----------
cgre0029 feedback - 2023-05-01 10-25-20
----- Rec Square Tests -----
	Tests:
		Test 1 (assembles) passed!
		Test 2 ($a0 = 2) failed!
			Incorrect value in $v0!	Expected: 0x00000004	Actual: 0x00000000
		Test 3 ($a0 = 10) failed!
			Incorrect value in $v0!	Expected: 0x00000064	Actual: 0x00000000
		Test 4 ($a0 = 37) failed!
			Incorrect value in $v0!	Expected: 0x00000559	Actual: 0x00000000
		Test 5 ($a0 = 144) failed!
			Incorrect value in $v0!	Expected: 0x00005100	Actual: 0x00000000
----- Prime Detector Tests -----
	Tests:
		Test 1 (assembles) passed!
		Test 2 ($a0 = 3) failed!
			Incorrect value in $v0!	Expected: 0x00000001	Actual: 0x00000000
		Test 3 ($a0 = 2071) passed!
		Test 4 ($a0 = 1213) failed!
			Incorrect value in $v0!	Expected: 0x00000001	Actual: 0x00000000
		Test 5 ($a0 = 971) failed!
			Incorrect value in $v0!	Expected: 0x00000001	Actual: 0x00000000
----------
cgre0029 feedback - 2023-05-01 10-10-30
----- Rec Square Tests -----
	Tests:
		Test 1 (assembles) passed!
		Test 2 ($a0 = 2) failed!
			Incorrect value in $v0!	Expected: 0x00000004	Actual: 0x00000000
		Test 3 ($a0 = 10) failed!
			Incorrect value in $v0!	Expected: 0x00000064	Actual: 0x00000000
		Test 4 ($a0 = 37) failed!
			Incorrect value in $v0!	Expected: 0x00000559	Actual: 0x00000000
		Test 5 ($a0 = 144) failed!
			Incorrect value in $v0!	Expected: 0x00005100	Actual: 0x00000000
----- Prime Detector Tests -----
	Tests:
		Test 1 (assembles) passed!
		Test 2 ($a0 = 3) failed!
			Incorrect value in $v0!	Expected: 0x00000001	Actual: 0x00000000
		Test 3 ($a0 = 2071) passed!
		Test 4 ($a0 = 1213) failed!
			Incorrect value in $v0!	Expected: 0x00000001	Actual: 0x00000000
		Test 5 ($a0 = 971) failed!
			Incorrect value in $v0!	Expected: 0x00000001	Actual: 0x00000000
----------
cgre0029 feedback - 2023-05-01 09-56-35
----- Rec Square Tests -----
	Tests:
		Test 1 (assembles) passed!
		Test 2 ($a0 = 2) failed!
			Incorrect value in $v0!	Expected: 0x00000004	Actual: 0x00000000
		Test 3 ($a0 = 10) failed!
			Incorrect value in $v0!	Expected: 0x00000064	Actual: 0x00000000
		Test 4 ($a0 = 37) failed!
			Incorrect value in $v0!	Expected: 0x00000559	Actual: 0x00000000
		Test 5 ($a0 = 144) failed!
			Incorrect value in $v0!	Expected: 0x00005100	Actual: 0x00000000
----- Prime Detector Tests -----
	Tests:
		Test 1 (assembles) passed!
		Test 2 ($a0 = 3) failed!
			Incorrect value in $v0!	Expected: 0x00000001	Actual: 0x00000000
		Test 3 ($a0 = 2071) passed!
		Test 4 ($a0 = 1213) failed!
			Incorrect value in $v0!	Expected: 0x00000001	Actual: 0x00000000
		Test 5 ($a0 = 971) failed!
			Incorrect value in $v0!	Expected: 0x00000001	Actual: 0x00000000
----------
cgre0029 feedback - 2023-04-29 17-01-28
----- Rec Square Tests -----
	Tests:
		Test 1 (assembles) passed!
		Test 2 ($a0 = 2) failed!
			Incorrect value in $v0!	Expected: 0x00000004	Actual: 0x00000000
		Test 3 ($a0 = 10) failed!
			Incorrect value in $v0!	Expected: 0x00000064	Actual: 0x00000000
		Test 4 ($a0 = 37) failed!
			Incorrect value in $v0!	Expected: 0x00000559	Actual: 0x00000000
		Test 5 ($a0 = 144) failed!
			Incorrect value in $v0!	Expected: 0x00005100	Actual: 0x00000000
----- Prime Detector Tests -----
	Tests:
		Test 1 (assembles) passed!
		Test 2 ($a0 = 3) failed!
			Incorrect value in $v0!	Expected: 0x00000001	Actual: 0x00000000
		Test 3 ($a0 = 2071) passed!
		Test 4 ($a0 = 1213) failed!
			Incorrect value in $v0!	Expected: 0x00000001	Actual: 0x00000000
		Test 5 ($a0 = 971) failed!
			Incorrect value in $v0!	Expected: 0x00000001	Actual: 0x00000000















