----------
cgre0029 feedback - 2023-03-29 21-33-27
----- Collatz Tests -----
	Tests:
		Test 1 passed
		Test 2 passed
		Test 3 passed
----- Component Database Tests -----
	Component Database program timed out
Total: 4.0/12.0
----------
cgre0029 feedback - 2023-03-29 11-32-41
----- Collatz Tests -----
	Collatz program timed out
----- Component Database Tests -----
	Component Database program timed out
Total: 0.0/12.0
----------
cgre0029 feedback - 2023-03-29 11-02-49
----- Collatz Tests -----
	Collatz program timed out
----- Component Database Tests -----
	Component Database program timed out
Total: 0.0/12.0
----------
cgre0029 feedback - 2023-03-28 10-34-57
----- Collatz Tests -----
	Tests:
		Test 1 passed
		Test 2 passed
		Test 3 passed
----- Component Database Tests -----
	Component Database program timed out
Total: 4.0/12.0
----------
cgre0029 feedback - 2023-03-28 10-11-19
----- Collatz Tests -----
	Noneslow
	Tests:
		Test 1 passed
		Test 2 passed
		Test 3 passed
----- Component Database Tests -----
	Component Database program timed out
Total: 0.0/12.0
----------
cgre0029 feedback - 2023-03-28 09-47-43
----- Collatz Tests -----
	Collatz program timed out
----- Component Database Tests -----
	Component Database program timed out
Total: 0.0/12.0
----------
cgre0029 feedback - 2023-03-28 09-21-28
----- Collatz Tests -----
	Collatz program timed out
----- Component Database Tests -----
	Component Database program timed out
Total: 0.0/12.0
----------
cgre0029 feedback - 2023-03-28 09-01-06
----- Collatz Tests -----
	Tests:
		Test 1 passed
		Test 2 passed
		Test 3 passed
----- Component Database Tests -----
	Component Database program timed out
Total: 0.0/12.0
----------
cgre0029 feedback - 2023-03-28 08-20-43
----- Collatz Tests -----
	Tests:
		Test 1 passed
		Test 2 passed
		Test 3 passed
----- Component Database Tests -----
	Component Database program timed out
Total: 0.0/12.0
----------
cgre0029 feedback - 2023-03-28 07-42-26
----- Collatz Tests -----
	Tests:
		Test 1 passed
		Test 2 passed
		Test 3 passed
----- Component Database Tests -----
	Component Database program timed out
Total: 0.0/12.0
----------
cgre0029 feedback - 2023-03-28 07-28-33
----- Collatz Tests -----
	Tests:
		Test 1 passed
		Test 2 passed
		Test 3 passed
----- Component Database Tests -----
	Component Database program timed out
Total: 4.0/12.0
----------
cgre0029 feedback - 2023-03-28 07-16-52
----- Collatz Tests -----
	Tests:
		Test 1 passed
		Test 2 passed
		Test 3 passed
----- Component Database Tests -----
	Component Database program timed out
Total: 4.0/12.0
----------
cgre0029 feedback - 2023-03-27 16-05-02
----- Collatz Tests -----
	Tests:
		Test 1 passed
		Test 2 passed
		Test 3 passed
----- Component Database Tests -----
	Component Database program timed out
Total: 4.0/12.0
----------
cgre0029 feedback - 2023-03-27 15-47-17
----- Collatz Tests -----
	Tests:
		Test 1 passed
		Test 2 passed
		Test 3 passed
----- Component Database Tests -----
	Component Database program timed out
Total: 4.0/12.0
----------
cgre0029 feedback - 2023-03-27 15-28-36
----- Collatz Tests -----
	Tests:
		Test 1 passed
		Test 2 passed
		Test 3 passed
----- Component Database Tests -----
	Component Database program timed out
Total: 4.0/12.0
----------
cgre0029 feedback - 2023-03-27 15-11-10
----- Collatz Tests -----
	Tests:
		Test 1 passed
		Test 2 passed
		Test 3 passed
----- Component Database Tests -----
	component_database.c did not compile
Total: 4.0/12.0
----------
cgre0029 feedback - 2023-03-27 14-52-07
----- Collatz Tests -----
	Tests:
		Test 1 passed
		Test 2 passed
		Test 3 passed
----- Component Database Tests -----
	component_database.c did not compile
Total: 4.0/12.0
----------
cgre0029 feedback - 2023-03-27 14-33-45
----- Collatz Tests -----
	Tests:
		Test 1 passed
		Test 2 passed
		Test 3 passed
----- Component Database Tests -----
	component_database.c did not compile
Total: 4.0/12.0
----------
cgre0029 feedback - 2023-03-27 11-22-07
----- Collatz Tests -----
	Tests:
		Test 1 passed
		Test 2 passed
		Test 3 passed
----- Component Database Tests -----
	component_database.c did not compile
Total: 4.0/12.0
----------
cgre0029 feedback - 2023-03-27 11-03-39
----- Collatz Tests -----
	Tests:
		Test 1 passed
		Test 2 passed
		Test 3 passed
----- Component Database Tests -----
	component_database.c did not compile
Total: 4.0/12.0
----------
cgre0029 feedback - 2023-03-27 10-46-14
----- Collatz Tests -----
	Tests:
		Test 1 passed
		Test 2 passed
		Test 3 passed
----- Component Database Tests -----
	component_database.c did not compile
Total: 4.0/12.0
----------
cgre0029 feedback - 2023-03-27 10-26-03
----- Collatz Tests -----
	Tests:
		Test 1 passed
		Test 2 passed
		Test 3 passed
----- Component Database Tests -----
	component_database.c did not compile
Total: 4.0/12.0
----------
cgre0029 feedback - 2023-03-27 02-30-39
----- Collatz Tests -----
	Tests:
		Test 1 passed
		Test 2 passed
		Test 3 passed
----- Component Database Tests -----
	component_database.c did not compile
Total: 4.0/12.0
----------
cgre0029 feedback - 2023-03-27 02-16-50
----- Collatz Tests -----
	Tests:
		Test 1 passed
		Test 2 passed
		Test 3 passed
----- Component Database Tests -----
	component_database.c did not compile
Total: 4.0/12.0
----------
cgre0029 feedback - 2023-03-20 16-58-19
----- Collatz Tests -----
	collatz.c was not found
	Tests:
		Test 1 failed
			Input:  35
			Output: 
			Expected: 35 106 53 160 80 40 20 10 5 16 8 4 2 1
		Test 2 failed
			Input:  28
			Output: 
			Expected: 28 14 7 22 11 34 17 52 26 13 40 20 10 5 16 8 4 2 1
		Test 3 failed
			Input:  2071
			Output: 
			Expected: 2071 6214 3107 9322 4661 13984 6992 3496 1748 874 437 1312 656 328 164 82 41 124 62 31 94 47 142 71 214 107 322 161 484 242 121 364 182 91 274 137 412 206 103 310 155 466 233 700 350 175 526 263 790 395 1186 593 1780 890 445 1336 668 334 167 502 251 754 377 1132 566 283 850 425 1276 638 319 958 479 1438 719 2158 1079 3238 1619 4858 2429 7288 3644 1822 911 2734 1367 4102 2051 6154 3077 9232 4616 2308 1154 577 1732 866 433 1300 650 325 976 488 244 122 61 184 92 46 23 70 35 106 53 160 80 40 20 10 5 16 8 4 2 1
----- Component Database Tests -----
	component_database.c was not found
	Tests:
		Test 1 failed (insert and search)
			Input:
				insert Resistor 120 R 59 0.5
				insert Resistor 330 R 100 0.5
				search Resistor 120 R
				quit
			Output:
				
			Expected: Component: Resistor 120 R, quantity: 59, price: 0.50
		Test 2 failed (insert and print)
			Input:
				insert Resistor 120 R 59 0.5
				insert Resistor 330 R 100 0.5
				print
				quit
			Output:
				
			Expected:
				Component: Resistor 330 R, quantity: 100, price: 0.50
				Component: Resistor 120 R, quantity: 59, price: 0.50
		Test 3 failed (insert, update price, and print)
			Input:
				insert Resistor 120 R 59 0.5
				insert Resistor 120 R 10 0.4
				print
				quit
			Output:
				
			Expected: Component: Resistor 120 R, quantity: 69, price: 0.40
		Test 4 failed (insert, remove and print)
			Input:
				insert Resistor 120 R 59 0.5
				remove Resistor 120 R 10
				print
				quit
			Output:
				
			Expected: Component: Resistor 120 R, quantity: 49, price: 0.50
		Test 5 failed (insert, remove completely (head), and print)
			Input:
				insert Resistor 120 R 59 0.5
				insert Capacitor 47 nF 509 10.7
				remove Capacitor 47 nF 509
				print
				quit
			Output:
				
			Expected: Component: Resistor 120 R, quantity: 59, price: 0.50
		Test 6 failed (insert, remove completely (not head), and print)
			Input:
				insert Resistor 120 R 59 0.5
				insert Capacitor 47 nF 509 10.7
				remove Resistor 120 R 59
				print
				quit
			Output:
				
			Expected: Component: Capacitor 47 nF, quantity: 509, price: 10.70
		Test 7 failed (insert and export)
			Input:
				insert Resistor 120 R 59 0.5
				insert Resistor 330 M 123 0.15
				export components.txt
				quit
			Output:
				cat: student_folder/lab4/cgre0029/temp/outputs/components.txt: No such file or directory
			Expected in components.txt:
				Component: Resistor 330 M, quantity: 123, price: 0.15
				Component: Resistor 120 R, quantity: 59, price: 0.50
Total: 0.0/12.0
























